#
# A fatal error has been detected by the Java Runtime Environment:
#
#  EXCEPTION_ACCESS_VIOLATION (0xc0000005) at pc=0x00007fffe92f3416, pid=7964, tid=15380
#
# JRE version: OpenJDK Runtime Environment (14.0.2+12) (build 14.0.2+12-46)
# Java VM: OpenJDK 64-Bit Server VM (14.0.2+12-46, mixed mode, tiered, compressed oops, g1 gc, windows-amd64)
# Problematic frame:
# C  [ntdll.dll+0x63416]
#
# No core dump will be written. Minidumps are not enabled by default on client versions of Windows
#
# If you would like to submit a bug report, please visit:
#   https://bugreport.java.com/bugreport/crash.jsp
# The crash happened outside the Java Virtual Machine in native code.
# See problematic frame for where to report the bug.
#

---------------  S U M M A R Y ------------

Command Line: -Dfile.encoding=Cp1252 -XX:+ShowCodeDetailsInExceptionMessages com.sunsigne.reversedrebecca.system.mainloop.Game

Host: Intel(R) Core(TM) i5-10400F CPU @ 2.90GHz, 12 cores, 15G,  Windows 10 , 64 bit Build 19041 (10.0.19041.1741)
Time: Fri Jun 24 13:29:08 2022 Île Maurice elapsed time: 37 seconds (0d 0h 0m 37s)

---------------  T H R E A D  ---------------

Current thread (0x000002539fe5c800):  JavaThread "Reversed Rebecca_main" [_thread_in_native, id=15380, stack(0x000000a171b00000,0x000000a171c00000)]

Stack: [0x000000a171b00000,0x000000a171c00000],  sp=0x000000a171bfe6f0,  free space=1017k
Native frames: (J=compiled Java code, j=interpreted, Vv=VM code, C=native code)
C  [ntdll.dll+0x63416]
C  [ntdll.dll+0x2fcb4]
C  [ntdll.dll+0x2fae2]
C  0x00007fffd6f0fbdc

Java frames: (J=compiled Java code, j=interpreted, Vv=VM code)
j  sun.java2d.d3d.D3DSurfaceData.initOps(III)V+0 java.desktop@14.0.2
j  sun.java2d.d3d.D3DSurfaceData.<init>(Lsun/awt/windows/WComponentPeer;Lsun/java2d/d3d/D3DGraphicsConfig;IILjava/awt/Image;Ljava/awt/image/ColorModel;IILsun/java2d/pipe/hw/ExtendedBufferCapabilities$VSyncType;I)V+212 java.desktop@14.0.2
j  sun.java2d.d3d.D3DSurfaceData.createData(Lsun/awt/windows/WComponentPeer;Ljava/awt/Image;)Lsun/java2d/d3d/D3DSurfaceData;+117 java.desktop@14.0.2
j  sun.java2d.d3d.D3DVolatileSurfaceManager.initAcceleratedSurface()Lsun/java2d/SurfaceData;+68 java.desktop@14.0.2
j  sun.java2d.d3d.D3DVolatileSurfaceManager.restoreAcceleratedSurface()V+49 java.desktop@14.0.2
J 3224 c1 sun.awt.image.VolatileSurfaceManager.validate(Ljava/awt/GraphicsConfiguration;)I java.desktop@14.0.2 (213 bytes) @ 0x000002538479c3b4 [0x000002538479bd00+0x00000000000006b4]
J 3223 c1 sun.awt.image.SunVolatileImage.validate(Ljava/awt/GraphicsConfiguration;)I java.desktop@14.0.2 (9 bytes) @ 0x000002538479b8c4 [0x000002538479b7c0+0x0000000000000104]
J 3058 c1 java.awt.Component$FlipBufferStrategy.revalidate()V java.desktop@14.0.2 (145 bytes) @ 0x00000253847315fc [0x0000025384731120+0x00000000000004dc]
J 3057 c1 java.awt.Component$FlipBufferStrategy.getDrawGraphics()Ljava/awt/Graphics; java.desktop@14.0.2 (12 bytes) @ 0x0000025384730cc4 [0x0000025384730bc0+0x0000000000000104]
J 3053 c1 com.sunsigne.reversedrebecca.system.mainloop.Game.render()V (59 bytes) @ 0x000002538472f774 [0x000002538472f440+0x0000000000000334]
J 2565% c2 com.sunsigne.reversedrebecca.system.mainloop.Game.run()V (145 bytes) @ 0x000002538b7f393c [0x000002538b7f38c0+0x000000000000007c]
j  java.lang.Thread.run()V+11 java.base@14.0.2
v  ~StubRoutines::call_stub

siginfo: EXCEPTION_ACCESS_VIOLATION (0xc0000005), writing address 0x0000000000000024


Register to memory mapping:

RIP=0x00007fffe92f3416 ntdll.dll
RAX=0x0 is NULL
RBX=0x00000253a1629708 points into unknown readable memory: 00 00 00 00 00 00 00 00
RCX=0x00000253a1629708 points into unknown readable memory: 00 00 00 00 00 00 00 00
RDX=0x00000000fffffffa is an unknown value
RSP=0x000000a171bfe6f0 is pointing into the stack for thread: 0x000002539fe5c800
RBP=0x0000000000010000 is an unknown value
RSI=0x0 is NULL
RDI=0x0 is NULL
R8 =0x0 is NULL
R9 =0x00000253a1629700 points into unknown readable memory: 10 3f 05 d7 ff 7f 00 00
R10=0x00000253a27c21a0 points into unknown readable memory: 03 00 00 00 1e 00 00 00
R11=0x00000253a27984a0 points into unknown readable memory: 60 32 58 c7 ff 7f 00 00
R12=0x0 is NULL
R13=0x000000a16fa4d000 points into unknown readable memory: 00 00 00 00 00 00 00 00
R14=0x0000000000000001 is an unknown value
R15=0x0 is NULL


Registers:
RAX=0x0000000000000000, RBX=0x00000253a1629708, RCX=0x00000253a1629708, RDX=0x00000000fffffffa
RSP=0x000000a171bfe6f0, RBP=0x0000000000010000, RSI=0x0000000000000000, RDI=0x0000000000000000
R8 =0x0000000000000000, R9 =0x00000253a1629700, R10=0x00000253a27c21a0, R11=0x00000253a27984a0
R12=0x0000000000000000, R13=0x000000a16fa4d000, R14=0x0000000000000001, R15=0x0000000000000000
RIP=0x00007fffe92f3416, EFLAGS=0x0000000000010213

Top of Stack: (sp=0x000000a171bfe6f0)
0x000000a171bfe6f0:   ffffffffffffffff 00000253a1629708
0x000000a171bfe700:   0000000000000000 000000a171bfe6b8
0x000000a171bfe710:   000000a171bfe6f9 0000000800000005
0x000000a171bfe720:   00000253fdae0200 0000000000000000
0x000000a171bfe730:   0000e169c9243400 00000253fffffffa
0x000000a171bfe740:   000000a16fa4d000 0000000000000000
0x000000a171bfe750:   00000253aa59aa48 0000000000000000
0x000000a171bfe760:   000002539fe5c800 00007fffc75cd300
0x000000a171bfe770:   000002539fe5cb10 00007fff642b82b5
0x000000a171bfe780:   0000e94a28b33b5c 00007fffe92bb3c7
0x000000a171bfe790:   000002539fe5c800 0000000000000001
0x000000a171bfe7a0:   0000000000000001 0000000000000001
0x000000a171bfe7b0:   0000000000000000 00000253a1629708
0x000000a171bfe7c0:   0000000000010000 00007fffe92bfcb4
0x000000a171bfe7d0:   000000a171bfe178 000002539fe5c800
0x000000a171bfe7e0:   00000000fffffffa 0000000000000000 

Instructions: (pc=0x00007fffe92f3416)
0x00007fffe92f3316:   20 e9 ed fe ff ff 48 89 41 18 e9 e4 fe ff ff cc
0x00007fffe92f3326:   cc cc cc cc cc cc cc cc cc cc 80 3d d1 81 10 00
0x00007fffe92f3336:   00 0f 95 c0 c3 cc cc cc cc cc cc cc cc cc cc cc
0x00007fffe92f3346:   cc cc cc cc cc cc cc cc cc cc 48 83 ec 38 8b 05
0x00007fffe92f3356:   d2 67 10 00 89 44 24 20 e8 41 02 00 00 48 83 c4
0x00007fffe92f3366:   38 c3 cc cc cc cc cc cc cc cc 48 89 5c 24 18 55
0x00007fffe92f3376:   56 57 41 54 41 55 41 56 41 57 48 81 ec a0 00 00
0x00007fffe92f3386:   00 48 8b 05 82 01 12 00 48 33 c4 48 89 84 24 90
0x00007fffe92f3396:   00 00 00 65 4c 8b 2c 25 30 00 00 00 48 8d 05 4f
0x00007fffe92f33a6:   21 10 00 40 32 ed 89 54 24 48 33 f6 40 88 6c 24
0x00007fffe92f33b6:   40 4c 89 6c 24 50 48 8b d9 44 8b e6 48 3b c8 0f
0x00007fffe92f33c6:   84 39 01 00 00 40 38 35 36 81 10 00 0f 85 a8 01
0x00007fffe92f33d6:   00 00 39 35 4a 81 10 00 0f 85 6a 01 00 00 40 38
0x00007fffe92f33e6:   35 0d 7c 10 00 48 8d 3d 0e 7c 10 00 48 0f 45 fe
0x00007fffe92f33f6:   48 39 73 18 0f 84 d2 00 00 00 48 8b 03 48 83 f8
0x00007fffe92f3406:   ff 0f 84 d2 00 00 00 44 8b fe 48 83 f8 ff 74 03
0x00007fffe92f3416:   ff 40 24 4c 8b 73 18 4c 8d 2d d4 20 10 00 bd 22
0x00007fffe92f3426:   17 00 00 e8 22 14 fc ff 85 c0 0f 85 be b2 05 00
0x00007fffe92f3436:   b9 82 03 fe 7f 80 39 00 0f 85 cc b2 05 00 49 83
0x00007fffe92f3446:   fe ff 0f 85 5a b3 05 00 4c 8b cf c7 44 24 20 00
0x00007fffe92f3456:   00 00 00 41 b8 04 00 00 00 48 8d 54 24 48 48 8d
0x00007fffe92f3466:   4b 08 e8 37 01 00 00 3d 02 01 00 00 0f 84 43 b3
0x00007fffe92f3476:   05 00 8b 4b 08 89 4c 24 48 f6 c1 02 75 ca 3d 02
0x00007fffe92f3486:   01 00 00 0f 84 2c b3 05 00 0f b6 6c 24 40 4c 8b
0x00007fffe92f3496:   6c 24 50 85 c0 0f 88 78 b4 05 00 40 84 ed 75 73
0x00007fffe92f34a6:   48 8b 8c 24 90 00 00 00 48 33 cc e8 7a 8d 02 00
0x00007fffe92f34b6:   48 8b 9c 24 f0 00 00 00 48 81 c4 a0 00 00 00 41
0x00007fffe92f34c6:   5f 41 5e 41 5d 41 5c 5f 5e 5d c3 cc 48 8b cb e8
0x00007fffe92f34d6:   56 05 00 00 e9 21 ff ff ff 8b 4b 20 48 c7 c0 ff
0x00007fffe92f34e6:   ff ff ff 48 0f ba e1 18 0f 82 19 ff ff ff 48 8b
0x00007fffe92f34f6:   cb e8 44 e3 fa ff 48 8b 03 e9 09 ff ff ff c6 44
0x00007fffe92f3506:   24 40 01 41 c7 85 60 17 00 00 01 00 00 00 e9 b2 


Stack slot to memory mapping:
stack at sp + 0 slots: 0xffffffffffffffff is an unknown value
stack at sp + 1 slots: 0x00000253a1629708 points into unknown readable memory: 00 00 00 00 00 00 00 00
stack at sp + 2 slots: 0x0 is NULL
stack at sp + 3 slots: 0x000000a171bfe6b8 is pointing into the stack for thread: 0x000002539fe5c800
stack at sp + 4 slots: 0x000000a171bfe6f9 is pointing into the stack for thread: 0x000002539fe5c800
stack at sp + 5 slots: 0x0000000800000005 is pointing into metadata
stack at sp + 6 slots: 0x00000253fdae0200 points into unknown readable memory: 24 00 00 00 00 00 00 00
stack at sp + 7 slots: 0x0 is NULL


---------------  P R O C E S S  ---------------

Threads class SMR info:
_java_thread_list=0x00000253a1df2410, length=31, elements={
0x000002539fe05800, 0x000002539fe06800, 0x000002539fe3f800, 0x000002539fe41000,
0x000002539fe43000, 0x000002539fe4a800, 0x000002539fe51800, 0x000002539fe5f800,
0x000002539fe61800, 0x000002539fe60800, 0x000002539fe5b800, 0x000002539fe5d000,
0x000002539fe62000, 0x000002539fe5c800, 0x00000253a161e000, 0x00000253a161e800,
0x00000253a161d000, 0x00000253a161f800, 0x00000253a161b800, 0x00000253a1619800,
0x00000253a1620000, 0x00000253a1621000, 0x00000253a1622000, 0x00000253a161c000,
0x00000253a1626000, 0x00000253a1627000, 0x00000253a1628800, 0x00000253a1627800,
0x00000253a1622800, 0x00000253a1623800, 0x000002539fe5e000
}

Java Threads: ( => current thread )
  0x000002539fe05800 JavaThread "Reference Handler" daemon [_thread_blocked, id=6076, stack(0x000000a170700000,0x000000a170800000)]
  0x000002539fe06800 JavaThread "Finalizer" daemon [_thread_blocked, id=9792, stack(0x000000a170800000,0x000000a170900000)]
  0x000002539fe3f800 JavaThread "Signal Dispatcher" daemon [_thread_blocked, id=12636, stack(0x000000a170900000,0x000000a170a00000)]
  0x000002539fe41000 JavaThread "Attach Listener" daemon [_thread_blocked, id=6432, stack(0x000000a170a00000,0x000000a170b00000)]
  0x000002539fe43000 JavaThread "Service Thread" daemon [_thread_blocked, id=8936, stack(0x000000a170b00000,0x000000a170c00000)]
  0x000002539fe4a800 JavaThread "C2 CompilerThread0" daemon [_thread_blocked, id=5032, stack(0x000000a170c00000,0x000000a170d00000)]
  0x000002539fe51800 JavaThread "C1 CompilerThread0" daemon [_thread_blocked, id=10356, stack(0x000000a170d00000,0x000000a170e00000)]
  0x000002539fe5f800 JavaThread "Sweeper thread" daemon [_thread_blocked, id=17040, stack(0x000000a170e00000,0x000000a170f00000)]
  0x000002539fe61800 JavaThread "Notification Thread" daemon [_thread_blocked, id=19860, stack(0x000000a170f00000,0x000000a171000000)]
  0x000002539fe60800 JavaThread "Common-Cleaner" daemon [_thread_blocked, id=9828, stack(0x000000a171100000,0x000000a171200000)]
  0x000002539fe5b800 JavaThread "Java2D Disposer" daemon [_thread_blocked, id=2000, stack(0x000000a171200000,0x000000a171300000)]
  0x000002539fe5d000 JavaThread "AWT-Shutdown" [_thread_blocked, id=13876, stack(0x000000a171400000,0x000000a171500000)]
  0x000002539fe62000 JavaThread "AWT-EventQueue-0" [_thread_blocked, id=18764, stack(0x000000a171a00000,0x000000a171b00000)]
=>0x000002539fe5c800 JavaThread "Reversed Rebecca_main" [_thread_in_native, id=15380, stack(0x000000a171b00000,0x000000a171c00000)]
  0x00000253a161e000 JavaThread "DestroyJavaVM" [_thread_blocked, id=19120, stack(0x000000a170000000,0x000000a170100000)]
  0x00000253a161e800 JavaThread "Java Sound Event Dispatcher" daemon [_thread_blocked, id=14480, stack(0x000000a172400000,0x000000a172500000)]
  0x00000253a161d000 JavaThread "Direct Clip" daemon [_thread_blocked, id=10588, stack(0x000000a172800000,0x000000a172900000)]
  0x00000253a161f800 JavaThread "Direct Clip" daemon [_thread_blocked, id=6416, stack(0x000000a172b00000,0x000000a172c00000)]
  0x00000253a161b800 JavaThread "Direct Clip" daemon [_thread_blocked, id=6428, stack(0x000000a172d00000,0x000000a172e00000)]
  0x00000253a1619800 JavaThread "Direct Clip" daemon [_thread_blocked, id=9664, stack(0x000000a171600000,0x000000a171700000)]
  0x00000253a1620000 JavaThread "Direct Clip" daemon [_thread_blocked, id=4316, stack(0x000000a172c00000,0x000000a172d00000)]
  0x00000253a1621000 JavaThread "Direct Clip" daemon [_thread_blocked, id=10560, stack(0x000000a172e00000,0x000000a172f00000)]
  0x00000253a1622000 JavaThread "Direct Clip" daemon [_thread_blocked, id=8684, stack(0x000000a172f00000,0x000000a173000000)]
  0x00000253a161c000 JavaThread "Direct Clip" daemon [_thread_blocked, id=1240, stack(0x000000a173000000,0x000000a173100000)]
  0x00000253a1626000 JavaThread "Direct Clip" daemon [_thread_blocked, id=10780, stack(0x000000a173100000,0x000000a173200000)]
  0x00000253a1627000 JavaThread "Direct Clip" daemon [_thread_blocked, id=2632, stack(0x000000a173200000,0x000000a173300000)]
  0x00000253a1628800 JavaThread "Direct Clip" daemon [_thread_blocked, id=16360, stack(0x000000a171800000,0x000000a171900000)]
  0x00000253a1627800 JavaThread "Direct Clip" daemon [_thread_blocked, id=14856, stack(0x000000a173300000,0x000000a173400000)]
  0x00000253a1622800 JavaThread "Direct Clip" daemon [_thread_blocked, id=9596, stack(0x000000a173400000,0x000000a173500000)]
  0x00000253a1623800 JavaThread "Direct Clip" daemon [_thread_blocked, id=15552, stack(0x000000a173500000,0x000000a173600000)]
  0x000002539fe5e000 JavaThread "ToolkitShutdown" daemon [_thread_in_native, id=12536, stack(0x000000a173800000,0x000000a173900000)]

Other Threads:
  0x000002539fded000 VMThread "VM Thread" [stack: 0x000000a170600000,0x000000a170700000] [id=6444]
  0x000002539ffe6800 WatcherThread [stack: 0x000000a171000000,0x000000a171100000] [id=8688]
  0x00000253ffddf800 GCTaskThread "GC Thread#0" [stack: 0x000000a170100000,0x000000a170200000] [id=12080]
  0x00000253a2d70800 GCTaskThread "GC Thread#1" [stack: 0x000000a171d00000,0x000000a171e00000] [id=13000]
  0x00000253a2d75000 GCTaskThread "GC Thread#2" [stack: 0x000000a171e00000,0x000000a171f00000] [id=8612]
  0x00000253a2d76000 GCTaskThread "GC Thread#3" [stack: 0x000000a171f00000,0x000000a172000000] [id=11500]
  0x00000253a2e3e800 GCTaskThread "GC Thread#4" [stack: 0x000000a172000000,0x000000a172100000] [id=12920]
  0x00000253a2e3f000 GCTaskThread "GC Thread#5" [stack: 0x000000a172100000,0x000000a172200000] [id=1308]
  0x00000253a2e42800 GCTaskThread "GC Thread#6" [stack: 0x000000a172200000,0x000000a172300000] [id=7012]
  0x00000253a2e6e800 GCTaskThread "GC Thread#7" [stack: 0x000000a172300000,0x000000a172400000] [id=8048]
  0x00000253ffe02800 ConcurrentGCThread "G1 Main Marker" [stack: 0x000000a170200000,0x000000a170300000] [id=1744]
  0x00000253ffe06000 ConcurrentGCThread "G1 Conc#0" [stack: 0x000000a170300000,0x000000a170400000] [id=784]
  0x000002539f409800 ConcurrentGCThread "G1 Refine#0" [stack: 0x000000a170400000,0x000000a170500000] [id=19828]
  0x000002539f40a800 ConcurrentGCThread "G1 Young RemSet Sampling" [stack: 0x000000a170500000,0x000000a170600000] [id=20284]

Threads with active compile tasks:

VM state:not at safepoint (normal execution)

VM Mutex/Monitor currently owned by a thread: None

Heap address: 0x0000000701600000, size: 4074 MB, Compressed Oops mode: Zero based, Oop shift amount: 3
Narrow klass base: 0x0000000800000000, Narrow klass shift: 0
Compressed class space size: 1073741824 Address: 0x0000000800000000

Heap:
 garbage-first heap   total 262144K, used 33747K [0x0000000701600000, 0x0000000800000000)
  region size 1024K, 23 young (23552K), 2 survivors (2048K)
 Metaspace       used 19552K, capacity 19926K, committed 20096K, reserved 1067008K
  class space    used 1989K, capacity 2133K, committed 2176K, reserved 1048576K
Heap Regions: E=young(eden), S=young(survivor), O=old, HS=humongous(starts), HC=humongous(continues), CS=collection set, F=free, OA=open archive, CA=closed archive, TAMS=top-at-mark-start (previous, next)
|   0|0x0000000701600000, 0x0000000701700000, 0x0000000701700000|100%| O|  |TAMS 0x0000000701600000, 0x0000000701600000| Untracked 
|   1|0x0000000701700000, 0x0000000701800000, 0x0000000701800000|100%| O|  |TAMS 0x0000000701700000, 0x0000000701700000| Untracked 
|   2|0x0000000701800000, 0x0000000701900000, 0x0000000701900000|100%| O|  |TAMS 0x0000000701800000, 0x0000000701800000| Untracked 
|   3|0x0000000701900000, 0x0000000701965400, 0x0000000701a00000| 39%| O|  |TAMS 0x0000000701900000, 0x0000000701900000| Untracked 
|   4|0x0000000701a00000, 0x0000000701b00000, 0x0000000701b00000|100%|HS|  |TAMS 0x0000000701a00000, 0x0000000701a00000| Complete 
|   5|0x0000000701b00000, 0x0000000701c00000, 0x0000000701c00000|100%|HC|  |TAMS 0x0000000701b00000, 0x0000000701b00000| Complete 
|   6|0x0000000701c00000, 0x0000000701d00000, 0x0000000701d00000|100%|HC|  |TAMS 0x0000000701c00000, 0x0000000701c00000| Complete 
|   7|0x0000000701d00000, 0x0000000701e00000, 0x0000000701e00000|100%|HC|  |TAMS 0x0000000701d00000, 0x0000000701d00000| Complete 
|   8|0x0000000701e00000, 0x0000000701f00000, 0x0000000701f00000|100%|HC|  |TAMS 0x0000000701e00000, 0x0000000701e00000| Complete 
|   9|0x0000000701f00000, 0x0000000702000000, 0x0000000702000000|100%|HC|  |TAMS 0x0000000701f00000, 0x0000000701f00000| Complete 
|  10|0x0000000702000000, 0x0000000702100000, 0x0000000702100000|100%|HC|  |TAMS 0x0000000702000000, 0x0000000702000000| Complete 
|  11|0x0000000702100000, 0x0000000702200000, 0x0000000702200000|100%|HC|  |TAMS 0x0000000702100000, 0x0000000702100000| Complete 
|  12|0x0000000702200000, 0x0000000702200000, 0x0000000702300000|  0%| F|  |TAMS 0x0000000702200000, 0x0000000702200000| Untracked 
|  13|0x0000000702300000, 0x0000000702300000, 0x0000000702400000|  0%| F|  |TAMS 0x0000000702300000, 0x0000000702300000| Untracked 
|  14|0x0000000702400000, 0x0000000702400000, 0x0000000702500000|  0%| F|  |TAMS 0x0000000702400000, 0x0000000702400000| Untracked 
|  15|0x0000000702500000, 0x0000000702500000, 0x0000000702600000|  0%| F|  |TAMS 0x0000000702500000, 0x0000000702500000| Untracked 
|  16|0x0000000702600000, 0x0000000702600000, 0x0000000702700000|  0%| F|  |TAMS 0x0000000702600000, 0x0000000702600000| Untracked 
|  17|0x0000000702700000, 0x0000000702700000, 0x0000000702800000|  0%| F|  |TAMS 0x0000000702700000, 0x0000000702700000| Untracked 
|  18|0x0000000702800000, 0x0000000702800000, 0x0000000702900000|  0%| F|  |TAMS 0x0000000702800000, 0x0000000702800000| Untracked 
|  19|0x0000000702900000, 0x0000000702900000, 0x0000000702a00000|  0%| F|  |TAMS 0x0000000702900000, 0x0000000702900000| Untracked 
|  20|0x0000000702a00000, 0x0000000702a00000, 0x0000000702b00000|  0%| F|  |TAMS 0x0000000702a00000, 0x0000000702a00000| Untracked 
|  21|0x0000000702b00000, 0x0000000702b00000, 0x0000000702c00000|  0%| F|  |TAMS 0x0000000702b00000, 0x0000000702b00000| Untracked 
|  22|0x0000000702c00000, 0x0000000702c00000, 0x0000000702d00000|  0%| F|  |TAMS 0x0000000702c00000, 0x0000000702c00000| Untracked 
|  23|0x0000000702d00000, 0x0000000702d00000, 0x0000000702e00000|  0%| F|  |TAMS 0x0000000702d00000, 0x0000000702d00000| Untracked 
|  24|0x0000000702e00000, 0x0000000702e00000, 0x0000000702f00000|  0%| F|  |TAMS 0x0000000702e00000, 0x0000000702e00000| Untracked 
|  25|0x0000000702f00000, 0x0000000702f00000, 0x0000000703000000|  0%| F|  |TAMS 0x0000000702f00000, 0x0000000702f00000| Untracked 
|  26|0x0000000703000000, 0x0000000703000000, 0x0000000703100000|  0%| F|  |TAMS 0x0000000703000000, 0x0000000703000000| Untracked 
|  27|0x0000000703100000, 0x0000000703100000, 0x0000000703200000|  0%| F|  |TAMS 0x0000000703100000, 0x0000000703100000| Untracked 
|  28|0x0000000703200000, 0x0000000703200000, 0x0000000703300000|  0%| F|  |TAMS 0x0000000703200000, 0x0000000703200000| Untracked 
|  29|0x0000000703300000, 0x0000000703300000, 0x0000000703400000|  0%| F|  |TAMS 0x0000000703300000, 0x0000000703300000| Untracked 
|  30|0x0000000703400000, 0x0000000703400000, 0x0000000703500000|  0%| F|  |TAMS 0x0000000703400000, 0x0000000703400000| Untracked 
|  31|0x0000000703500000, 0x0000000703500000, 0x0000000703600000|  0%| F|  |TAMS 0x0000000703500000, 0x0000000703500000| Untracked 
|  32|0x0000000703600000, 0x0000000703600000, 0x0000000703700000|  0%| F|  |TAMS 0x0000000703600000, 0x0000000703600000| Untracked 
|  33|0x0000000703700000, 0x0000000703700000, 0x0000000703800000|  0%| F|  |TAMS 0x0000000703700000, 0x0000000703700000| Untracked 
|  34|0x0000000703800000, 0x0000000703800000, 0x0000000703900000|  0%| F|  |TAMS 0x0000000703800000, 0x0000000703800000| Untracked 
|  35|0x0000000703900000, 0x0000000703900000, 0x0000000703a00000|  0%| F|  |TAMS 0x0000000703900000, 0x0000000703900000| Untracked 
|  36|0x0000000703a00000, 0x0000000703a00000, 0x0000000703b00000|  0%| F|  |TAMS 0x0000000703a00000, 0x0000000703a00000| Untracked 
|  37|0x0000000703b00000, 0x0000000703b00000, 0x0000000703c00000|  0%| F|  |TAMS 0x0000000703b00000, 0x0000000703b00000| Untracked 
|  38|0x0000000703c00000, 0x0000000703c00000, 0x0000000703d00000|  0%| F|  |TAMS 0x0000000703c00000, 0x0000000703c00000| Untracked 
|  39|0x0000000703d00000, 0x0000000703d00000, 0x0000000703e00000|  0%| F|  |TAMS 0x0000000703d00000, 0x0000000703d00000| Untracked 
|  40|0x0000000703e00000, 0x0000000703e00000, 0x0000000703f00000|  0%| F|  |TAMS 0x0000000703e00000, 0x0000000703e00000| Untracked 
|  41|0x0000000703f00000, 0x0000000703f00000, 0x0000000704000000|  0%| F|  |TAMS 0x0000000703f00000, 0x0000000703f00000| Untracked 
|  42|0x0000000704000000, 0x0000000704000000, 0x0000000704100000|  0%| F|  |TAMS 0x0000000704000000, 0x0000000704000000| Untracked 
|  43|0x0000000704100000, 0x0000000704100000, 0x0000000704200000|  0%| F|  |TAMS 0x0000000704100000, 0x0000000704100000| Untracked 
|  44|0x0000000704200000, 0x0000000704200000, 0x0000000704300000|  0%| F|  |TAMS 0x0000000704200000, 0x0000000704200000| Untracked 
|  45|0x0000000704300000, 0x0000000704300000, 0x0000000704400000|  0%| F|  |TAMS 0x0000000704300000, 0x0000000704300000| Untracked 
|  46|0x0000000704400000, 0x0000000704400000, 0x0000000704500000|  0%| F|  |TAMS 0x0000000704400000, 0x0000000704400000| Untracked 
|  47|0x0000000704500000, 0x0000000704500000, 0x0000000704600000|  0%| F|  |TAMS 0x0000000704500000, 0x0000000704500000| Untracked 
|  48|0x0000000704600000, 0x0000000704600000, 0x0000000704700000|  0%| F|  |TAMS 0x0000000704600000, 0x0000000704600000| Untracked 
|  49|0x0000000704700000, 0x0000000704700000, 0x0000000704800000|  0%| F|  |TAMS 0x0000000704700000, 0x0000000704700000| Untracked 
|  50|0x0000000704800000, 0x0000000704800000, 0x0000000704900000|  0%| F|  |TAMS 0x0000000704800000, 0x0000000704800000| Untracked 
|  51|0x0000000704900000, 0x0000000704900000, 0x0000000704a00000|  0%| F|  |TAMS 0x0000000704900000, 0x0000000704900000| Untracked 
|  52|0x0000000704a00000, 0x0000000704a00000, 0x0000000704b00000|  0%| F|  |TAMS 0x0000000704a00000, 0x0000000704a00000| Untracked 
|  53|0x0000000704b00000, 0x0000000704b00000, 0x0000000704c00000|  0%| F|  |TAMS 0x0000000704b00000, 0x0000000704b00000| Untracked 
|  54|0x0000000704c00000, 0x0000000704c00000, 0x0000000704d00000|  0%| F|  |TAMS 0x0000000704c00000, 0x0000000704c00000| Untracked 
|  55|0x0000000704d00000, 0x0000000704d00000, 0x0000000704e00000|  0%| F|  |TAMS 0x0000000704d00000, 0x0000000704d00000| Untracked 
|  56|0x0000000704e00000, 0x0000000704e00000, 0x0000000704f00000|  0%| F|  |TAMS 0x0000000704e00000, 0x0000000704e00000| Untracked 
|  57|0x0000000704f00000, 0x0000000704f00000, 0x0000000705000000|  0%| F|  |TAMS 0x0000000704f00000, 0x0000000704f00000| Untracked 
|  58|0x0000000705000000, 0x0000000705000000, 0x0000000705100000|  0%| F|  |TAMS 0x0000000705000000, 0x0000000705000000| Untracked 
|  59|0x0000000705100000, 0x0000000705100000, 0x0000000705200000|  0%| F|  |TAMS 0x0000000705100000, 0x0000000705100000| Untracked 
|  60|0x0000000705200000, 0x0000000705200000, 0x0000000705300000|  0%| F|  |TAMS 0x0000000705200000, 0x0000000705200000| Untracked 
|  61|0x0000000705300000, 0x0000000705300000, 0x0000000705400000|  0%| F|  |TAMS 0x0000000705300000, 0x0000000705300000| Untracked 
|  62|0x0000000705400000, 0x0000000705400000, 0x0000000705500000|  0%| F|  |TAMS 0x0000000705400000, 0x0000000705400000| Untracked 
|  63|0x0000000705500000, 0x0000000705500000, 0x0000000705600000|  0%| F|  |TAMS 0x0000000705500000, 0x0000000705500000| Untracked 
|  64|0x0000000705600000, 0x0000000705600000, 0x0000000705700000|  0%| F|  |TAMS 0x0000000705600000, 0x0000000705600000| Untracked 
|  65|0x0000000705700000, 0x0000000705700000, 0x0000000705800000|  0%| F|  |TAMS 0x0000000705700000, 0x0000000705700000| Untracked 
|  66|0x0000000705800000, 0x0000000705800000, 0x0000000705900000|  0%| F|  |TAMS 0x0000000705800000, 0x0000000705800000| Untracked 
|  67|0x0000000705900000, 0x0000000705900000, 0x0000000705a00000|  0%| F|  |TAMS 0x0000000705900000, 0x0000000705900000| Untracked 
|  68|0x0000000705a00000, 0x0000000705a00000, 0x0000000705b00000|  0%| F|  |TAMS 0x0000000705a00000, 0x0000000705a00000| Untracked 
|  69|0x0000000705b00000, 0x0000000705b00000, 0x0000000705c00000|  0%| F|  |TAMS 0x0000000705b00000, 0x0000000705b00000| Untracked 
|  70|0x0000000705c00000, 0x0000000705c00000, 0x0000000705d00000|  0%| F|  |TAMS 0x0000000705c00000, 0x0000000705c00000| Untracked 
|  71|0x0000000705d00000, 0x0000000705d00000, 0x0000000705e00000|  0%| F|  |TAMS 0x0000000705d00000, 0x0000000705d00000| Untracked 
|  72|0x0000000705e00000, 0x0000000705e00000, 0x0000000705f00000|  0%| F|  |TAMS 0x0000000705e00000, 0x0000000705e00000| Untracked 
|  73|0x0000000705f00000, 0x0000000705f00000, 0x0000000706000000|  0%| F|  |TAMS 0x0000000705f00000, 0x0000000705f00000| Untracked 
|  74|0x0000000706000000, 0x0000000706000000, 0x0000000706100000|  0%| F|  |TAMS 0x0000000706000000, 0x0000000706000000| Untracked 
|  75|0x0000000706100000, 0x0000000706100000, 0x0000000706200000|  0%| F|  |TAMS 0x0000000706100000, 0x0000000706100000| Untracked 
|  76|0x0000000706200000, 0x0000000706200000, 0x0000000706300000|  0%| F|  |TAMS 0x0000000706200000, 0x0000000706200000| Untracked 
|  77|0x0000000706300000, 0x0000000706300000, 0x0000000706400000|  0%| F|  |TAMS 0x0000000706300000, 0x0000000706300000| Untracked 
|  78|0x0000000706400000, 0x0000000706400000, 0x0000000706500000|  0%| F|  |TAMS 0x0000000706400000, 0x0000000706400000| Untracked 
|  79|0x0000000706500000, 0x0000000706500000, 0x0000000706600000|  0%| F|  |TAMS 0x0000000706500000, 0x0000000706500000| Untracked 
|  80|0x0000000706600000, 0x0000000706600000, 0x0000000706700000|  0%| F|  |TAMS 0x0000000706600000, 0x0000000706600000| Untracked 
|  81|0x0000000706700000, 0x0000000706700000, 0x0000000706800000|  0%| F|  |TAMS 0x0000000706700000, 0x0000000706700000| Untracked 
|  82|0x0000000706800000, 0x0000000706800000, 0x0000000706900000|  0%| F|  |TAMS 0x0000000706800000, 0x0000000706800000| Untracked 
|  83|0x0000000706900000, 0x0000000706900000, 0x0000000706a00000|  0%| F|  |TAMS 0x0000000706900000, 0x0000000706900000| Untracked 
|  84|0x0000000706a00000, 0x0000000706a00000, 0x0000000706b00000|  0%| F|  |TAMS 0x0000000706a00000, 0x0000000706a00000| Untracked 
|  85|0x0000000706b00000, 0x0000000706b00000, 0x0000000706c00000|  0%| F|  |TAMS 0x0000000706b00000, 0x0000000706b00000| Untracked 
|  86|0x0000000706c00000, 0x0000000706c00000, 0x0000000706d00000|  0%| F|  |TAMS 0x0000000706c00000, 0x0000000706c00000| Untracked 
|  87|0x0000000706d00000, 0x0000000706d00000, 0x0000000706e00000|  0%| F|  |TAMS 0x0000000706d00000, 0x0000000706d00000| Untracked 
|  88|0x0000000706e00000, 0x0000000706e00000, 0x0000000706f00000|  0%| F|  |TAMS 0x0000000706e00000, 0x0000000706e00000| Untracked 
|  89|0x0000000706f00000, 0x0000000706f00000, 0x0000000707000000|  0%| F|  |TAMS 0x0000000706f00000, 0x0000000706f00000| Untracked 
|  90|0x0000000707000000, 0x0000000707000000, 0x0000000707100000|  0%| F|  |TAMS 0x0000000707000000, 0x0000000707000000| Untracked 
|  91|0x0000000707100000, 0x0000000707100000, 0x0000000707200000|  0%| F|  |TAMS 0x0000000707100000, 0x0000000707100000| Untracked 
|  92|0x0000000707200000, 0x0000000707200000, 0x0000000707300000|  0%| F|  |TAMS 0x0000000707200000, 0x0000000707200000| Untracked 
|  93|0x0000000707300000, 0x0000000707300000, 0x0000000707400000|  0%| F|  |TAMS 0x0000000707300000, 0x0000000707300000| Untracked 
|  94|0x0000000707400000, 0x0000000707400000, 0x0000000707500000|  0%| F|  |TAMS 0x0000000707400000, 0x0000000707400000| Untracked 
|  95|0x0000000707500000, 0x0000000707500000, 0x0000000707600000|  0%| F|  |TAMS 0x0000000707500000, 0x0000000707500000| Untracked 
|  96|0x0000000707600000, 0x0000000707600000, 0x0000000707700000|  0%| F|  |TAMS 0x0000000707600000, 0x0000000707600000| Untracked 
|  97|0x0000000707700000, 0x0000000707700000, 0x0000000707800000|  0%| F|  |TAMS 0x0000000707700000, 0x0000000707700000| Untracked 
|  98|0x0000000707800000, 0x0000000707800000, 0x0000000707900000|  0%| F|  |TAMS 0x0000000707800000, 0x0000000707800000| Untracked 
|  99|0x0000000707900000, 0x0000000707900000, 0x0000000707a00000|  0%| F|  |TAMS 0x0000000707900000, 0x0000000707900000| Untracked 
| 100|0x0000000707a00000, 0x0000000707a00000, 0x0000000707b00000|  0%| F|  |TAMS 0x0000000707a00000, 0x0000000707a00000| Untracked 
| 101|0x0000000707b00000, 0x0000000707b00000, 0x0000000707c00000|  0%| F|  |TAMS 0x0000000707b00000, 0x0000000707b00000| Untracked 
| 102|0x0000000707c00000, 0x0000000707c00000, 0x0000000707d00000|  0%| F|  |TAMS 0x0000000707c00000, 0x0000000707c00000| Untracked 
| 103|0x0000000707d00000, 0x0000000707d8fa40, 0x0000000707e00000| 56%| S|CS|TAMS 0x0000000707d00000, 0x0000000707d00000| Complete 
| 104|0x0000000707e00000, 0x0000000707f00000, 0x0000000707f00000|100%| S|CS|TAMS 0x0000000707e00000, 0x0000000707e00000| Complete 
| 105|0x0000000707f00000, 0x0000000707f00000, 0x0000000708000000|  0%| F|  |TAMS 0x0000000707f00000, 0x0000000707f00000| Untracked 
| 106|0x0000000708000000, 0x0000000708000000, 0x0000000708100000|  0%| F|  |TAMS 0x0000000708000000, 0x0000000708000000| Untracked 
| 107|0x0000000708100000, 0x0000000708100000, 0x0000000708200000|  0%| F|  |TAMS 0x0000000708100000, 0x0000000708100000| Untracked 
| 108|0x0000000708200000, 0x0000000708200000, 0x0000000708300000|  0%| F|  |TAMS 0x0000000708200000, 0x0000000708200000| Untracked 
| 109|0x0000000708300000, 0x0000000708300000, 0x0000000708400000|  0%| F|  |TAMS 0x0000000708300000, 0x0000000708300000| Untracked 
| 110|0x0000000708400000, 0x0000000708400000, 0x0000000708500000|  0%| F|  |TAMS 0x0000000708400000, 0x0000000708400000| Untracked 
| 111|0x0000000708500000, 0x0000000708500000, 0x0000000708600000|  0%| F|  |TAMS 0x0000000708500000, 0x0000000708500000| Untracked 
| 112|0x0000000708600000, 0x0000000708600000, 0x0000000708700000|  0%| F|  |TAMS 0x0000000708600000, 0x0000000708600000| Untracked 
| 113|0x0000000708700000, 0x0000000708700000, 0x0000000708800000|  0%| F|  |TAMS 0x0000000708700000, 0x0000000708700000| Untracked 
| 114|0x0000000708800000, 0x0000000708800000, 0x0000000708900000|  0%| F|  |TAMS 0x0000000708800000, 0x0000000708800000| Untracked 
| 115|0x0000000708900000, 0x0000000708900000, 0x0000000708a00000|  0%| F|  |TAMS 0x0000000708900000, 0x0000000708900000| Untracked 
| 116|0x0000000708a00000, 0x0000000708a00000, 0x0000000708b00000|  0%| F|  |TAMS 0x0000000708a00000, 0x0000000708a00000| Untracked 
| 117|0x0000000708b00000, 0x0000000708b00000, 0x0000000708c00000|  0%| F|  |TAMS 0x0000000708b00000, 0x0000000708b00000| Untracked 
| 118|0x0000000708c00000, 0x0000000708c00000, 0x0000000708d00000|  0%| F|  |TAMS 0x0000000708c00000, 0x0000000708c00000| Untracked 
| 119|0x0000000708d00000, 0x0000000708d00000, 0x0000000708e00000|  0%| F|  |TAMS 0x0000000708d00000, 0x0000000708d00000| Untracked 
| 120|0x0000000708e00000, 0x0000000708e00000, 0x0000000708f00000|  0%| F|  |TAMS 0x0000000708e00000, 0x0000000708e00000| Untracked 
| 121|0x0000000708f00000, 0x0000000708f00000, 0x0000000709000000|  0%| F|  |TAMS 0x0000000708f00000, 0x0000000708f00000| Untracked 
| 122|0x0000000709000000, 0x0000000709000000, 0x0000000709100000|  0%| F|  |TAMS 0x0000000709000000, 0x0000000709000000| Untracked 
| 123|0x0000000709100000, 0x0000000709100000, 0x0000000709200000|  0%| F|  |TAMS 0x0000000709100000, 0x0000000709100000| Untracked 
| 124|0x0000000709200000, 0x0000000709200000, 0x0000000709300000|  0%| F|  |TAMS 0x0000000709200000, 0x0000000709200000| Untracked 
| 125|0x0000000709300000, 0x0000000709300000, 0x0000000709400000|  0%| F|  |TAMS 0x0000000709300000, 0x0000000709300000| Untracked 
| 126|0x0000000709400000, 0x0000000709400000, 0x0000000709500000|  0%| F|  |TAMS 0x0000000709400000, 0x0000000709400000| Untracked 
| 127|0x0000000709500000, 0x0000000709500000, 0x0000000709600000|  0%| F|  |TAMS 0x0000000709500000, 0x0000000709500000| Untracked 
| 128|0x0000000709600000, 0x0000000709600000, 0x0000000709700000|  0%| F|  |TAMS 0x0000000709600000, 0x0000000709600000| Untracked 
| 129|0x0000000709700000, 0x0000000709700000, 0x0000000709800000|  0%| F|  |TAMS 0x0000000709700000, 0x0000000709700000| Untracked 
| 130|0x0000000709800000, 0x0000000709800000, 0x0000000709900000|  0%| F|  |TAMS 0x0000000709800000, 0x0000000709800000| Untracked 
| 131|0x0000000709900000, 0x0000000709900000, 0x0000000709a00000|  0%| F|  |TAMS 0x0000000709900000, 0x0000000709900000| Untracked 
| 132|0x0000000709a00000, 0x0000000709a00000, 0x0000000709b00000|  0%| F|  |TAMS 0x0000000709a00000, 0x0000000709a00000| Untracked 
| 133|0x0000000709b00000, 0x0000000709b00000, 0x0000000709c00000|  0%| F|  |TAMS 0x0000000709b00000, 0x0000000709b00000| Untracked 
| 134|0x0000000709c00000, 0x0000000709c00000, 0x0000000709d00000|  0%| F|  |TAMS 0x0000000709c00000, 0x0000000709c00000| Untracked 
| 135|0x0000000709d00000, 0x0000000709d00000, 0x0000000709e00000|  0%| F|  |TAMS 0x0000000709d00000, 0x0000000709d00000| Untracked 
| 136|0x0000000709e00000, 0x0000000709e00000, 0x0000000709f00000|  0%| F|  |TAMS 0x0000000709e00000, 0x0000000709e00000| Untracked 
| 137|0x0000000709f00000, 0x0000000709f00000, 0x000000070a000000|  0%| F|  |TAMS 0x0000000709f00000, 0x0000000709f00000| Untracked 
| 138|0x000000070a000000, 0x000000070a000000, 0x000000070a100000|  0%| F|  |TAMS 0x000000070a000000, 0x000000070a000000| Untracked 
| 139|0x000000070a100000, 0x000000070a100000, 0x000000070a200000|  0%| F|  |TAMS 0x000000070a100000, 0x000000070a100000| Untracked 
| 140|0x000000070a200000, 0x000000070a200000, 0x000000070a300000|  0%| F|  |TAMS 0x000000070a200000, 0x000000070a200000| Untracked 
| 141|0x000000070a300000, 0x000000070a300000, 0x000000070a400000|  0%| F|  |TAMS 0x000000070a300000, 0x000000070a300000| Untracked 
| 142|0x000000070a400000, 0x000000070a400000, 0x000000070a500000|  0%| F|  |TAMS 0x000000070a400000, 0x000000070a400000| Untracked 
| 143|0x000000070a500000, 0x000000070a500000, 0x000000070a600000|  0%| F|  |TAMS 0x000000070a500000, 0x000000070a500000| Untracked 
| 144|0x000000070a600000, 0x000000070a600000, 0x000000070a700000|  0%| F|  |TAMS 0x000000070a600000, 0x000000070a600000| Untracked 
| 145|0x000000070a700000, 0x000000070a700000, 0x000000070a800000|  0%| F|  |TAMS 0x000000070a700000, 0x000000070a700000| Untracked 
| 146|0x000000070a800000, 0x000000070a800000, 0x000000070a900000|  0%| F|  |TAMS 0x000000070a800000, 0x000000070a800000| Untracked 
| 147|0x000000070a900000, 0x000000070a900000, 0x000000070aa00000|  0%| F|  |TAMS 0x000000070a900000, 0x000000070a900000| Untracked 
| 148|0x000000070aa00000, 0x000000070aa00000, 0x000000070ab00000|  0%| F|  |TAMS 0x000000070aa00000, 0x000000070aa00000| Untracked 
| 149|0x000000070ab00000, 0x000000070ab00000, 0x000000070ac00000|  0%| F|  |TAMS 0x000000070ab00000, 0x000000070ab00000| Untracked 
| 150|0x000000070ac00000, 0x000000070ac00000, 0x000000070ad00000|  0%| F|  |TAMS 0x000000070ac00000, 0x000000070ac00000| Untracked 
| 151|0x000000070ad00000, 0x000000070ad00000, 0x000000070ae00000|  0%| F|  |TAMS 0x000000070ad00000, 0x000000070ad00000| Untracked 
| 152|0x000000070ae00000, 0x000000070ae00000, 0x000000070af00000|  0%| F|  |TAMS 0x000000070ae00000, 0x000000070ae00000| Untracked 
| 153|0x000000070af00000, 0x000000070af00000, 0x000000070b000000|  0%| F|  |TAMS 0x000000070af00000, 0x000000070af00000| Untracked 
| 154|0x000000070b000000, 0x000000070b000000, 0x000000070b100000|  0%| F|  |TAMS 0x000000070b000000, 0x000000070b000000| Untracked 
| 155|0x000000070b100000, 0x000000070b100000, 0x000000070b200000|  0%| F|  |TAMS 0x000000070b100000, 0x000000070b100000| Untracked 
| 156|0x000000070b200000, 0x000000070b200000, 0x000000070b300000|  0%| F|  |TAMS 0x000000070b200000, 0x000000070b200000| Untracked 
| 157|0x000000070b300000, 0x000000070b300000, 0x000000070b400000|  0%| F|  |TAMS 0x000000070b300000, 0x000000070b300000| Untracked 
| 158|0x000000070b400000, 0x000000070b400000, 0x000000070b500000|  0%| F|  |TAMS 0x000000070b400000, 0x000000070b400000| Untracked 
| 159|0x000000070b500000, 0x000000070b500000, 0x000000070b600000|  0%| F|  |TAMS 0x000000070b500000, 0x000000070b500000| Untracked 
| 160|0x000000070b600000, 0x000000070b600000, 0x000000070b700000|  0%| F|  |TAMS 0x000000070b600000, 0x000000070b600000| Untracked 
| 161|0x000000070b700000, 0x000000070b700000, 0x000000070b800000|  0%| F|  |TAMS 0x000000070b700000, 0x000000070b700000| Untracked 
| 162|0x000000070b800000, 0x000000070b800000, 0x000000070b900000|  0%| F|  |TAMS 0x000000070b800000, 0x000000070b800000| Untracked 
| 163|0x000000070b900000, 0x000000070b900000, 0x000000070ba00000|  0%| F|  |TAMS 0x000000070b900000, 0x000000070b900000| Untracked 
| 164|0x000000070ba00000, 0x000000070ba00000, 0x000000070bb00000|  0%| F|  |TAMS 0x000000070ba00000, 0x000000070ba00000| Untracked 
| 165|0x000000070bb00000, 0x000000070bb00000, 0x000000070bc00000|  0%| F|  |TAMS 0x000000070bb00000, 0x000000070bb00000| Untracked 
| 166|0x000000070bc00000, 0x000000070bc00000, 0x000000070bd00000|  0%| F|  |TAMS 0x000000070bc00000, 0x000000070bc00000| Untracked 
| 167|0x000000070bd00000, 0x000000070bd00000, 0x000000070be00000|  0%| F|  |TAMS 0x000000070bd00000, 0x000000070bd00000| Untracked 
| 168|0x000000070be00000, 0x000000070be00000, 0x000000070bf00000|  0%| F|  |TAMS 0x000000070be00000, 0x000000070be00000| Untracked 
| 169|0x000000070bf00000, 0x000000070bf00000, 0x000000070c000000|  0%| F|  |TAMS 0x000000070bf00000, 0x000000070bf00000| Untracked 
| 170|0x000000070c000000, 0x000000070c000000, 0x000000070c100000|  0%| F|  |TAMS 0x000000070c000000, 0x000000070c000000| Untracked 
| 171|0x000000070c100000, 0x000000070c100000, 0x000000070c200000|  0%| F|  |TAMS 0x000000070c100000, 0x000000070c100000| Untracked 
| 172|0x000000070c200000, 0x000000070c200000, 0x000000070c300000|  0%| F|  |TAMS 0x000000070c200000, 0x000000070c200000| Untracked 
| 173|0x000000070c300000, 0x000000070c300000, 0x000000070c400000|  0%| F|  |TAMS 0x000000070c300000, 0x000000070c300000| Untracked 
| 174|0x000000070c400000, 0x000000070c400000, 0x000000070c500000|  0%| F|  |TAMS 0x000000070c400000, 0x000000070c400000| Untracked 
| 175|0x000000070c500000, 0x000000070c500000, 0x000000070c600000|  0%| F|  |TAMS 0x000000070c500000, 0x000000070c500000| Untracked 
| 176|0x000000070c600000, 0x000000070c600000, 0x000000070c700000|  0%| F|  |TAMS 0x000000070c600000, 0x000000070c600000| Untracked 
| 177|0x000000070c700000, 0x000000070c700000, 0x000000070c800000|  0%| F|  |TAMS 0x000000070c700000, 0x000000070c700000| Untracked 
| 178|0x000000070c800000, 0x000000070c800000, 0x000000070c900000|  0%| F|  |TAMS 0x000000070c800000, 0x000000070c800000| Untracked 
| 179|0x000000070c900000, 0x000000070c900000, 0x000000070ca00000|  0%| F|  |TAMS 0x000000070c900000, 0x000000070c900000| Untracked 
| 180|0x000000070ca00000, 0x000000070ca00000, 0x000000070cb00000|  0%| F|  |TAMS 0x000000070ca00000, 0x000000070ca00000| Untracked 
| 181|0x000000070cb00000, 0x000000070cb00000, 0x000000070cc00000|  0%| F|  |TAMS 0x000000070cb00000, 0x000000070cb00000| Untracked 
| 182|0x000000070cc00000, 0x000000070cc00000, 0x000000070cd00000|  0%| F|  |TAMS 0x000000070cc00000, 0x000000070cc00000| Untracked 
| 183|0x000000070cd00000, 0x000000070cd00000, 0x000000070ce00000|  0%| F|  |TAMS 0x000000070cd00000, 0x000000070cd00000| Untracked 
| 184|0x000000070ce00000, 0x000000070ce00000, 0x000000070cf00000|  0%| F|  |TAMS 0x000000070ce00000, 0x000000070ce00000| Untracked 
| 185|0x000000070cf00000, 0x000000070cf00000, 0x000000070d000000|  0%| F|  |TAMS 0x000000070cf00000, 0x000000070cf00000| Untracked 
| 186|0x000000070d000000, 0x000000070d000000, 0x000000070d100000|  0%| F|  |TAMS 0x000000070d000000, 0x000000070d000000| Untracked 
| 187|0x000000070d100000, 0x000000070d100000, 0x000000070d200000|  0%| F|  |TAMS 0x000000070d100000, 0x000000070d100000| Untracked 
| 188|0x000000070d200000, 0x000000070d200000, 0x000000070d300000|  0%| F|  |TAMS 0x000000070d200000, 0x000000070d200000| Untracked 
| 189|0x000000070d300000, 0x000000070d300000, 0x000000070d400000|  0%| F|  |TAMS 0x000000070d300000, 0x000000070d300000| Untracked 
| 190|0x000000070d400000, 0x000000070d400000, 0x000000070d500000|  0%| F|  |TAMS 0x000000070d400000, 0x000000070d400000| Untracked 
| 191|0x000000070d500000, 0x000000070d500000, 0x000000070d600000|  0%| F|  |TAMS 0x000000070d500000, 0x000000070d500000| Untracked 
| 192|0x000000070d600000, 0x000000070d600000, 0x000000070d700000|  0%| F|  |TAMS 0x000000070d600000, 0x000000070d600000| Untracked 
| 193|0x000000070d700000, 0x000000070d700000, 0x000000070d800000|  0%| F|  |TAMS 0x000000070d700000, 0x000000070d700000| Untracked 
| 194|0x000000070d800000, 0x000000070d800000, 0x000000070d900000|  0%| F|  |TAMS 0x000000070d800000, 0x000000070d800000| Untracked 
| 195|0x000000070d900000, 0x000000070d900000, 0x000000070da00000|  0%| F|  |TAMS 0x000000070d900000, 0x000000070d900000| Untracked 
| 196|0x000000070da00000, 0x000000070da00000, 0x000000070db00000|  0%| F|  |TAMS 0x000000070da00000, 0x000000070da00000| Untracked 
| 197|0x000000070db00000, 0x000000070db00000, 0x000000070dc00000|  0%| F|  |TAMS 0x000000070db00000, 0x000000070db00000| Untracked 
| 198|0x000000070dc00000, 0x000000070dc00000, 0x000000070dd00000|  0%| F|  |TAMS 0x000000070dc00000, 0x000000070dc00000| Untracked 
| 199|0x000000070dd00000, 0x000000070dd00000, 0x000000070de00000|  0%| F|  |TAMS 0x000000070dd00000, 0x000000070dd00000| Untracked 
| 200|0x000000070de00000, 0x000000070de00000, 0x000000070df00000|  0%| F|  |TAMS 0x000000070de00000, 0x000000070de00000| Untracked 
| 201|0x000000070df00000, 0x000000070df00000, 0x000000070e000000|  0%| F|  |TAMS 0x000000070df00000, 0x000000070df00000| Untracked 
| 202|0x000000070e000000, 0x000000070e000000, 0x000000070e100000|  0%| F|  |TAMS 0x000000070e000000, 0x000000070e000000| Untracked 
| 203|0x000000070e100000, 0x000000070e100000, 0x000000070e200000|  0%| F|  |TAMS 0x000000070e100000, 0x000000070e100000| Untracked 
| 204|0x000000070e200000, 0x000000070e200000, 0x000000070e300000|  0%| F|  |TAMS 0x000000070e200000, 0x000000070e200000| Untracked 
| 205|0x000000070e300000, 0x000000070e300000, 0x000000070e400000|  0%| F|  |TAMS 0x000000070e300000, 0x000000070e300000| Untracked 
| 206|0x000000070e400000, 0x000000070e400000, 0x000000070e500000|  0%| F|  |TAMS 0x000000070e400000, 0x000000070e400000| Untracked 
| 207|0x000000070e500000, 0x000000070e500000, 0x000000070e600000|  0%| F|  |TAMS 0x000000070e500000, 0x000000070e500000| Untracked 
| 208|0x000000070e600000, 0x000000070e600000, 0x000000070e700000|  0%| F|  |TAMS 0x000000070e600000, 0x000000070e600000| Untracked 
| 209|0x000000070e700000, 0x000000070e700000, 0x000000070e800000|  0%| F|  |TAMS 0x000000070e700000, 0x000000070e700000| Untracked 
| 210|0x000000070e800000, 0x000000070e800000, 0x000000070e900000|  0%| F|  |TAMS 0x000000070e800000, 0x000000070e800000| Untracked 
| 211|0x000000070e900000, 0x000000070e900000, 0x000000070ea00000|  0%| F|  |TAMS 0x000000070e900000, 0x000000070e900000| Untracked 
| 212|0x000000070ea00000, 0x000000070ea00000, 0x000000070eb00000|  0%| F|  |TAMS 0x000000070ea00000, 0x000000070ea00000| Untracked 
| 213|0x000000070eb00000, 0x000000070eb00000, 0x000000070ec00000|  0%| F|  |TAMS 0x000000070eb00000, 0x000000070eb00000| Untracked 
| 214|0x000000070ec00000, 0x000000070ec00000, 0x000000070ed00000|  0%| F|  |TAMS 0x000000070ec00000, 0x000000070ec00000| Untracked 
| 215|0x000000070ed00000, 0x000000070ed00000, 0x000000070ee00000|  0%| F|  |TAMS 0x000000070ed00000, 0x000000070ed00000| Untracked 
| 216|0x000000070ee00000, 0x000000070ee00000, 0x000000070ef00000|  0%| F|  |TAMS 0x000000070ee00000, 0x000000070ee00000| Untracked 
| 217|0x000000070ef00000, 0x000000070ef00000, 0x000000070f000000|  0%| F|  |TAMS 0x000000070ef00000, 0x000000070ef00000| Untracked 
| 218|0x000000070f000000, 0x000000070f000000, 0x000000070f100000|  0%| F|  |TAMS 0x000000070f000000, 0x000000070f000000| Untracked 
| 219|0x000000070f100000, 0x000000070f100000, 0x000000070f200000|  0%| F|  |TAMS 0x000000070f100000, 0x000000070f100000| Untracked 
| 220|0x000000070f200000, 0x000000070f200000, 0x000000070f300000|  0%| F|  |TAMS 0x000000070f200000, 0x000000070f200000| Untracked 
| 221|0x000000070f300000, 0x000000070f300000, 0x000000070f400000|  0%| F|  |TAMS 0x000000070f300000, 0x000000070f300000| Untracked 
| 222|0x000000070f400000, 0x000000070f400000, 0x000000070f500000|  0%| F|  |TAMS 0x000000070f400000, 0x000000070f400000| Untracked 
| 223|0x000000070f500000, 0x000000070f500000, 0x000000070f600000|  0%| F|  |TAMS 0x000000070f500000, 0x000000070f500000| Untracked 
| 224|0x000000070f600000, 0x000000070f600000, 0x000000070f700000|  0%| F|  |TAMS 0x000000070f600000, 0x000000070f600000| Untracked 
| 225|0x000000070f700000, 0x000000070f700000, 0x000000070f800000|  0%| F|  |TAMS 0x000000070f700000, 0x000000070f700000| Untracked 
| 226|0x000000070f800000, 0x000000070f800000, 0x000000070f900000|  0%| F|  |TAMS 0x000000070f800000, 0x000000070f800000| Untracked 
| 227|0x000000070f900000, 0x000000070f900000, 0x000000070fa00000|  0%| F|  |TAMS 0x000000070f900000, 0x000000070f900000| Untracked 
| 228|0x000000070fa00000, 0x000000070fa00000, 0x000000070fb00000|  0%| F|  |TAMS 0x000000070fa00000, 0x000000070fa00000| Untracked 
| 229|0x000000070fb00000, 0x000000070fb00000, 0x000000070fc00000|  0%| F|  |TAMS 0x000000070fb00000, 0x000000070fb00000| Untracked 
| 230|0x000000070fc00000, 0x000000070fc00000, 0x000000070fd00000|  0%| F|  |TAMS 0x000000070fc00000, 0x000000070fc00000| Untracked 
| 231|0x000000070fd00000, 0x000000070fd00000, 0x000000070fe00000|  0%| F|  |TAMS 0x000000070fd00000, 0x000000070fd00000| Untracked 
| 232|0x000000070fe00000, 0x000000070fe00000, 0x000000070ff00000|  0%| F|  |TAMS 0x000000070fe00000, 0x000000070fe00000| Untracked 
| 233|0x000000070ff00000, 0x000000070ff00000, 0x0000000710000000|  0%| F|  |TAMS 0x000000070ff00000, 0x000000070ff00000| Untracked 
| 234|0x0000000710000000, 0x0000000710000000, 0x0000000710100000|  0%| F|  |TAMS 0x0000000710000000, 0x0000000710000000| Untracked 
| 235|0x0000000710100000, 0x0000000710200000, 0x0000000710200000|100%| E|  |TAMS 0x0000000710100000, 0x0000000710100000| Complete 
| 236|0x0000000710200000, 0x0000000710300000, 0x0000000710300000|100%| E|CS|TAMS 0x0000000710200000, 0x0000000710200000| Complete 
| 237|0x0000000710300000, 0x0000000710400000, 0x0000000710400000|100%| E|CS|TAMS 0x0000000710300000, 0x0000000710300000| Complete 
| 238|0x0000000710400000, 0x0000000710500000, 0x0000000710500000|100%| E|CS|TAMS 0x0000000710400000, 0x0000000710400000| Complete 
| 239|0x0000000710500000, 0x0000000710600000, 0x0000000710600000|100%| E|CS|TAMS 0x0000000710500000, 0x0000000710500000| Complete 
| 240|0x0000000710600000, 0x0000000710700000, 0x0000000710700000|100%| E|CS|TAMS 0x0000000710600000, 0x0000000710600000| Complete 
| 241|0x0000000710700000, 0x0000000710800000, 0x0000000710800000|100%| E|CS|TAMS 0x0000000710700000, 0x0000000710700000| Complete 
| 242|0x0000000710800000, 0x0000000710900000, 0x0000000710900000|100%| E|CS|TAMS 0x0000000710800000, 0x0000000710800000| Complete 
| 243|0x0000000710900000, 0x0000000710a00000, 0x0000000710a00000|100%| E|CS|TAMS 0x0000000710900000, 0x0000000710900000| Complete 
| 244|0x0000000710a00000, 0x0000000710b00000, 0x0000000710b00000|100%| E|CS|TAMS 0x0000000710a00000, 0x0000000710a00000| Complete 
| 245|0x0000000710b00000, 0x0000000710c00000, 0x0000000710c00000|100%| E|CS|TAMS 0x0000000710b00000, 0x0000000710b00000| Complete 
| 246|0x0000000710c00000, 0x0000000710d00000, 0x0000000710d00000|100%| E|CS|TAMS 0x0000000710c00000, 0x0000000710c00000| Complete 
| 247|0x0000000710d00000, 0x0000000710e00000, 0x0000000710e00000|100%| E|CS|TAMS 0x0000000710d00000, 0x0000000710d00000| Complete 
| 248|0x0000000710e00000, 0x0000000710f00000, 0x0000000710f00000|100%| E|CS|TAMS 0x0000000710e00000, 0x0000000710e00000| Complete 
| 249|0x0000000710f00000, 0x0000000711000000, 0x0000000711000000|100%| E|CS|TAMS 0x0000000710f00000, 0x0000000710f00000| Complete 
| 250|0x0000000711000000, 0x0000000711100000, 0x0000000711100000|100%| E|CS|TAMS 0x0000000711000000, 0x0000000711000000| Complete 
| 251|0x0000000711100000, 0x0000000711200000, 0x0000000711200000|100%| E|CS|TAMS 0x0000000711100000, 0x0000000711100000| Complete 
| 252|0x0000000711200000, 0x0000000711300000, 0x0000000711300000|100%| E|CS|TAMS 0x0000000711200000, 0x0000000711200000| Complete 
| 253|0x0000000711300000, 0x0000000711400000, 0x0000000711400000|100%| E|CS|TAMS 0x0000000711300000, 0x0000000711300000| Complete 
| 254|0x0000000711400000, 0x0000000711500000, 0x0000000711500000|100%| E|CS|TAMS 0x0000000711400000, 0x0000000711400000| Complete 
| 255|0x0000000711500000, 0x0000000711600000, 0x0000000711600000|100%| E|CS|TAMS 0x0000000711500000, 0x0000000711500000| Complete 

Card table byte_map: [0x0000025393830000,0x0000025394030000] _byte_map_base: 0x0000025390025000

Marking Bits (Prev, Next): (CMBitMap*) 0x00000253ffde16e8, (CMBitMap*) 0x00000253ffde1728
 Prev Bits: [0x0000025394830000, 0x00000253987d8000)
 Next Bits: [0x00000253987e0000, 0x000002539c788000)

Polling page: 0x00000253fdcf0000

Metaspace:

Usage:
  Non-class:     17.38 MB capacity,    17.15 MB ( 99%) used,   195.71 KB (  1%) free+waste,    35.06 KB ( <1%) overhead. 
      Class:      2.08 MB capacity,     1.94 MB ( 93%) used,   125.29 KB (  6%) free+waste,    17.94 KB ( <1%) overhead. 
       Both:     19.46 MB capacity,    19.09 MB ( 98%) used,   321.00 KB (  2%) free+waste,    53.00 KB ( <1%) overhead. 

Virtual space:
  Non-class space:       18.00 MB reserved,      17.50 MB ( 97%) committed 
      Class space:        1.00 GB reserved,       2.13 MB ( <1%) committed 
             Both:        1.02 GB reserved,      19.63 MB (  2%) committed 

Chunk freelists:
   Non-Class:  63.00 KB
       Class:  11.00 KB
        Both:  74.00 KB

MaxMetaspaceSize: 17179869184.00 GB
CompressedClassSpaceSize: 1.00 GB

CodeHeap 'non-profiled nmethods': size=120000Kb used=2798Kb max_used=2798Kb free=117201Kb
 bounds [0x000002538b6c0000, 0x000002538b980000, 0x0000025392bf0000]
CodeHeap 'profiled nmethods': size=120000Kb used=7289Kb max_used=7289Kb free=112711Kb
 bounds [0x0000025384190000, 0x00000253848b0000, 0x000002538b6c0000]
CodeHeap 'non-nmethods': size=5760Kb used=1311Kb max_used=1376Kb free=4448Kb
 bounds [0x0000025383bf0000, 0x0000025383e60000, 0x0000025384190000]
 total_blobs=4572 nmethods=3971 adapters=513
 compilation: enabled
              stopped_count=0, restarted_count=0
 full_count=0

Compilation events (20 events):
Event: 35.986 Thread 0x000002539fe51800 3966       3       sun.java2d.SurfaceData::<init> (36 bytes)
Event: 35.986 Thread 0x000002539fe51800 nmethod 3966 0x00000253848ad910 code [0x00000253848adac0, 0x00000253848ade78]
Event: 36.233 Thread 0x000002539fe4a800 3967   !   4       java.util.regex.Pattern::<init> (144 bytes)
Event: 36.235 Thread 0x000002539fe4a800 nmethod 3967 0x000002538b978e10 code [0x000002538b979000, 0x000002538b979358]
Event: 36.339 Thread 0x000002539fe51800 3968       1       java.util.Collections$EmptySet::contains (2 bytes)
Event: 36.339 Thread 0x000002539fe51800 nmethod 3968 0x000002538b979510 code [0x000002538b9796a0, 0x000002538b979758]
Event: 36.434 Thread 0x000002539fe4a800 3969       4       java.util.regex.Pattern::compile (10 bytes)
Event: 36.435 Thread 0x000002539fe4a800 nmethod 3969 0x000002538b979810 code [0x000002538b9799e0, 0x000002538b979c18]
Event: 36.579 Thread 0x000002539fe51800 3970       3       java.util.Collections$UnmodifiableCollection::contains (11 bytes)
Event: 36.579 Thread 0x000002539fe51800 nmethod 3970 0x00000253848adf90 code [0x00000253848ae140, 0x00000253848ae308]
Event: 36.579 Thread 0x000002539fe51800 3971       1       javax.swing.JComponent$IntVector::size (5 bytes)
Event: 36.579 Thread 0x000002539fe51800 nmethod 3971 0x000002538b979e10 code [0x000002538b979fa0, 0x000002538b97a058]
Event: 36.579 Thread 0x000002539fe4a800 3972       4       java.awt.event.KeyAdapter::keyTyped (1 bytes)
Event: 36.579 Thread 0x000002539fe4a800 nmethod 3972 0x000002538b97a110 code [0x000002538b97a280, 0x000002538b97a2d8]
Event: 36.702 Thread 0x000002539fe4a800 3973       4       sun.awt.AWTAutoShutdown::notifyToolkitThreadBusy (8 bytes)
Event: 36.703 Thread 0x000002539fe4a800 nmethod 3973 0x000002538b97a410 code [0x000002538b97a600, 0x000002538b97abf8]
Event: 36.707 Thread 0x000002539fe4a800 3974       4       sun.awt.AWTAutoShutdown::notifyToolkitThreadFree (8 bytes)
Event: 36.709 Thread 0x000002539fe4a800 nmethod 3974 0x000002538b97ae90 code [0x000002538b97b080, 0x000002538b97b618]
Event: 37.250 Thread 0x000002539fe4a800 3975       4       java.nio.ByteBuffer::clear (7 bytes)
Event: 37.251 Thread 0x000002539fe4a800 nmethod 3975 0x000002538b97b890 code [0x000002538b97ba00, 0x000002538b97ba78]

GC Heap History (12 events):
Event: 0.729 GC heap before
{Heap before GC invocations=0 (full 0):
 garbage-first heap   total 262144K, used 23552K [0x0000000701600000, 0x0000000800000000)
  region size 1024K, 23 young (23552K), 0 survivors (0K)
 Metaspace       used 15827K, capacity 16157K, committed 16384K, reserved 1064960K
  class space    used 1618K, capacity 1730K, committed 1792K, reserved 1048576K
}
Event: 0.732 GC heap after
{Heap after GC invocations=1 (full 0):
 garbage-first heap   total 262144K, used 3532K [0x0000000701600000, 0x0000000800000000)
  region size 1024K, 3 young (3072K), 3 survivors (3072K)
 Metaspace       used 15827K, capacity 16157K, committed 16384K, reserved 1064960K
  class space    used 1618K, capacity 1730K, committed 1792K, reserved 1048576K
}
Event: 1.102 GC heap before
{Heap before GC invocations=1 (full 0):
 garbage-first heap   total 262144K, used 34252K [0x0000000701600000, 0x0000000800000000)
  region size 1024K, 33 young (33792K), 3 survivors (3072K)
 Metaspace       used 17735K, capacity 18023K, committed 18176K, reserved 1064960K
  class space    used 1870K, capacity 1989K, committed 2048K, reserved 1048576K
}
Event: 1.104 GC heap after
{Heap after GC invocations=2 (full 0):
 garbage-first heap   total 262144K, used 4642K [0x0000000701600000, 0x0000000800000000)
  region size 1024K, 2 young (2048K), 2 survivors (2048K)
 Metaspace       used 17735K, capacity 18023K, committed 18176K, reserved 1064960K
  class space    used 1870K, capacity 1989K, committed 2048K, reserved 1048576K
}
Event: 12.251 GC heap before
{Heap before GC invocations=2 (full 0):
 garbage-first heap   total 262144K, used 189986K [0x0000000701600000, 0x0000000800000000)
  region size 1024K, 153 young (156672K), 2 survivors (2048K)
 Metaspace       used 19297K, capacity 19669K, committed 19840K, reserved 1067008K
  class space    used 1986K, capacity 2133K, committed 2176K, reserved 1048576K
}
Event: 12.252 GC heap after
{Heap after GC invocations=3 (full 0):
 garbage-first heap   total 262144K, used 35388K [0x0000000701600000, 0x0000000800000000)
  region size 1024K, 2 young (2048K), 2 survivors (2048K)
 Metaspace       used 19297K, capacity 19669K, committed 19840K, reserved 1067008K
  class space    used 1986K, capacity 2133K, committed 2176K, reserved 1048576K
}
Event: 21.018 GC heap before
{Heap before GC invocations=3 (full 0):
 garbage-first heap   total 262144K, used 190012K [0x0000000701600000, 0x0000000800000000)
  region size 1024K, 153 young (156672K), 2 survivors (2048K)
 Metaspace       used 19496K, capacity 19862K, committed 20096K, reserved 1067008K
  class space    used 1987K, capacity 2133K, committed 2176K, reserved 1048576K
}
Event: 21.019 GC heap after
{Heap after GC invocations=4 (full 0):
 garbage-first heap   total 262144K, used 13001K [0x0000000701600000, 0x0000000800000000)
  region size 1024K, 2 young (2048K), 2 survivors (2048K)
 Metaspace       used 19496K, capacity 19862K, committed 20096K, reserved 1067008K
  class space    used 1987K, capacity 2133K, committed 2176K, reserved 1048576K
}
Event: 29.968 GC heap before
{Heap before GC invocations=4 (full 0):
 garbage-first heap   total 262144K, used 167625K [0x0000000701600000, 0x0000000800000000)
  region size 1024K, 153 young (156672K), 2 survivors (2048K)
 Metaspace       used 19502K, capacity 19862K, committed 20096K, reserved 1067008K
  class space    used 1988K, capacity 2133K, committed 2176K, reserved 1048576K
}
Event: 29.969 GC heap after
{Heap after GC invocations=5 (full 0):
 garbage-first heap   total 262144K, used 12949K [0x0000000701600000, 0x0000000800000000)
  region size 1024K, 2 young (2048K), 2 survivors (2048K)
 Metaspace       used 19502K, capacity 19862K, committed 20096K, reserved 1067008K
  class space    used 1988K, capacity 2133K, committed 2176K, reserved 1048576K
}
Event: 36.137 GC heap before
{Heap before GC invocations=5 (full 0):
 garbage-first heap   total 262144K, used 167573K [0x0000000701600000, 0x0000000800000000)
  region size 1024K, 153 young (156672K), 2 survivors (2048K)
 Metaspace       used 19542K, capacity 19862K, committed 20096K, reserved 1067008K
  class space    used 1988K, capacity 2133K, committed 2176K, reserved 1048576K
}
Event: 36.138 GC heap after
{Heap after GC invocations=6 (full 0):
 garbage-first heap   total 262144K, used 13267K [0x0000000701600000, 0x0000000800000000)
  region size 1024K, 2 young (2048K), 2 survivors (2048K)
 Metaspace       used 19542K, capacity 19862K, committed 20096K, reserved 1067008K
  class space    used 1988K, capacity 2133K, committed 2176K, reserved 1048576K
}

Deoptimization events (20 events):
Event: 31.610 Thread 0x000002539fe62000 Uncommon trap: trap_request=0xffffffde fr.pc=0x000002538b887a30 relative=0x00000000000030d0
Event: 31.610 Thread 0x000002539fe62000 Uncommon trap: reason=class_check action=maybe_recompile pc=0x000002538b887a30 method=sun.java2d.loops.ScaledBlit.getFromCache(Lsun/java2d/loops/SurfaceType;Lsun/java2d/loops/CompositeType;Lsun/java2d/loops/SurfaceType;)Lsun/java2d/loops/ScaledBlit; @ 15 
Event: 31.610 Thread 0x000002539fe62000 DEOPT PACKING pc=0x000002538b887a30 sp=0x000000a171afd340
Event: 31.610 Thread 0x000002539fe62000 DEOPT UNPACKING pc=0x0000025383c3912f sp=0x000000a171afcfd0 mode 2
Event: 33.933 Thread 0x000002539fe5c800 Uncommon trap: trap_request=0xffffffde fr.pc=0x000002538b8bba14 relative=0x0000000000002e14
Event: 33.933 Thread 0x000002539fe5c800 Uncommon trap: reason=class_check action=maybe_recompile pc=0x000002538b8bba14 method=com.sunsigne.reversedrebecca.physic.natural.correlated.CollisionLaw.tick(Lcom/sunsigne/reversedrebecca/system/mainloop/Updatable;)V @ 86 c2
Event: 33.933 Thread 0x000002539fe5c800 DEOPT PACKING pc=0x000002538b8bba14 sp=0x000000a171bfed10
Event: 33.933 Thread 0x000002539fe5c800 DEOPT UNPACKING pc=0x0000025383c3912f sp=0x000000a171bfecd0 mode 2
Event: 33.950 Thread 0x000002539fe5c800 Uncommon trap: trap_request=0xffffffde fr.pc=0x000002538b8bba14 relative=0x0000000000002e14
Event: 33.950 Thread 0x000002539fe5c800 Uncommon trap: reason=class_check action=maybe_recompile pc=0x000002538b8bba14 method=com.sunsigne.reversedrebecca.physic.natural.correlated.CollisionLaw.tick(Lcom/sunsigne/reversedrebecca/system/mainloop/Updatable;)V @ 86 c2
Event: 33.950 Thread 0x000002539fe5c800 DEOPT PACKING pc=0x000002538b8bba14 sp=0x000000a171bfed10
Event: 33.950 Thread 0x000002539fe5c800 DEOPT UNPACKING pc=0x0000025383c3912f sp=0x000000a171bfecd0 mode 2
Event: 33.966 Thread 0x000002539fe5c800 Uncommon trap: trap_request=0xffffffde fr.pc=0x000002538b8bba14 relative=0x0000000000002e14
Event: 33.966 Thread 0x000002539fe5c800 Uncommon trap: reason=class_check action=maybe_recompile pc=0x000002538b8bba14 method=com.sunsigne.reversedrebecca.physic.natural.correlated.CollisionLaw.tick(Lcom/sunsigne/reversedrebecca/system/mainloop/Updatable;)V @ 86 c2
Event: 33.966 Thread 0x000002539fe5c800 DEOPT PACKING pc=0x000002538b8bba14 sp=0x000000a171bfed10
Event: 33.966 Thread 0x000002539fe5c800 DEOPT UNPACKING pc=0x0000025383c3912f sp=0x000000a171bfecd0 mode 2
Event: 35.107 Thread 0x000002539fe62000 Uncommon trap: trap_request=0xffffff76 fr.pc=0x000002538b8c2ea8 relative=0x0000000000000cc8
Event: 35.107 Thread 0x000002539fe62000 Uncommon trap: reason=predicate action=maybe_recompile pc=0x000002538b8c2ea8 method=com.sunsigne.reversedrebecca.system.mainloop.Handler.getObjectsAtPos(Lcom/sunsigne/reversedrebecca/system/mainloop/Handler;III)Lcom/sunsigne/reversedrebecca/pattern/list/G
Event: 35.107 Thread 0x000002539fe62000 DEOPT PACKING pc=0x000002538b8c2ea8 sp=0x000000a171afd5a0
Event: 35.107 Thread 0x000002539fe62000 DEOPT UNPACKING pc=0x0000025383c3912f sp=0x000000a171afd5a0 mode 2

Classes unloaded (0 events):
No events

Classes redefined (0 events):
No events

Internal exceptions (20 events):
Event: 31.581 Thread 0x000002539fe62000 Exception <a 'java/io/FileNotFoundException'{0x000000070ed2ba20}> (0x000000070ed2ba20) 
thrown [./open/src/hotspot/share/prims/jni.cpp, line 599]
Event: 31.582 Thread 0x000002539fe62000 Exception <a 'java/io/FileNotFoundException'{0x000000070ed3bc60}> (0x000000070ed3bc60) 
thrown [./open/src/hotspot/share/prims/jni.cpp, line 599]
Event: 31.583 Thread 0x000002539fe62000 Exception <a 'java/io/FileNotFoundException'{0x000000070ed4bed8}> (0x000000070ed4bed8) 
thrown [./open/src/hotspot/share/prims/jni.cpp, line 599]
Event: 31.585 Thread 0x000002539fe62000 Exception <a 'java/io/FileNotFoundException'{0x000000070ed5c118}> (0x000000070ed5c118) 
thrown [./open/src/hotspot/share/prims/jni.cpp, line 599]
Event: 31.586 Thread 0x000002539fe62000 Exception <a 'java/io/FileNotFoundException'{0x000000070ed6c450}> (0x000000070ed6c450) 
thrown [./open/src/hotspot/share/prims/jni.cpp, line 599]
Event: 31.587 Thread 0x000002539fe62000 Exception <a 'java/io/FileNotFoundException'{0x000000070ed7c690}> (0x000000070ed7c690) 
thrown [./open/src/hotspot/share/prims/jni.cpp, line 599]
Event: 31.588 Thread 0x000002539fe62000 Exception <a 'java/io/FileNotFoundException'{0x000000070ed8d628}> (0x000000070ed8d628) 
thrown [./open/src/hotspot/share/prims/jni.cpp, line 599]
Event: 31.589 Thread 0x000002539fe62000 Exception <a 'java/io/FileNotFoundException'{0x000000070ed9d868}> (0x000000070ed9d868) 
thrown [./open/src/hotspot/share/prims/jni.cpp, line 599]
Event: 31.590 Thread 0x000002539fe62000 Exception <a 'java/io/FileNotFoundException'{0x000000070edadb80}> (0x000000070edadb80) 
thrown [./open/src/hotspot/share/prims/jni.cpp, line 599]
Event: 31.591 Thread 0x000002539fe62000 Exception <a 'java/io/FileNotFoundException'{0x000000070edbddf8}> (0x000000070edbddf8) 
thrown [./open/src/hotspot/share/prims/jni.cpp, line 599]
Event: 31.593 Thread 0x000002539fe62000 Exception <a 'java/io/FileNotFoundException'{0x000000070edcdfb0}> (0x000000070edcdfb0) 
thrown [./open/src/hotspot/share/prims/jni.cpp, line 599]
Event: 31.594 Thread 0x000002539fe62000 Exception <a 'java/io/FileNotFoundException'{0x000000070edde228}> (0x000000070edde228) 
thrown [./open/src/hotspot/share/prims/jni.cpp, line 599]
Event: 31.595 Thread 0x000002539fe62000 Exception <a 'java/io/FileNotFoundException'{0x000000070edee4e8}> (0x000000070edee4e8) 
thrown [./open/src/hotspot/share/prims/jni.cpp, line 599]
Event: 31.596 Thread 0x000002539fe62000 Exception <a 'java/io/FileNotFoundException'{0x000000070edfe7a0}> (0x000000070edfe7a0) 
thrown [./open/src/hotspot/share/prims/jni.cpp, line 599]
Event: 31.597 Thread 0x000002539fe62000 Exception <a 'java/io/FileNotFoundException'{0x000000070ec0ef00}> (0x000000070ec0ef00) 
thrown [./open/src/hotspot/share/prims/jni.cpp, line 599]
Event: 31.598 Thread 0x000002539fe62000 Exception <a 'java/io/FileNotFoundException'{0x000000070ec1f0f8}> (0x000000070ec1f0f8) 
thrown [./open/src/hotspot/share/prims/jni.cpp, line 599]
Event: 31.599 Thread 0x000002539fe62000 Exception <a 'java/io/FileNotFoundException'{0x000000070ec2f3d8}> (0x000000070ec2f3d8) 
thrown [./open/src/hotspot/share/prims/jni.cpp, line 599]
Event: 31.600 Thread 0x000002539fe62000 Exception <a 'java/io/FileNotFoundException'{0x000000070ec3f540}> (0x000000070ec3f540) 
thrown [./open/src/hotspot/share/prims/jni.cpp, line 599]
Event: 31.601 Thread 0x000002539fe62000 Exception <a 'java/io/FileNotFoundException'{0x000000070ec4f768}> (0x000000070ec4f768) 
thrown [./open/src/hotspot/share/prims/jni.cpp, line 599]
Event: 31.602 Thread 0x000002539fe62000 Exception <a 'java/io/FileNotFoundException'{0x000000070ec5f8d0}> (0x000000070ec5f8d0) 
thrown [./open/src/hotspot/share/prims/jni.cpp, line 599]

Events (20 events):
Event: 36.138 Executing VM operation: HandshakeOneThread
Event: 36.138 Executing VM operation: HandshakeOneThread done
Event: 36.138 Executing VM operation: HandshakeOneThread
Event: 36.138 Executing VM operation: HandshakeOneThread done
Event: 36.138 Executing VM operation: HandshakeOneThread
Event: 36.138 Executing VM operation: HandshakeOneThread done
Event: 37.355 Executing VM operation: HandshakeOneThread
Event: 37.355 Executing VM operation: HandshakeOneThread done
Event: 37.355 Thread 0x00000253a1624800 Thread added: 0x00000253a1624800
Event: 37.355 Thread 0x00000253a1625000 Thread added: 0x00000253a1625000
Event: 37.355 Thread 0x000002539fe5e000 Thread added: 0x000002539fe5e000
Event: 37.355 loading class java/util/WeakHashMap$KeyIterator
Event: 37.355 Thread 0x00000253a1625000 Thread exited: 0x00000253a1625000
Event: 37.355 Executing VM operation: HandshakeOneThread
Event: 37.355 loading class java/util/WeakHashMap$HashIterator
Event: 37.355 Executing VM operation: HandshakeOneThread done
Event: 37.355 Thread 0x00000253a161a800 Thread exited: 0x00000253a161a800
Event: 37.355 loading class java/util/WeakHashMap$HashIterator done
Event: 37.355 loading class java/util/WeakHashMap$KeyIterator done
Event: 37.355 Thread 0x00000253a1624800 Thread exited: 0x00000253a1624800


Dynamic libraries:
0x00007ff6ff5f0000 - 0x00007ff6ff5fd000 	C:\Users\casqu\.p2\pool\plugins\org.eclipse.justj.openjdk.hotspot.jre.full.win32.x86_64_14.0.2.v20200815-0932\jre\bin\javaw.exe
0x00007fffe9290000 - 0x00007fffe9487000 	C:\WINDOWS\SYSTEM32\ntdll.dll
0x00007fffe80b0000 - 0x00007fffe816d000 	C:\WINDOWS\System32\KERNEL32.DLL
0x00007fffe69b0000 - 0x00007fffe6c7d000 	C:\WINDOWS\System32\KERNELBASE.dll
0x00007fffe6e60000 - 0x00007fffe6f60000 	C:\WINDOWS\System32\ucrtbase.dll
0x00007fffe24d0000 - 0x00007fffe24e5000 	C:\Users\casqu\.p2\pool\plugins\org.eclipse.justj.openjdk.hotspot.jre.full.win32.x86_64_14.0.2.v20200815-0932\jre\bin\VCRUNTIME140.dll
0x00007fffe2480000 - 0x00007fffe2498000 	C:\Users\casqu\.p2\pool\plugins\org.eclipse.justj.openjdk.hotspot.jre.full.win32.x86_64_14.0.2.v20200815-0932\jre\bin\jli.dll
0x00007fffe8c20000 - 0x00007fffe8dc0000 	C:\WINDOWS\System32\USER32.dll
0x00007fffe6c80000 - 0x00007fffe6ca2000 	C:\WINDOWS\System32\win32u.dll
0x00007fffccd40000 - 0x00007fffccfda000 	C:\WINDOWS\WinSxS\amd64_microsoft.windows.common-controls_6595b64144ccf1df_6.0.19041.1110_none_60b5254171f9507e\COMCTL32.dll
0x00007fffe75a0000 - 0x00007fffe75ca000 	C:\WINDOWS\System32\GDI32.dll
0x00007fffe7e30000 - 0x00007fffe7ece000 	C:\WINDOWS\System32\msvcrt.dll
0x00007fffe7130000 - 0x00007fffe723b000 	C:\WINDOWS\System32\gdi32full.dll
0x00007fffe6f60000 - 0x00007fffe6ffd000 	C:\WINDOWS\System32\msvcp_win.dll
0x00007fffe7840000 - 0x00007fffe7870000 	C:\WINDOWS\System32\IMM32.DLL
0x00007fffc7810000 - 0x00007fffc78ab000 	C:\Users\casqu\.p2\pool\plugins\org.eclipse.justj.openjdk.hotspot.jre.full.win32.x86_64_14.0.2.v20200815-0932\jre\bin\msvcp140.dll
0x00007fff63f30000 - 0x00007fff64a4e000 	C:\Users\casqu\.p2\pool\plugins\org.eclipse.justj.openjdk.hotspot.jre.full.win32.x86_64_14.0.2.v20200815-0932\jre\bin\server\jvm.dll
0x00007fffe8170000 - 0x00007fffe821e000 	C:\WINDOWS\System32\ADVAPI32.dll
0x00007fffe7960000 - 0x00007fffe79fc000 	C:\WINDOWS\System32\sechost.dll
0x00007fffe7350000 - 0x00007fffe7475000 	C:\WINDOWS\System32\RPCRT4.dll
0x00007fffe8220000 - 0x00007fffe8228000 	C:\WINDOWS\System32\PSAPI.DLL
0x00007fffe1680000 - 0x00007fffe1689000 	C:\WINDOWS\SYSTEM32\WSOCK32.dll
0x00007fffdebe0000 - 0x00007fffdebea000 	C:\WINDOWS\SYSTEM32\VERSION.dll
0x00007fffdc0f0000 - 0x00007fffdc117000 	C:\WINDOWS\SYSTEM32\WINMM.dll
0x00007fffe82b0000 - 0x00007fffe831b000 	C:\WINDOWS\System32\WS2_32.dll
0x00007fffe5260000 - 0x00007fffe5272000 	C:\WINDOWS\SYSTEM32\kernel.appcore.dll
0x00007fffe04a0000 - 0x00007fffe04aa000 	C:\Users\casqu\.p2\pool\plugins\org.eclipse.justj.openjdk.hotspot.jre.full.win32.x86_64_14.0.2.v20200815-0932\jre\bin\jimage.dll
0x00007fffe47d0000 - 0x00007fffe49b4000 	C:\WINDOWS\SYSTEM32\DBGHELP.DLL
0x00007fffcfff0000 - 0x00007fffd001c000 	C:\WINDOWS\SYSTEM32\dbgcore.DLL
0x00007fffe7070000 - 0x00007fffe70f2000 	C:\WINDOWS\System32\bcryptPrimitives.dll
0x00007fffc6010000 - 0x00007fffc6035000 	C:\Users\casqu\.p2\pool\plugins\org.eclipse.justj.openjdk.hotspot.jre.full.win32.x86_64_14.0.2.v20200815-0932\jre\bin\java.dll
0x00007fffc5ff0000 - 0x00007fffc6006000 	C:\Users\casqu\.p2\pool\plugins\org.eclipse.justj.openjdk.hotspot.jre.full.win32.x86_64_14.0.2.v20200815-0932\jre\bin\zip.dll
0x00007fffe8320000 - 0x00007fffe8a64000 	C:\WINDOWS\System32\SHELL32.dll
0x00007fffe49c0000 - 0x00007fffe5154000 	C:\WINDOWS\SYSTEM32\windows.storage.dll
0x00007fffe7a20000 - 0x00007fffe7d74000 	C:\WINDOWS\System32\combase.dll
0x00007fffe6410000 - 0x00007fffe643c000 	C:\WINDOWS\SYSTEM32\Wldp.dll
0x00007fffe8000000 - 0x00007fffe80ad000 	C:\WINDOWS\System32\SHCORE.dll
0x00007fffe76a0000 - 0x00007fffe76f5000 	C:\WINDOWS\System32\shlwapi.dll
0x00007fffe68f0000 - 0x00007fffe690f000 	C:\WINDOWS\SYSTEM32\profapi.dll
0x00007fffc7560000 - 0x00007fffc76f8000 	C:\Users\casqu\.p2\pool\plugins\org.eclipse.justj.openjdk.hotspot.jre.full.win32.x86_64_14.0.2.v20200815-0932\jre\bin\awt.dll
0x00007fffe75d0000 - 0x00007fffe769d000 	C:\WINDOWS\System32\OLEAUT32.dll
0x00007fffe3e60000 - 0x00007fffe3ef0000 	C:\WINDOWS\SYSTEM32\apphelp.dll
0x00007fffc7780000 - 0x00007fffc7802000 	C:\Users\casqu\.p2\pool\plugins\org.eclipse.justj.openjdk.hotspot.jre.full.win32.x86_64_14.0.2.v20200815-0932\jre\bin\freetype.dll
0x00007fffb9980000 - 0x00007fffb9a26000 	C:\Users\casqu\.p2\pool\plugins\org.eclipse.justj.openjdk.hotspot.jre.full.win32.x86_64_14.0.2.v20200815-0932\jre\bin\fontmanager.dll
0x00007fffc5fd0000 - 0x00007fffc5fe9000 	C:\Users\casqu\.p2\pool\plugins\org.eclipse.justj.openjdk.hotspot.jre.full.win32.x86_64_14.0.2.v20200815-0932\jre\bin\net.dll
0x00007fffd63a0000 - 0x00007fffd64aa000 	C:\WINDOWS\SYSTEM32\WINHTTP.dll
0x00007fffe6170000 - 0x00007fffe61da000 	C:\WINDOWS\system32\mswsock.dll
0x00007fffc5fb0000 - 0x00007fffc5fc2000 	C:\Users\casqu\.p2\pool\plugins\org.eclipse.justj.openjdk.hotspot.jre.full.win32.x86_64_14.0.2.v20200815-0932\jre\bin\nio.dll
0x00007fffe4240000 - 0x00007fffe426f000 	C:\WINDOWS\system32\DWMAPI.DLL
0x00007fffe3fa0000 - 0x00007fffe403e000 	C:\WINDOWS\system32\uxtheme.dll
0x00007fffe7480000 - 0x00007fffe7595000 	C:\WINDOWS\System32\MSCTF.dll
0x00007fffe7ed0000 - 0x00007fffe7ffa000 	C:\WINDOWS\System32\ole32.dll
0x00007fffe6360000 - 0x00007fffe6378000 	C:\WINDOWS\SYSTEM32\CRYPTSP.dll
0x00007fffe5a80000 - 0x00007fffe5ab4000 	C:\WINDOWS\system32\rsaenh.dll
0x00007fffe7100000 - 0x00007fffe7127000 	C:\WINDOWS\System32\bcrypt.dll
0x00007fffe68b0000 - 0x00007fffe68de000 	C:\WINDOWS\SYSTEM32\USERENV.dll
0x00007fffe6380000 - 0x00007fffe638c000 	C:\WINDOWS\SYSTEM32\CRYPTBASE.dll
0x00007fffe5e10000 - 0x00007fffe5e4b000 	C:\WINDOWS\SYSTEM32\IPHLPAPI.DLL
0x00007fffe7a00000 - 0x00007fffe7a08000 	C:\WINDOWS\System32\NSI.dll
0x00007fffde940000 - 0x00007fffde957000 	C:\WINDOWS\SYSTEM32\dhcpcsvc6.DLL
0x00007fffdee80000 - 0x00007fffdee9d000 	C:\WINDOWS\SYSTEM32\dhcpcsvc.DLL
0x00007fffe5e50000 - 0x00007fffe5f1b000 	C:\WINDOWS\SYSTEM32\DNSAPI.dll
0x00007fff98c20000 - 0x00007fff98d46000 	C:\WINDOWS\system32\opengl32.dll
0x00007fff98bf0000 - 0x00007fff98c1c000 	C:\WINDOWS\SYSTEM32\GLU32.dll
0x00007fffe65a0000 - 0x00007fffe65b2000 	C:\WINDOWS\SYSTEM32\msasn1.dll
0x00007fffdeb10000 - 0x00007fffdeb41000 	C:\WINDOWS\SYSTEM32\cryptnet.dll
0x00007fffe6d00000 - 0x00007fffe6e56000 	C:\WINDOWS\System32\CRYPT32.dll
0x00007fffdc120000 - 0x00007fffdc268000 	C:\WINDOWS\SYSTEM32\drvstore.dll
0x00007fffe6780000 - 0x00007fffe67ac000 	C:\WINDOWS\SYSTEM32\devobj.dll
0x00007fffe6cb0000 - 0x00007fffe6cfe000 	C:\WINDOWS\System32\cfgmgr32.dll
0x00007fffe7000000 - 0x00007fffe7067000 	C:\WINDOWS\System32\WINTRUST.DLL
0x00007fffe8dc0000 - 0x00007fffe8ddd000 	C:\WINDOWS\System32\imagehlp.dll
0x00007fff991b0000 - 0x00007fff99474000 	C:\WINDOWS\system32\nvspcap64.dll
0x00007fffe56b0000 - 0x00007fffe56e3000 	C:\WINDOWS\SYSTEM32\ntmarta.dll
0x00007fffe5280000 - 0x00007fffe52a3000 	C:\WINDOWS\SYSTEM32\gpapi.dll
0x00007fffdc700000 - 0x00007fffdc73b000 	C:\WINDOWS\SYSTEM32\dxcore.dll
0x00007fffc53c0000 - 0x00007fffc54b9000 	C:\WINDOWS\SYSTEM32\textinputframework.dll
0x00007fffe38d0000 - 0x00007fffe3c2e000 	C:\WINDOWS\System32\CoreUIComponents.dll
0x00007fffe3c30000 - 0x00007fffe3d22000 	C:\WINDOWS\System32\CoreMessaging.dll
0x00007fffe3200000 - 0x00007fffe3354000 	C:\WINDOWS\SYSTEM32\wintypes.dll
0x00007fffdfc80000 - 0x00007fffdfc91000 	C:\Users\casqu\.p2\pool\plugins\org.eclipse.justj.openjdk.hotspot.jre.full.win32.x86_64_14.0.2.v20200815-0932\jre\bin\jsound.dll
0x00007fffb98e0000 - 0x00007fffb997c000 	C:\WINDOWS\SYSTEM32\DSOUND.dll
0x00007fffe5f80000 - 0x00007fffe5fcb000 	C:\WINDOWS\SYSTEM32\powrprof.dll
0x00007fffd8d60000 - 0x00007fffd8d86000 	C:\WINDOWS\SYSTEM32\winmmbase.dll
0x00007fffe5df0000 - 0x00007fffe5e02000 	C:\WINDOWS\SYSTEM32\UMPDC.dll
0x00007fffe7d80000 - 0x00007fffe7e29000 	C:\WINDOWS\System32\clbcatq.dll
0x00007fffde4e0000 - 0x00007fffde565000 	C:\WINDOWS\System32\MMDevApi.dll
0x00007fffcf4d0000 - 0x00007fffcf516000 	C:\WINDOWS\SYSTEM32\wdmaud.drv
0x00007fffe08c0000 - 0x00007fffe08c9000 	C:\WINDOWS\SYSTEM32\ksuser.dll
0x00007fffdfca0000 - 0x00007fffdfcaa000 	C:\WINDOWS\SYSTEM32\AVRT.dll
0x00007fffde260000 - 0x00007fffde3e2000 	C:\WINDOWS\SYSTEM32\AUDIOSES.DLL
0x00007fffcacb0000 - 0x00007fffcacbd000 	C:\WINDOWS\SYSTEM32\msacm32.drv
0x00007fffcabb0000 - 0x00007fffcabce000 	C:\WINDOWS\SYSTEM32\MSACM32.dll
0x00007fffcaca0000 - 0x00007fffcacab000 	C:\WINDOWS\SYSTEM32\midimap.dll
0x00007fffe4140000 - 0x00007fffe4154000 	C:\WINDOWS\SYSTEM32\resourcepolicyclient.dll
0x00007fffc4520000 - 0x00007fffc4661000 	C:\Windows\System32\Windows.UI.dll
0x00007fffc4300000 - 0x00007fffc4452000 	C:\Windows\System32\InputHost.dll
0x00007fffdfee0000 - 0x00007fffdff81000 	C:\Windows\System32\WindowManagementAPI.dll
0x00007fffe2150000 - 0x00007fffe2246000 	C:\Windows\System32\PROPSYS.dll
0x00007fffe12e0000 - 0x00007fffe14e0000 	C:\WINDOWS\SYSTEM32\twinapi.appcore.dll

dbghelp: loaded successfully - version: 4.0.5 - missing functions: none
symbol engine: initialized successfully - sym options: 0x614 - pdb path: .;C:\Users\casqu\.p2\pool\plugins\org.eclipse.justj.openjdk.hotspot.jre.full.win32.x86_64_14.0.2.v20200815-0932\jre\bin;C:\WINDOWS\SYSTEM32;C:\WINDOWS\WinSxS\amd64_microsoft.windows.common-controls_6595b64144ccf1df_6.0.19041.1110_none_60b5254171f9507e;C:\Users\casqu\.p2\pool\plugins\org.eclipse.justj.openjdk.hotspot.jre.full.win32.x86_64_14.0.2.v20200815-0932\jre\bin\server;C:\WINDOWS\System32\DriverStore\FileRepository\nvae.inf_amd64_fdabed922efb6704

VM Arguments:
jvm_args: -Dfile.encoding=Cp1252 -XX:+ShowCodeDetailsInExceptionMessages 
java_command: com.sunsigne.reversedrebecca.system.mainloop.Game
java_class_path (initial): C:\Users\casqu\git\ReversedRebecca\ReversedRebecca\bin;C:\Users\casqu\git\ReversedRebecca\ReversedRebecca\ressources
Launcher Type: SUN_STANDARD

[Global flags]
     intx CICompilerCount                          = 4                                         {product} {ergonomic}
     uint ConcGCThreads                            = 3                                         {product} {ergonomic}
     uint G1ConcRefinementThreads                  = 10                                        {product} {ergonomic}
   size_t G1HeapRegionSize                         = 1048576                                   {product} {ergonomic}
    uintx GCDrainStackTargetSize                   = 64                                        {product} {ergonomic}
   size_t InitialHeapSize                          = 268435456                                 {product} {ergonomic}
   size_t MarkStackSize                            = 4194304                                   {product} {ergonomic}
   size_t MaxHeapSize                              = 4271898624                                {product} {ergonomic}
   size_t MaxNewSize                               = 2562719744                                {product} {ergonomic}
   size_t MinHeapDeltaBytes                        = 1048576                                   {product} {ergonomic}
   size_t MinHeapSize                              = 8388608                                   {product} {ergonomic}
    uintx NonNMethodCodeHeapSize                   = 5839372                                {pd product} {ergonomic}
    uintx NonProfiledCodeHeapSize                  = 122909434                              {pd product} {ergonomic}
    uintx ProfiledCodeHeapSize                     = 122909434                              {pd product} {ergonomic}
    uintx ReservedCodeCacheSize                    = 251658240                              {pd product} {ergonomic}
     bool SegmentedCodeCache                       = true                                      {product} {ergonomic}
     bool ShowCodeDetailsInExceptionMessages       = true                                   {manageable} {command line}
   size_t SoftMaxHeapSize                          = 4271898624                             {manageable} {ergonomic}
     bool UseCompressedClassPointers               = true                                 {lp64_product} {ergonomic}
     bool UseCompressedOops                        = true                                 {lp64_product} {ergonomic}
     bool UseG1GC                                  = true                                      {product} {ergonomic}
     bool UseLargePagesIndividualAllocation        = false                                  {pd product} {ergonomic}

Logging:
Log output configuration:
 #0: stdout all=warning uptime,level,tags
 #1: stderr all=off uptime,level,tags

Environment Variables:
PATH=C:/Users/casqu/.p2/pool/plugins/org.eclipse.justj.openjdk.hotspot.jre.full.win32.x86_64_14.0.2.v20200815-0932/jre/bin/server;C:/Users/casqu/.p2/pool/plugins/org.eclipse.justj.openjdk.hotspot.jre.full.win32.x86_64_14.0.2.v20200815-0932/jre/bin;C:\Program Files\AdoptOpenJDK\jdk-8.0.275.1-hotspot\bin;C:\Program Files (x86)\Common Files\Intel\Shared Libraries\redist\intel64\compiler;C:\Windows\system32;C:\Windows;C:\Windows\System32\Wbem;C:\Windows\System32\WindowsPowerShell\v1.0\;C:\Windows\System32\OpenSSH\;C:\Program Files (x86)\NVIDIA Corporation\PhysX\Common;C:\Program Files\NVIDIA Corporation\NVIDIA NvDLISR;C:\Program Files (x86)\QuickTime\QTSystem\;C:\Program Files\MySQL\MySQL Server 8.0\bin;;C:\WINDOWS\system32;C:\WINDOWS;C:\WINDOWS\System32\Wbem;C:\WINDOWS\System32\WindowsPowerShell\v1.0\;C:\WINDOWS\System32\OpenSSH\;C:\Users\casqu\AppData\Local\Microsoft\WindowsApps;;C:\Users\casqu\AppData\Local\Programs\Microsoft VS Code\bin;C:\Users\casqu\OneDrive\Bureau;
USERNAME=casqu
OS=Windows_NT
PROCESSOR_IDENTIFIER=Intel64 Family 6 Model 165 Stepping 3, GenuineIntel



---------------  S Y S T E M  ---------------

OS: Windows 10 , 64 bit Build 19041 (10.0.19041.1741)
OS uptime: 0 days 6:20 hours

CPU:total 12 (initial active 12) (6 cores per cpu, 2 threads per core) family 6 model 165 stepping 3, cmov, cx8, fxsr, mmx, sse, sse2, sse3, ssse3, sse4.1, sse4.2, popcnt, avx, avx2, clmul, erms, 3dnowpref, lzcnt, ht, tsc, tscinvbit, bmi1, bmi2, adx, fma

Memory: 4k page, system-wide physical 16291M (8373M free)
TotalPageFile size 30627M (AvailPageFile size 18882M)
current process WorkingSet (physical memory assigned to process): 281M, peak: 323M
current process commit charge ("private bytes"): 456M, peak: 532M

vm_info: OpenJDK 64-Bit Server VM (14.0.2+12-46) for windows-amd64 JRE (14.0.2+12-46), built on Jul  9 2020 00:31:16 by "mach5one" with MS VC++ 15.9 (VS2017)

END.
