#
# A fatal error has been detected by the Java Runtime Environment:
#
#  EXCEPTION_ACCESS_VIOLATION (0xc0000005) at pc=0x00007ffb683d3416, pid=20680, tid=18316
#
# JRE version: OpenJDK Runtime Environment (14.0.2+12) (build 14.0.2+12-46)
# Java VM: OpenJDK 64-Bit Server VM (14.0.2+12-46, mixed mode, tiered, compressed oops, g1 gc, windows-amd64)
# Problematic frame:
# C  [ntdll.dll+0x63416]
#
# No core dump will be written. Minidumps are not enabled by default on client versions of Windows
#
# If you would like to submit a bug report, please visit:
#   https://bugreport.java.com/bugreport/crash.jsp
# The crash happened outside the Java Virtual Machine in native code.
# See problematic frame for where to report the bug.
#

---------------  S U M M A R Y ------------

Command Line: -Dfile.encoding=Cp1252 -XX:+ShowCodeDetailsInExceptionMessages com.sunsigne.reversedrebecca.system.mainloop.Game

Host: Intel(R) Core(TM) i5-10400F CPU @ 2.90GHz, 12 cores, 15G,  Windows 10 , 64 bit Build 19041 (10.0.19041.1566)
Time: Fri Mar 18 14:36:53 2022 Île Maurice elapsed time: 12 seconds (0d 0h 0m 12s)

---------------  T H R E A D  ---------------

Current thread (0x0000024f4342e000):  JavaThread "Reversed Rebecca_main" [_thread_in_native, id=18316, stack(0x00000069f1d00000,0x00000069f1e00000)]

Stack: [0x00000069f1d00000,0x00000069f1e00000],  sp=0x00000069f1dfe8f0,  free space=1018k
Native frames: (J=compiled Java code, j=interpreted, Vv=VM code, C=native code)
C  [ntdll.dll+0x63416]
C  [ntdll.dll+0x2fcb4]
C  [ntdll.dll+0x2fae2]
C  0x00007ffb5f71d65c

Java frames: (J=compiled Java code, j=interpreted, Vv=VM code)
j  sun.java2d.d3d.D3DSurfaceData.initOps(III)V+0 java.desktop@14.0.2
j  sun.java2d.d3d.D3DSurfaceData.<init>(Lsun/awt/windows/WComponentPeer;Lsun/java2d/d3d/D3DGraphicsConfig;IILjava/awt/Image;Ljava/awt/image/ColorModel;IILsun/java2d/pipe/hw/ExtendedBufferCapabilities$VSyncType;I)V+212 java.desktop@14.0.2
j  sun.java2d.d3d.D3DSurfaceData.createData(Lsun/awt/windows/WComponentPeer;Ljava/awt/Image;)Lsun/java2d/d3d/D3DSurfaceData;+117 java.desktop@14.0.2
j  sun.java2d.d3d.D3DVolatileSurfaceManager.initAcceleratedSurface()Lsun/java2d/SurfaceData;+68 java.desktop@14.0.2
j  sun.java2d.d3d.D3DVolatileSurfaceManager.restoreAcceleratedSurface()V+49 java.desktop@14.0.2
J 2732 c1 sun.awt.image.VolatileSurfaceManager.validate(Ljava/awt/GraphicsConfiguration;)I java.desktop@14.0.2 (213 bytes) @ 0x0000024f27b368b4 [0x0000024f27b36200+0x00000000000006b4]
J 2731 c1 sun.awt.image.SunVolatileImage.validate(Ljava/awt/GraphicsConfiguration;)I java.desktop@14.0.2 (9 bytes) @ 0x0000024f27b35dc4 [0x0000024f27b35cc0+0x0000000000000104]
J 2607 c1 java.awt.Component$FlipBufferStrategy.revalidate()V java.desktop@14.0.2 (145 bytes) @ 0x0000024f27aeb87c [0x0000024f27aeb3a0+0x00000000000004dc]
J 2606 c1 java.awt.Component$FlipBufferStrategy.getDrawGraphics()Ljava/awt/Graphics; java.desktop@14.0.2 (12 bytes) @ 0x0000024f27aeaf44 [0x0000024f27aeae40+0x0000000000000104]
J 2602 c1 com.sunsigne.reversedrebecca.system.mainloop.Game.render()V (59 bytes) @ 0x0000024f27ae55f4 [0x0000024f27ae52c0+0x0000000000000334]
J 2195% c2 com.sunsigne.reversedrebecca.system.mainloop.Game.run()V (145 bytes) @ 0x0000024f2ec4753c [0x0000024f2ec474c0+0x000000000000007c]
j  java.lang.Thread.run()V+11 java.base@14.0.2
v  ~StubRoutines::call_stub

siginfo: EXCEPTION_ACCESS_VIOLATION (0xc0000005), writing address 0x0000000000000024


Register to memory mapping:

RIP=0x00007ffb683d3416 ntdll.dll
RAX=0x0 is NULL
RBX=0x0000024f450c48a8 points into unknown readable memory: 00 00 00 00 00 00 00 00
RCX=0x0000024f450c48a8 points into unknown readable memory: 00 00 00 00 00 00 00 00
RDX=0x00000000fffffffa is an unknown value
RSP=0x00000069f1dfe8f0 is pointing into the stack for thread: 0x0000024f4342e000
RBP=131072 is a compressed pointer to class: 0x0000000800020000
RSI=0x0 is NULL
RDI=0x0 is NULL
R8 =0x0 is NULL
R9 =0x0000024f450c4800 points into unknown readable memory: 30 0b 78 d7 fa 7f 00 00
R10=0x0000024f44b57090 points into unknown readable memory: 03 00 00 00 1e 00 00 00
R11=0x0000024f46291480 points into unknown readable memory: 60 32 cf 10 fb 7f 00 00
R12=0x0 is NULL
R13=0x00000069efda2000 points into unknown readable memory: 00 00 00 00 00 00 00 00
R14=0x0000000000000001 is an unknown value
R15=0x0 is NULL


Registers:
RAX=0x0000000000000000, RBX=0x0000024f450c48a8, RCX=0x0000024f450c48a8, RDX=0x00000000fffffffa
RSP=0x00000069f1dfe8f0, RBP=0x0000000000020000, RSI=0x0000000000000000, RDI=0x0000000000000000
R8 =0x0000000000000000, R9 =0x0000024f450c4800, R10=0x0000024f44b57090, R11=0x0000024f46291480
R12=0x0000000000000000, R13=0x00000069efda2000, R14=0x0000000000000001, R15=0x0000000000000000
RIP=0x00007ffb683d3416, EFLAGS=0x0000000000010213

Top of Stack: (sp=0x00000069f1dfe8f0)
0x00000069f1dfe8f0:   ffffffffffffffff 0000024f450c48a8
0x00000069f1dfe900:   0000000000000000 00000069f1dfe8b8
0x00000069f1dfe910:   00000069f1dfe8f9 0000000800000005
0x00000069f1dfe920:   0000024f21250200 0000000000000000
0x00000069f1dfe930:   0000dde00124d400 0000024ffffffffa
0x00000069f1dfe940:   00000069efda2000 0000000000000000
0x00000069f1dfe950:   0000024f4aafcc78 0000000000000000
0x00000069f1dfe960:   0000024f4342e000 00007ffb10d3d300
0x00000069f1dfe970:   0000024f4342e310 00007ffad70c82b5
0x00000069f1dfe980:   000073991c2173a8 00007ffb6839b3c7
0x00000069f1dfe990:   0000024f4342e000 0000000000000001
0x00000069f1dfe9a0:   0000000000000001 0000000000000001
0x00000069f1dfe9b0:   0000000000000000 0000024f450c48a8
0x00000069f1dfe9c0:   0000000000020000 00007ffb6839fcb4
0x00000069f1dfe9d0:   00000069f1dfe398 0000024f4342e000
0x00000069f1dfe9e0:   00000000fffffffa 0000000000000000 

Instructions: (pc=0x00007ffb683d3416)
0x00007ffb683d3316:   20 e9 ed fe ff ff 48 89 41 18 e9 e4 fe ff ff cc
0x00007ffb683d3326:   cc cc cc cc cc cc cc cc cc cc 80 3d d1 71 10 00
0x00007ffb683d3336:   00 0f 95 c0 c3 cc cc cc cc cc cc cc cc cc cc cc
0x00007ffb683d3346:   cc cc cc cc cc cc cc cc cc cc 48 83 ec 38 8b 05
0x00007ffb683d3356:   d2 57 10 00 89 44 24 20 e8 41 02 00 00 48 83 c4
0x00007ffb683d3366:   38 c3 cc cc cc cc cc cc cc cc 48 89 5c 24 18 55
0x00007ffb683d3376:   56 57 41 54 41 55 41 56 41 57 48 81 ec a0 00 00
0x00007ffb683d3386:   00 48 8b 05 82 f1 11 00 48 33 c4 48 89 84 24 90
0x00007ffb683d3396:   00 00 00 65 4c 8b 2c 25 30 00 00 00 48 8d 05 4f
0x00007ffb683d33a6:   11 10 00 40 32 ed 89 54 24 48 33 f6 40 88 6c 24
0x00007ffb683d33b6:   40 4c 89 6c 24 50 48 8b d9 44 8b e6 48 3b c8 0f
0x00007ffb683d33c6:   84 39 01 00 00 40 38 35 36 71 10 00 0f 85 a8 01
0x00007ffb683d33d6:   00 00 39 35 4a 71 10 00 0f 85 6a 01 00 00 40 38
0x00007ffb683d33e6:   35 0d 6c 10 00 48 8d 3d 0e 6c 10 00 48 0f 45 fe
0x00007ffb683d33f6:   48 39 73 18 0f 84 d2 00 00 00 48 8b 03 48 83 f8
0x00007ffb683d3406:   ff 0f 84 d2 00 00 00 44 8b fe 48 83 f8 ff 74 03
0x00007ffb683d3416:   ff 40 24 4c 8b 73 18 4c 8d 2d d4 10 10 00 bd 22
0x00007ffb683d3426:   17 00 00 e8 22 14 fc ff 85 c0 0f 85 be b2 05 00
0x00007ffb683d3436:   b9 82 03 fe 7f 80 39 00 0f 85 cc b2 05 00 49 83
0x00007ffb683d3446:   fe ff 0f 85 5a b3 05 00 4c 8b cf c7 44 24 20 00
0x00007ffb683d3456:   00 00 00 41 b8 04 00 00 00 48 8d 54 24 48 48 8d
0x00007ffb683d3466:   4b 08 e8 37 01 00 00 3d 02 01 00 00 0f 84 43 b3
0x00007ffb683d3476:   05 00 8b 4b 08 89 4c 24 48 f6 c1 02 75 ca 3d 02
0x00007ffb683d3486:   01 00 00 0f 84 2c b3 05 00 0f b6 6c 24 40 4c 8b
0x00007ffb683d3496:   6c 24 50 85 c0 0f 88 78 b4 05 00 40 84 ed 75 73
0x00007ffb683d34a6:   48 8b 8c 24 90 00 00 00 48 33 cc e8 7a 8d 02 00
0x00007ffb683d34b6:   48 8b 9c 24 f0 00 00 00 48 81 c4 a0 00 00 00 41
0x00007ffb683d34c6:   5f 41 5e 41 5d 41 5c 5f 5e 5d c3 cc 48 8b cb e8
0x00007ffb683d34d6:   56 05 00 00 e9 21 ff ff ff 8b 4b 20 48 c7 c0 ff
0x00007ffb683d34e6:   ff ff ff 48 0f ba e1 18 0f 82 19 ff ff ff 48 8b
0x00007ffb683d34f6:   cb e8 44 e3 fa ff 48 8b 03 e9 09 ff ff ff c6 44
0x00007ffb683d3506:   24 40 01 41 c7 85 60 17 00 00 01 00 00 00 e9 b2 


Stack slot to memory mapping:
stack at sp + 0 slots: 0xffffffffffffffff is an unknown value
stack at sp + 1 slots: 0x0000024f450c48a8 points into unknown readable memory: 00 00 00 00 00 00 00 00
stack at sp + 2 slots: 0x0 is NULL
stack at sp + 3 slots: 0x00000069f1dfe8b8 is pointing into the stack for thread: 0x0000024f4342e000
stack at sp + 4 slots: 0x00000069f1dfe8f9 is pointing into the stack for thread: 0x0000024f4342e000
stack at sp + 5 slots: 0x0000000800000005 is pointing into metadata
stack at sp + 6 slots: 0x0000024f21250200 points into unknown readable memory: 00 00 00 00 00 00 00 00
stack at sp + 7 slots: 0x0 is NULL


---------------  P R O C E S S  ---------------

Threads class SMR info:
_java_thread_list=0x0000024f467299f0, length=16, elements={
0x0000024f433be800, 0x0000024f433bf800, 0x0000024f433f6800, 0x0000024f433fa000,
0x0000024f433fc000, 0x0000024f43407000, 0x0000024f43414000, 0x0000024f4342f800,
0x0000024f43431000, 0x0000024f4342d000, 0x0000024f4342c000, 0x0000024f43430000,
0x0000024f43432000, 0x0000024f4342e000, 0x0000024f43bd9800, 0x0000024f43bdb000
}

Java Threads: ( => current thread )
  0x0000024f433be800 JavaThread "Reference Handler" daemon [_thread_blocked, id=16016, stack(0x00000069f0900000,0x00000069f0a00000)]
  0x0000024f433bf800 JavaThread "Finalizer" daemon [_thread_blocked, id=11316, stack(0x00000069f0a00000,0x00000069f0b00000)]
  0x0000024f433f6800 JavaThread "Signal Dispatcher" daemon [_thread_blocked, id=20236, stack(0x00000069f0b00000,0x00000069f0c00000)]
  0x0000024f433fa000 JavaThread "Attach Listener" daemon [_thread_blocked, id=12560, stack(0x00000069f0c00000,0x00000069f0d00000)]
  0x0000024f433fc000 JavaThread "Service Thread" daemon [_thread_blocked, id=15008, stack(0x00000069f0d00000,0x00000069f0e00000)]
  0x0000024f43407000 JavaThread "C2 CompilerThread0" daemon [_thread_in_native, id=14100, stack(0x00000069f0e00000,0x00000069f0f00000)]
  0x0000024f43414000 JavaThread "C1 CompilerThread0" daemon [_thread_blocked, id=4416, stack(0x00000069f0f00000,0x00000069f1000000)]
  0x0000024f4342f800 JavaThread "Sweeper thread" daemon [_thread_blocked, id=1668, stack(0x00000069f1000000,0x00000069f1100000)]
  0x0000024f43431000 JavaThread "Notification Thread" daemon [_thread_blocked, id=16416, stack(0x00000069f1100000,0x00000069f1200000)]
  0x0000024f4342d000 JavaThread "Common-Cleaner" daemon [_thread_blocked, id=11428, stack(0x00000069f1300000,0x00000069f1400000)]
  0x0000024f4342c000 JavaThread "Java2D Disposer" daemon [_thread_blocked, id=14988, stack(0x00000069f1400000,0x00000069f1500000)]
  0x0000024f43430000 JavaThread "AWT-Shutdown" [_thread_blocked, id=13972, stack(0x00000069f1600000,0x00000069f1700000)]
  0x0000024f43432000 JavaThread "AWT-EventQueue-0" [_thread_blocked, id=8844, stack(0x00000069f1c00000,0x00000069f1d00000)]
=>0x0000024f4342e000 JavaThread "Reversed Rebecca_main" [_thread_in_native, id=18316, stack(0x00000069f1d00000,0x00000069f1e00000)]
  0x0000024f43bd9800 JavaThread "DestroyJavaVM" [_thread_blocked, id=11124, stack(0x00000069f0200000,0x00000069f0300000)]
  0x0000024f43bdb000 JavaThread "ToolkitShutdown" daemon [_thread_in_native, id=13816, stack(0x00000069f1500000,0x00000069f1600000)]

Other Threads:
  0x0000024f433a5800 VMThread "VM Thread" [stack: 0x00000069f0800000,0x00000069f0900000] [id=4868]
  0x0000024f435b8800 WatcherThread [stack: 0x00000069f1200000,0x00000069f1300000] [id=9892]
  0x0000024f233ff800 GCTaskThread "GC Thread#0" [stack: 0x00000069f0300000,0x00000069f0400000] [id=11980]
  0x0000024f44a4e800 GCTaskThread "GC Thread#1" [stack: 0x00000069f1f30000,0x00000069f2030000] [id=18044]
  0x0000024f44a4f000 GCTaskThread "GC Thread#2" [stack: 0x00000069f2030000,0x00000069f2130000] [id=3304]
  0x0000024f44a41000 GCTaskThread "GC Thread#3" [stack: 0x00000069f2130000,0x00000069f2230000] [id=18656]
  0x0000024f44a46800 GCTaskThread "GC Thread#4" [stack: 0x00000069f2230000,0x00000069f2330000] [id=4272]
  0x0000024f44a47000 GCTaskThread "GC Thread#5" [stack: 0x00000069f2330000,0x00000069f2430000] [id=15108]
  0x0000024f461b1800 GCTaskThread "GC Thread#6" [stack: 0x00000069f2430000,0x00000069f2530000] [id=12360]
  0x0000024f461b6000 GCTaskThread "GC Thread#7" [stack: 0x00000069f2530000,0x00000069f2630000] [id=14048]
  0x0000024f23422800 ConcurrentGCThread "G1 Main Marker" [stack: 0x00000069f0400000,0x00000069f0500000] [id=16792]
  0x0000024f23424800 ConcurrentGCThread "G1 Conc#0" [stack: 0x00000069f0500000,0x00000069f0600000] [id=18608]
  0x0000024f429bf000 ConcurrentGCThread "G1 Refine#0" [stack: 0x00000069f0600000,0x00000069f0700000] [id=12156]
  0x0000024f429c3800 ConcurrentGCThread "G1 Young RemSet Sampling" [stack: 0x00000069f0700000,0x00000069f0800000] [id=20436]

Threads with active compile tasks:
C2 CompilerThread0    12739 3005       4       java.util.Scanner::findWithinHorizon (83 bytes)

VM state:not at safepoint (normal execution)

VM Mutex/Monitor currently owned by a thread: None

Heap address: 0x0000000701600000, size: 4074 MB, Compressed Oops mode: Zero based, Oop shift amount: 3
Narrow klass base: 0x0000000800000000, Narrow klass shift: 0
Compressed class space size: 1073741824 Address: 0x0000000800000000

Heap:
 garbage-first heap   total 262144K, used 129983K [0x0000000701600000, 0x0000000800000000)
  region size 1024K, 109 young (111616K), 3 survivors (3072K)
 Metaspace       used 18026K, capacity 18388K, committed 18560K, reserved 1067008K
  class space    used 1759K, capacity 1897K, committed 1920K, reserved 1048576K
Heap Regions: E=young(eden), S=young(survivor), O=old, HS=humongous(starts), HC=humongous(continues), CS=collection set, F=free, OA=open archive, CA=closed archive, TAMS=top-at-mark-start (previous, next)
|   0|0x0000000701600000, 0x0000000701700000, 0x0000000701700000|100%| O|  |TAMS 0x0000000701600000, 0x0000000701600000| Untracked 
|   1|0x0000000701700000, 0x0000000701800000, 0x0000000701800000|100%|HS|  |TAMS 0x0000000701700000, 0x0000000701700000| Complete 
|   2|0x0000000701800000, 0x0000000701900000, 0x0000000701900000|100%|HC|  |TAMS 0x0000000701800000, 0x0000000701800000| Complete 
|   3|0x0000000701900000, 0x0000000701a00000, 0x0000000701a00000|100%|HS|  |TAMS 0x0000000701900000, 0x0000000701900000| Complete 
|   4|0x0000000701a00000, 0x0000000701b00000, 0x0000000701b00000|100%|HC|  |TAMS 0x0000000701a00000, 0x0000000701a00000| Complete 
|   5|0x0000000701b00000, 0x0000000701c00000, 0x0000000701c00000|100%|HS|  |TAMS 0x0000000701b00000, 0x0000000701b00000| Complete 
|   6|0x0000000701c00000, 0x0000000701d00000, 0x0000000701d00000|100%|HC|  |TAMS 0x0000000701c00000, 0x0000000701c00000| Complete 
|   7|0x0000000701d00000, 0x0000000701e00000, 0x0000000701e00000|100%|HS|  |TAMS 0x0000000701d00000, 0x0000000701d00000| Complete 
|   8|0x0000000701e00000, 0x0000000701f00000, 0x0000000701f00000|100%|HC|  |TAMS 0x0000000701e00000, 0x0000000701e00000| Complete 
|   9|0x0000000701f00000, 0x0000000702000000, 0x0000000702000000|100%|HS|  |TAMS 0x0000000701f00000, 0x0000000701f00000| Complete 
|  10|0x0000000702000000, 0x0000000702100000, 0x0000000702100000|100%|HC|  |TAMS 0x0000000702000000, 0x0000000702000000| Complete 
|  11|0x0000000702100000, 0x0000000702200000, 0x0000000702200000|100%| O|  |TAMS 0x0000000702100000, 0x0000000702100000| Untracked 
|  12|0x0000000702200000, 0x0000000702300000, 0x0000000702300000|100%| O|  |TAMS 0x0000000702200000, 0x0000000702200000| Untracked 
|  13|0x0000000702300000, 0x000000070237b400, 0x0000000702400000| 48%| O|  |TAMS 0x0000000702300000, 0x0000000702300000| Untracked 
|  14|0x0000000702400000, 0x0000000702500000, 0x0000000702500000|100%|HS|  |TAMS 0x0000000702400000, 0x0000000702400000| Complete 
|  15|0x0000000702500000, 0x0000000702600000, 0x0000000702600000|100%|HC|  |TAMS 0x0000000702500000, 0x0000000702500000| Complete 
|  16|0x0000000702600000, 0x0000000702700000, 0x0000000702700000|100%|HS|  |TAMS 0x0000000702600000, 0x0000000702600000| Complete 
|  17|0x0000000702700000, 0x0000000702800000, 0x0000000702800000|100%|HC|  |TAMS 0x0000000702700000, 0x0000000702700000| Complete 
|  18|0x0000000702800000, 0x0000000702800000, 0x0000000702900000|  0%| F|  |TAMS 0x0000000702800000, 0x0000000702800000| Untracked 
|  19|0x0000000702900000, 0x0000000702900000, 0x0000000702a00000|  0%| F|  |TAMS 0x0000000702900000, 0x0000000702900000| Untracked 
|  20|0x0000000702a00000, 0x0000000702a00000, 0x0000000702b00000|  0%| F|  |TAMS 0x0000000702a00000, 0x0000000702a00000| Untracked 
|  21|0x0000000702b00000, 0x0000000702b00000, 0x0000000702c00000|  0%| F|  |TAMS 0x0000000702b00000, 0x0000000702b00000| Untracked 
|  22|0x0000000702c00000, 0x0000000702c00000, 0x0000000702d00000|  0%| F|  |TAMS 0x0000000702c00000, 0x0000000702c00000| Untracked 
|  23|0x0000000702d00000, 0x0000000702d00000, 0x0000000702e00000|  0%| F|  |TAMS 0x0000000702d00000, 0x0000000702d00000| Untracked 
|  24|0x0000000702e00000, 0x0000000702e00000, 0x0000000702f00000|  0%| F|  |TAMS 0x0000000702e00000, 0x0000000702e00000| Untracked 
|  25|0x0000000702f00000, 0x0000000702f00000, 0x0000000703000000|  0%| F|  |TAMS 0x0000000702f00000, 0x0000000702f00000| Untracked 
|  26|0x0000000703000000, 0x0000000703000000, 0x0000000703100000|  0%| F|  |TAMS 0x0000000703000000, 0x0000000703000000| Untracked 
|  27|0x0000000703100000, 0x0000000703100000, 0x0000000703200000|  0%| F|  |TAMS 0x0000000703100000, 0x0000000703100000| Untracked 
|  28|0x0000000703200000, 0x0000000703200000, 0x0000000703300000|  0%| F|  |TAMS 0x0000000703200000, 0x0000000703200000| Untracked 
|  29|0x0000000703300000, 0x0000000703300000, 0x0000000703400000|  0%| F|  |TAMS 0x0000000703300000, 0x0000000703300000| Untracked 
|  30|0x0000000703400000, 0x0000000703400000, 0x0000000703500000|  0%| F|  |TAMS 0x0000000703400000, 0x0000000703400000| Untracked 
|  31|0x0000000703500000, 0x0000000703500000, 0x0000000703600000|  0%| F|  |TAMS 0x0000000703500000, 0x0000000703500000| Untracked 
|  32|0x0000000703600000, 0x0000000703600000, 0x0000000703700000|  0%| F|  |TAMS 0x0000000703600000, 0x0000000703600000| Untracked 
|  33|0x0000000703700000, 0x0000000703700000, 0x0000000703800000|  0%| F|  |TAMS 0x0000000703700000, 0x0000000703700000| Untracked 
|  34|0x0000000703800000, 0x0000000703800000, 0x0000000703900000|  0%| F|  |TAMS 0x0000000703800000, 0x0000000703800000| Untracked 
|  35|0x0000000703900000, 0x0000000703900000, 0x0000000703a00000|  0%| F|  |TAMS 0x0000000703900000, 0x0000000703900000| Untracked 
|  36|0x0000000703a00000, 0x0000000703a00000, 0x0000000703b00000|  0%| F|  |TAMS 0x0000000703a00000, 0x0000000703a00000| Untracked 
|  37|0x0000000703b00000, 0x0000000703b00000, 0x0000000703c00000|  0%| F|  |TAMS 0x0000000703b00000, 0x0000000703b00000| Untracked 
|  38|0x0000000703c00000, 0x0000000703c00000, 0x0000000703d00000|  0%| F|  |TAMS 0x0000000703c00000, 0x0000000703c00000| Untracked 
|  39|0x0000000703d00000, 0x0000000703d00000, 0x0000000703e00000|  0%| F|  |TAMS 0x0000000703d00000, 0x0000000703d00000| Untracked 
|  40|0x0000000703e00000, 0x0000000703e00000, 0x0000000703f00000|  0%| F|  |TAMS 0x0000000703e00000, 0x0000000703e00000| Untracked 
|  41|0x0000000703f00000, 0x0000000703f00000, 0x0000000704000000|  0%| F|  |TAMS 0x0000000703f00000, 0x0000000703f00000| Untracked 
|  42|0x0000000704000000, 0x0000000704000000, 0x0000000704100000|  0%| F|  |TAMS 0x0000000704000000, 0x0000000704000000| Untracked 
|  43|0x0000000704100000, 0x0000000704100000, 0x0000000704200000|  0%| F|  |TAMS 0x0000000704100000, 0x0000000704100000| Untracked 
|  44|0x0000000704200000, 0x0000000704200000, 0x0000000704300000|  0%| F|  |TAMS 0x0000000704200000, 0x0000000704200000| Untracked 
|  45|0x0000000704300000, 0x0000000704300000, 0x0000000704400000|  0%| F|  |TAMS 0x0000000704300000, 0x0000000704300000| Untracked 
|  46|0x0000000704400000, 0x0000000704400000, 0x0000000704500000|  0%| F|  |TAMS 0x0000000704400000, 0x0000000704400000| Untracked 
|  47|0x0000000704500000, 0x0000000704500000, 0x0000000704600000|  0%| F|  |TAMS 0x0000000704500000, 0x0000000704500000| Untracked 
|  48|0x0000000704600000, 0x0000000704600000, 0x0000000704700000|  0%| F|  |TAMS 0x0000000704600000, 0x0000000704600000| Untracked 
|  49|0x0000000704700000, 0x0000000704700000, 0x0000000704800000|  0%| F|  |TAMS 0x0000000704700000, 0x0000000704700000| Untracked 
|  50|0x0000000704800000, 0x0000000704900000, 0x0000000704900000|100%|HS|  |TAMS 0x0000000704800000, 0x0000000704800000| Complete 
|  51|0x0000000704900000, 0x0000000704a00000, 0x0000000704a00000|100%|HC|  |TAMS 0x0000000704900000, 0x0000000704900000| Complete 
|  52|0x0000000704a00000, 0x0000000704a00000, 0x0000000704b00000|  0%| F|  |TAMS 0x0000000704a00000, 0x0000000704a00000| Untracked 
|  53|0x0000000704b00000, 0x0000000704b00000, 0x0000000704c00000|  0%| F|  |TAMS 0x0000000704b00000, 0x0000000704b00000| Untracked 
|  54|0x0000000704c00000, 0x0000000704c00000, 0x0000000704d00000|  0%| F|  |TAMS 0x0000000704c00000, 0x0000000704c00000| Untracked 
|  55|0x0000000704d00000, 0x0000000704d00000, 0x0000000704e00000|  0%| F|  |TAMS 0x0000000704d00000, 0x0000000704d00000| Untracked 
|  56|0x0000000704e00000, 0x0000000704e00000, 0x0000000704f00000|  0%| F|  |TAMS 0x0000000704e00000, 0x0000000704e00000| Untracked 
|  57|0x0000000704f00000, 0x0000000704f00000, 0x0000000705000000|  0%| F|  |TAMS 0x0000000704f00000, 0x0000000704f00000| Untracked 
|  58|0x0000000705000000, 0x0000000705000000, 0x0000000705100000|  0%| F|  |TAMS 0x0000000705000000, 0x0000000705000000| Untracked 
|  59|0x0000000705100000, 0x0000000705100000, 0x0000000705200000|  0%| F|  |TAMS 0x0000000705100000, 0x0000000705100000| Untracked 
|  60|0x0000000705200000, 0x0000000705200000, 0x0000000705300000|  0%| F|  |TAMS 0x0000000705200000, 0x0000000705200000| Untracked 
|  61|0x0000000705300000, 0x0000000705300000, 0x0000000705400000|  0%| F|  |TAMS 0x0000000705300000, 0x0000000705300000| Untracked 
|  62|0x0000000705400000, 0x0000000705400000, 0x0000000705500000|  0%| F|  |TAMS 0x0000000705400000, 0x0000000705400000| Untracked 
|  63|0x0000000705500000, 0x0000000705500000, 0x0000000705600000|  0%| F|  |TAMS 0x0000000705500000, 0x0000000705500000| Untracked 
|  64|0x0000000705600000, 0x0000000705600000, 0x0000000705700000|  0%| F|  |TAMS 0x0000000705600000, 0x0000000705600000| Untracked 
|  65|0x0000000705700000, 0x0000000705700000, 0x0000000705800000|  0%| F|  |TAMS 0x0000000705700000, 0x0000000705700000| Untracked 
|  66|0x0000000705800000, 0x0000000705800000, 0x0000000705900000|  0%| F|  |TAMS 0x0000000705800000, 0x0000000705800000| Untracked 
|  67|0x0000000705900000, 0x0000000705900000, 0x0000000705a00000|  0%| F|  |TAMS 0x0000000705900000, 0x0000000705900000| Untracked 
|  68|0x0000000705a00000, 0x0000000705a00000, 0x0000000705b00000|  0%| F|  |TAMS 0x0000000705a00000, 0x0000000705a00000| Untracked 
|  69|0x0000000705b00000, 0x0000000705b00000, 0x0000000705c00000|  0%| F|  |TAMS 0x0000000705b00000, 0x0000000705b00000| Untracked 
|  70|0x0000000705c00000, 0x0000000705c00000, 0x0000000705d00000|  0%| F|  |TAMS 0x0000000705c00000, 0x0000000705c00000| Untracked 
|  71|0x0000000705d00000, 0x0000000705d00000, 0x0000000705e00000|  0%| F|  |TAMS 0x0000000705d00000, 0x0000000705d00000| Untracked 
|  72|0x0000000705e00000, 0x0000000705e00000, 0x0000000705f00000|  0%| F|  |TAMS 0x0000000705e00000, 0x0000000705e00000| Untracked 
|  73|0x0000000705f00000, 0x0000000705f00000, 0x0000000706000000|  0%| F|  |TAMS 0x0000000705f00000, 0x0000000705f00000| Untracked 
|  74|0x0000000706000000, 0x0000000706000000, 0x0000000706100000|  0%| F|  |TAMS 0x0000000706000000, 0x0000000706000000| Untracked 
|  75|0x0000000706100000, 0x0000000706100000, 0x0000000706200000|  0%| F|  |TAMS 0x0000000706100000, 0x0000000706100000| Untracked 
|  76|0x0000000706200000, 0x0000000706200000, 0x0000000706300000|  0%| F|  |TAMS 0x0000000706200000, 0x0000000706200000| Untracked 
|  77|0x0000000706300000, 0x0000000706300000, 0x0000000706400000|  0%| F|  |TAMS 0x0000000706300000, 0x0000000706300000| Untracked 
|  78|0x0000000706400000, 0x0000000706400000, 0x0000000706500000|  0%| F|  |TAMS 0x0000000706400000, 0x0000000706400000| Untracked 
|  79|0x0000000706500000, 0x0000000706500000, 0x0000000706600000|  0%| F|  |TAMS 0x0000000706500000, 0x0000000706500000| Untracked 
|  80|0x0000000706600000, 0x0000000706600000, 0x0000000706700000|  0%| F|  |TAMS 0x0000000706600000, 0x0000000706600000| Untracked 
|  81|0x0000000706700000, 0x0000000706700000, 0x0000000706800000|  0%| F|  |TAMS 0x0000000706700000, 0x0000000706700000| Untracked 
|  82|0x0000000706800000, 0x0000000706800000, 0x0000000706900000|  0%| F|  |TAMS 0x0000000706800000, 0x0000000706800000| Untracked 
|  83|0x0000000706900000, 0x0000000706900000, 0x0000000706a00000|  0%| F|  |TAMS 0x0000000706900000, 0x0000000706900000| Untracked 
|  84|0x0000000706a00000, 0x0000000706a00000, 0x0000000706b00000|  0%| F|  |TAMS 0x0000000706a00000, 0x0000000706a00000| Untracked 
|  85|0x0000000706b00000, 0x0000000706b00000, 0x0000000706c00000|  0%| F|  |TAMS 0x0000000706b00000, 0x0000000706b00000| Untracked 
|  86|0x0000000706c00000, 0x0000000706c00000, 0x0000000706d00000|  0%| F|  |TAMS 0x0000000706c00000, 0x0000000706c00000| Untracked 
|  87|0x0000000706d00000, 0x0000000706d00000, 0x0000000706e00000|  0%| F|  |TAMS 0x0000000706d00000, 0x0000000706d00000| Untracked 
|  88|0x0000000706e00000, 0x0000000706e00000, 0x0000000706f00000|  0%| F|  |TAMS 0x0000000706e00000, 0x0000000706e00000| Untracked 
|  89|0x0000000706f00000, 0x0000000706f00000, 0x0000000707000000|  0%| F|  |TAMS 0x0000000706f00000, 0x0000000706f00000| Untracked 
|  90|0x0000000707000000, 0x0000000707000000, 0x0000000707100000|  0%| F|  |TAMS 0x0000000707000000, 0x0000000707000000| Untracked 
|  91|0x0000000707100000, 0x0000000707100000, 0x0000000707200000|  0%| F|  |TAMS 0x0000000707100000, 0x0000000707100000| Untracked 
|  92|0x0000000707200000, 0x0000000707200000, 0x0000000707300000|  0%| F|  |TAMS 0x0000000707200000, 0x0000000707200000| Untracked 
|  93|0x0000000707300000, 0x0000000707300000, 0x0000000707400000|  0%| F|  |TAMS 0x0000000707300000, 0x0000000707300000| Untracked 
|  94|0x0000000707400000, 0x0000000707400000, 0x0000000707500000|  0%| F|  |TAMS 0x0000000707400000, 0x0000000707400000| Untracked 
|  95|0x0000000707500000, 0x0000000707500000, 0x0000000707600000|  0%| F|  |TAMS 0x0000000707500000, 0x0000000707500000| Untracked 
|  96|0x0000000707600000, 0x0000000707600000, 0x0000000707700000|  0%| F|  |TAMS 0x0000000707600000, 0x0000000707600000| Untracked 
|  97|0x0000000707700000, 0x0000000707700000, 0x0000000707800000|  0%| F|  |TAMS 0x0000000707700000, 0x0000000707700000| Untracked 
|  98|0x0000000707800000, 0x0000000707800000, 0x0000000707900000|  0%| F|  |TAMS 0x0000000707800000, 0x0000000707800000| Untracked 
|  99|0x0000000707900000, 0x0000000707900000, 0x0000000707a00000|  0%| F|  |TAMS 0x0000000707900000, 0x0000000707900000| Untracked 
| 100|0x0000000707a00000, 0x0000000707a749f0, 0x0000000707b00000| 45%| S|CS|TAMS 0x0000000707a00000, 0x0000000707a00000| Complete 
| 101|0x0000000707b00000, 0x0000000707b00000, 0x0000000707c00000|  0%| F|  |TAMS 0x0000000707b00000, 0x0000000707b00000| Untracked 
| 102|0x0000000707c00000, 0x0000000707d00000, 0x0000000707d00000|100%| S|CS|TAMS 0x0000000707c00000, 0x0000000707c00000| Complete 
| 103|0x0000000707d00000, 0x0000000707e00000, 0x0000000707e00000|100%| S|CS|TAMS 0x0000000707d00000, 0x0000000707d00000| Complete 
| 104|0x0000000707e00000, 0x0000000707e00000, 0x0000000707f00000|  0%| F|  |TAMS 0x0000000707e00000, 0x0000000707e00000| Untracked 
| 105|0x0000000707f00000, 0x0000000707f00000, 0x0000000708000000|  0%| F|  |TAMS 0x0000000707f00000, 0x0000000707f00000| Untracked 
| 106|0x0000000708000000, 0x0000000708000000, 0x0000000708100000|  0%| F|  |TAMS 0x0000000708000000, 0x0000000708000000| Untracked 
| 107|0x0000000708100000, 0x0000000708100000, 0x0000000708200000|  0%| F|  |TAMS 0x0000000708100000, 0x0000000708100000| Untracked 
| 108|0x0000000708200000, 0x0000000708200000, 0x0000000708300000|  0%| F|  |TAMS 0x0000000708200000, 0x0000000708200000| Untracked 
| 109|0x0000000708300000, 0x0000000708300000, 0x0000000708400000|  0%| F|  |TAMS 0x0000000708300000, 0x0000000708300000| Untracked 
| 110|0x0000000708400000, 0x0000000708400000, 0x0000000708500000|  0%| F|  |TAMS 0x0000000708400000, 0x0000000708400000| Untracked 
| 111|0x0000000708500000, 0x0000000708500000, 0x0000000708600000|  0%| F|  |TAMS 0x0000000708500000, 0x0000000708500000| Untracked 
| 112|0x0000000708600000, 0x0000000708600000, 0x0000000708700000|  0%| F|  |TAMS 0x0000000708600000, 0x0000000708600000| Untracked 
| 113|0x0000000708700000, 0x0000000708700000, 0x0000000708800000|  0%| F|  |TAMS 0x0000000708700000, 0x0000000708700000| Untracked 
| 114|0x0000000708800000, 0x0000000708800000, 0x0000000708900000|  0%| F|  |TAMS 0x0000000708800000, 0x0000000708800000| Untracked 
| 115|0x0000000708900000, 0x0000000708900000, 0x0000000708a00000|  0%| F|  |TAMS 0x0000000708900000, 0x0000000708900000| Untracked 
| 116|0x0000000708a00000, 0x0000000708a00000, 0x0000000708b00000|  0%| F|  |TAMS 0x0000000708a00000, 0x0000000708a00000| Untracked 
| 117|0x0000000708b00000, 0x0000000708b00000, 0x0000000708c00000|  0%| F|  |TAMS 0x0000000708b00000, 0x0000000708b00000| Untracked 
| 118|0x0000000708c00000, 0x0000000708c00000, 0x0000000708d00000|  0%| F|  |TAMS 0x0000000708c00000, 0x0000000708c00000| Untracked 
| 119|0x0000000708d00000, 0x0000000708d00000, 0x0000000708e00000|  0%| F|  |TAMS 0x0000000708d00000, 0x0000000708d00000| Untracked 
| 120|0x0000000708e00000, 0x0000000708e00000, 0x0000000708f00000|  0%| F|  |TAMS 0x0000000708e00000, 0x0000000708e00000| Untracked 
| 121|0x0000000708f00000, 0x0000000708f00000, 0x0000000709000000|  0%| F|  |TAMS 0x0000000708f00000, 0x0000000708f00000| Untracked 
| 122|0x0000000709000000, 0x0000000709000000, 0x0000000709100000|  0%| F|  |TAMS 0x0000000709000000, 0x0000000709000000| Untracked 
| 123|0x0000000709100000, 0x0000000709100000, 0x0000000709200000|  0%| F|  |TAMS 0x0000000709100000, 0x0000000709100000| Untracked 
| 124|0x0000000709200000, 0x0000000709200000, 0x0000000709300000|  0%| F|  |TAMS 0x0000000709200000, 0x0000000709200000| Untracked 
| 125|0x0000000709300000, 0x0000000709300000, 0x0000000709400000|  0%| F|  |TAMS 0x0000000709300000, 0x0000000709300000| Untracked 
| 126|0x0000000709400000, 0x0000000709400000, 0x0000000709500000|  0%| F|  |TAMS 0x0000000709400000, 0x0000000709400000| Untracked 
| 127|0x0000000709500000, 0x0000000709500000, 0x0000000709600000|  0%| F|  |TAMS 0x0000000709500000, 0x0000000709500000| Untracked 
| 128|0x0000000709600000, 0x0000000709600000, 0x0000000709700000|  0%| F|  |TAMS 0x0000000709600000, 0x0000000709600000| Untracked 
| 129|0x0000000709700000, 0x0000000709700000, 0x0000000709800000|  0%| F|  |TAMS 0x0000000709700000, 0x0000000709700000| Untracked 
| 130|0x0000000709800000, 0x0000000709800000, 0x0000000709900000|  0%| F|  |TAMS 0x0000000709800000, 0x0000000709800000| Untracked 
| 131|0x0000000709900000, 0x0000000709900000, 0x0000000709a00000|  0%| F|  |TAMS 0x0000000709900000, 0x0000000709900000| Untracked 
| 132|0x0000000709a00000, 0x0000000709a00000, 0x0000000709b00000|  0%| F|  |TAMS 0x0000000709a00000, 0x0000000709a00000| Untracked 
| 133|0x0000000709b00000, 0x0000000709b00000, 0x0000000709c00000|  0%| F|  |TAMS 0x0000000709b00000, 0x0000000709b00000| Untracked 
| 134|0x0000000709c00000, 0x0000000709c00000, 0x0000000709d00000|  0%| F|  |TAMS 0x0000000709c00000, 0x0000000709c00000| Untracked 
| 135|0x0000000709d00000, 0x0000000709d00000, 0x0000000709e00000|  0%| F|  |TAMS 0x0000000709d00000, 0x0000000709d00000| Untracked 
| 136|0x0000000709e00000, 0x0000000709e00000, 0x0000000709f00000|  0%| F|  |TAMS 0x0000000709e00000, 0x0000000709e00000| Untracked 
| 137|0x0000000709f00000, 0x0000000709f00000, 0x000000070a000000|  0%| F|  |TAMS 0x0000000709f00000, 0x0000000709f00000| Untracked 
| 138|0x000000070a000000, 0x000000070a000000, 0x000000070a100000|  0%| F|  |TAMS 0x000000070a000000, 0x000000070a000000| Untracked 
| 139|0x000000070a100000, 0x000000070a100000, 0x000000070a200000|  0%| F|  |TAMS 0x000000070a100000, 0x000000070a100000| Untracked 
| 140|0x000000070a200000, 0x000000070a200000, 0x000000070a300000|  0%| F|  |TAMS 0x000000070a200000, 0x000000070a200000| Untracked 
| 141|0x000000070a300000, 0x000000070a300000, 0x000000070a400000|  0%| F|  |TAMS 0x000000070a300000, 0x000000070a300000| Untracked 
| 142|0x000000070a400000, 0x000000070a400000, 0x000000070a500000|  0%| F|  |TAMS 0x000000070a400000, 0x000000070a400000| Untracked 
| 143|0x000000070a500000, 0x000000070a500000, 0x000000070a600000|  0%| F|  |TAMS 0x000000070a500000, 0x000000070a500000| Untracked 
| 144|0x000000070a600000, 0x000000070a600000, 0x000000070a700000|  0%| F|  |TAMS 0x000000070a600000, 0x000000070a600000| Untracked 
| 145|0x000000070a700000, 0x000000070a700000, 0x000000070a800000|  0%| F|  |TAMS 0x000000070a700000, 0x000000070a700000| Untracked 
| 146|0x000000070a800000, 0x000000070a800000, 0x000000070a900000|  0%| F|  |TAMS 0x000000070a800000, 0x000000070a800000| Untracked 
| 147|0x000000070a900000, 0x000000070a900000, 0x000000070aa00000|  0%| F|  |TAMS 0x000000070a900000, 0x000000070a900000| Untracked 
| 148|0x000000070aa00000, 0x000000070aa00000, 0x000000070ab00000|  0%| F|  |TAMS 0x000000070aa00000, 0x000000070aa00000| Untracked 
| 149|0x000000070ab00000, 0x000000070ab00000, 0x000000070ac00000|  0%| F|  |TAMS 0x000000070ab00000, 0x000000070ab00000| Untracked 
| 150|0x000000070ac00000, 0x000000070ad00000, 0x000000070ad00000|100%| E|  |TAMS 0x000000070ac00000, 0x000000070ac00000| Complete 
| 151|0x000000070ad00000, 0x000000070ae00000, 0x000000070ae00000|100%| E|CS|TAMS 0x000000070ad00000, 0x000000070ad00000| Complete 
| 152|0x000000070ae00000, 0x000000070af00000, 0x000000070af00000|100%| E|CS|TAMS 0x000000070ae00000, 0x000000070ae00000| Complete 
| 153|0x000000070af00000, 0x000000070b000000, 0x000000070b000000|100%| E|CS|TAMS 0x000000070af00000, 0x000000070af00000| Complete 
| 154|0x000000070b000000, 0x000000070b100000, 0x000000070b100000|100%| E|CS|TAMS 0x000000070b000000, 0x000000070b000000| Complete 
| 155|0x000000070b100000, 0x000000070b200000, 0x000000070b200000|100%| E|CS|TAMS 0x000000070b100000, 0x000000070b100000| Complete 
| 156|0x000000070b200000, 0x000000070b300000, 0x000000070b300000|100%| E|CS|TAMS 0x000000070b200000, 0x000000070b200000| Complete 
| 157|0x000000070b300000, 0x000000070b400000, 0x000000070b400000|100%| E|CS|TAMS 0x000000070b300000, 0x000000070b300000| Complete 
| 158|0x000000070b400000, 0x000000070b500000, 0x000000070b500000|100%| E|CS|TAMS 0x000000070b400000, 0x000000070b400000| Complete 
| 159|0x000000070b500000, 0x000000070b600000, 0x000000070b600000|100%| E|CS|TAMS 0x000000070b500000, 0x000000070b500000| Complete 
| 160|0x000000070b600000, 0x000000070b700000, 0x000000070b700000|100%| E|CS|TAMS 0x000000070b600000, 0x000000070b600000| Complete 
| 161|0x000000070b700000, 0x000000070b800000, 0x000000070b800000|100%| E|CS|TAMS 0x000000070b700000, 0x000000070b700000| Complete 
| 162|0x000000070b800000, 0x000000070b900000, 0x000000070b900000|100%| E|CS|TAMS 0x000000070b800000, 0x000000070b800000| Complete 
| 163|0x000000070b900000, 0x000000070ba00000, 0x000000070ba00000|100%| E|CS|TAMS 0x000000070b900000, 0x000000070b900000| Complete 
| 164|0x000000070ba00000, 0x000000070bb00000, 0x000000070bb00000|100%| E|CS|TAMS 0x000000070ba00000, 0x000000070ba00000| Complete 
| 165|0x000000070bb00000, 0x000000070bc00000, 0x000000070bc00000|100%| E|CS|TAMS 0x000000070bb00000, 0x000000070bb00000| Complete 
| 166|0x000000070bc00000, 0x000000070bd00000, 0x000000070bd00000|100%| E|CS|TAMS 0x000000070bc00000, 0x000000070bc00000| Complete 
| 167|0x000000070bd00000, 0x000000070be00000, 0x000000070be00000|100%| E|CS|TAMS 0x000000070bd00000, 0x000000070bd00000| Complete 
| 168|0x000000070be00000, 0x000000070bf00000, 0x000000070bf00000|100%| E|CS|TAMS 0x000000070be00000, 0x000000070be00000| Complete 
| 169|0x000000070bf00000, 0x000000070c000000, 0x000000070c000000|100%| E|CS|TAMS 0x000000070bf00000, 0x000000070bf00000| Complete 
| 170|0x000000070c000000, 0x000000070c100000, 0x000000070c100000|100%| E|CS|TAMS 0x000000070c000000, 0x000000070c000000| Complete 
| 171|0x000000070c100000, 0x000000070c200000, 0x000000070c200000|100%| E|CS|TAMS 0x000000070c100000, 0x000000070c100000| Complete 
| 172|0x000000070c200000, 0x000000070c300000, 0x000000070c300000|100%| E|CS|TAMS 0x000000070c200000, 0x000000070c200000| Complete 
| 173|0x000000070c300000, 0x000000070c400000, 0x000000070c400000|100%| E|CS|TAMS 0x000000070c300000, 0x000000070c300000| Complete 
| 174|0x000000070c400000, 0x000000070c500000, 0x000000070c500000|100%| E|CS|TAMS 0x000000070c400000, 0x000000070c400000| Complete 
| 175|0x000000070c500000, 0x000000070c600000, 0x000000070c600000|100%| E|CS|TAMS 0x000000070c500000, 0x000000070c500000| Complete 
| 176|0x000000070c600000, 0x000000070c700000, 0x000000070c700000|100%| E|CS|TAMS 0x000000070c600000, 0x000000070c600000| Complete 
| 177|0x000000070c700000, 0x000000070c800000, 0x000000070c800000|100%| E|CS|TAMS 0x000000070c700000, 0x000000070c700000| Complete 
| 178|0x000000070c800000, 0x000000070c900000, 0x000000070c900000|100%| E|CS|TAMS 0x000000070c800000, 0x000000070c800000| Complete 
| 179|0x000000070c900000, 0x000000070ca00000, 0x000000070ca00000|100%| E|CS|TAMS 0x000000070c900000, 0x000000070c900000| Complete 
| 180|0x000000070ca00000, 0x000000070cb00000, 0x000000070cb00000|100%| E|CS|TAMS 0x000000070ca00000, 0x000000070ca00000| Complete 
| 181|0x000000070cb00000, 0x000000070cc00000, 0x000000070cc00000|100%| E|CS|TAMS 0x000000070cb00000, 0x000000070cb00000| Complete 
| 182|0x000000070cc00000, 0x000000070cd00000, 0x000000070cd00000|100%| E|CS|TAMS 0x000000070cc00000, 0x000000070cc00000| Complete 
| 183|0x000000070cd00000, 0x000000070ce00000, 0x000000070ce00000|100%| E|CS|TAMS 0x000000070cd00000, 0x000000070cd00000| Complete 
| 184|0x000000070ce00000, 0x000000070cf00000, 0x000000070cf00000|100%| E|CS|TAMS 0x000000070ce00000, 0x000000070ce00000| Complete 
| 185|0x000000070cf00000, 0x000000070d000000, 0x000000070d000000|100%| E|CS|TAMS 0x000000070cf00000, 0x000000070cf00000| Complete 
| 186|0x000000070d000000, 0x000000070d100000, 0x000000070d100000|100%| E|CS|TAMS 0x000000070d000000, 0x000000070d000000| Complete 
| 187|0x000000070d100000, 0x000000070d200000, 0x000000070d200000|100%| E|CS|TAMS 0x000000070d100000, 0x000000070d100000| Complete 
| 188|0x000000070d200000, 0x000000070d300000, 0x000000070d300000|100%| E|CS|TAMS 0x000000070d200000, 0x000000070d200000| Complete 
| 189|0x000000070d300000, 0x000000070d400000, 0x000000070d400000|100%| E|CS|TAMS 0x000000070d300000, 0x000000070d300000| Complete 
| 190|0x000000070d400000, 0x000000070d500000, 0x000000070d500000|100%| E|CS|TAMS 0x000000070d400000, 0x000000070d400000| Complete 
| 191|0x000000070d500000, 0x000000070d600000, 0x000000070d600000|100%| E|CS|TAMS 0x000000070d500000, 0x000000070d500000| Complete 
| 192|0x000000070d600000, 0x000000070d700000, 0x000000070d700000|100%| E|CS|TAMS 0x000000070d600000, 0x000000070d600000| Complete 
| 193|0x000000070d700000, 0x000000070d800000, 0x000000070d800000|100%| E|CS|TAMS 0x000000070d700000, 0x000000070d700000| Complete 
| 194|0x000000070d800000, 0x000000070d900000, 0x000000070d900000|100%| E|CS|TAMS 0x000000070d800000, 0x000000070d800000| Complete 
| 195|0x000000070d900000, 0x000000070da00000, 0x000000070da00000|100%| E|CS|TAMS 0x000000070d900000, 0x000000070d900000| Complete 
| 196|0x000000070da00000, 0x000000070db00000, 0x000000070db00000|100%| E|CS|TAMS 0x000000070da00000, 0x000000070da00000| Complete 
| 197|0x000000070db00000, 0x000000070dc00000, 0x000000070dc00000|100%| E|CS|TAMS 0x000000070db00000, 0x000000070db00000| Complete 
| 198|0x000000070dc00000, 0x000000070dd00000, 0x000000070dd00000|100%| E|CS|TAMS 0x000000070dc00000, 0x000000070dc00000| Complete 
| 199|0x000000070dd00000, 0x000000070de00000, 0x000000070de00000|100%| E|CS|TAMS 0x000000070dd00000, 0x000000070dd00000| Complete 
| 200|0x000000070de00000, 0x000000070df00000, 0x000000070df00000|100%| E|CS|TAMS 0x000000070de00000, 0x000000070de00000| Complete 
| 201|0x000000070df00000, 0x000000070e000000, 0x000000070e000000|100%| E|CS|TAMS 0x000000070df00000, 0x000000070df00000| Complete 
| 202|0x000000070e000000, 0x000000070e100000, 0x000000070e100000|100%| E|CS|TAMS 0x000000070e000000, 0x000000070e000000| Complete 
| 203|0x000000070e100000, 0x000000070e200000, 0x000000070e200000|100%| E|CS|TAMS 0x000000070e100000, 0x000000070e100000| Complete 
| 204|0x000000070e200000, 0x000000070e300000, 0x000000070e300000|100%| E|CS|TAMS 0x000000070e200000, 0x000000070e200000| Complete 
| 205|0x000000070e300000, 0x000000070e400000, 0x000000070e400000|100%| E|CS|TAMS 0x000000070e300000, 0x000000070e300000| Complete 
| 206|0x000000070e400000, 0x000000070e500000, 0x000000070e500000|100%| E|CS|TAMS 0x000000070e400000, 0x000000070e400000| Complete 
| 207|0x000000070e500000, 0x000000070e600000, 0x000000070e600000|100%| E|CS|TAMS 0x000000070e500000, 0x000000070e500000| Complete 
| 208|0x000000070e600000, 0x000000070e700000, 0x000000070e700000|100%| E|CS|TAMS 0x000000070e600000, 0x000000070e600000| Complete 
| 209|0x000000070e700000, 0x000000070e800000, 0x000000070e800000|100%| E|CS|TAMS 0x000000070e700000, 0x000000070e700000| Complete 
| 210|0x000000070e800000, 0x000000070e900000, 0x000000070e900000|100%| E|CS|TAMS 0x000000070e800000, 0x000000070e800000| Complete 
| 211|0x000000070e900000, 0x000000070ea00000, 0x000000070ea00000|100%| E|CS|TAMS 0x000000070e900000, 0x000000070e900000| Complete 
| 212|0x000000070ea00000, 0x000000070eb00000, 0x000000070eb00000|100%| E|CS|TAMS 0x000000070ea00000, 0x000000070ea00000| Complete 
| 213|0x000000070eb00000, 0x000000070ec00000, 0x000000070ec00000|100%| E|CS|TAMS 0x000000070eb00000, 0x000000070eb00000| Complete 
| 214|0x000000070ec00000, 0x000000070ed00000, 0x000000070ed00000|100%| E|CS|TAMS 0x000000070ec00000, 0x000000070ec00000| Complete 
| 215|0x000000070ed00000, 0x000000070ee00000, 0x000000070ee00000|100%| E|CS|TAMS 0x000000070ed00000, 0x000000070ed00000| Complete 
| 216|0x000000070ee00000, 0x000000070ef00000, 0x000000070ef00000|100%| E|CS|TAMS 0x000000070ee00000, 0x000000070ee00000| Complete 
| 217|0x000000070ef00000, 0x000000070f000000, 0x000000070f000000|100%| E|CS|TAMS 0x000000070ef00000, 0x000000070ef00000| Complete 
| 218|0x000000070f000000, 0x000000070f100000, 0x000000070f100000|100%| E|CS|TAMS 0x000000070f000000, 0x000000070f000000| Complete 
| 219|0x000000070f100000, 0x000000070f200000, 0x000000070f200000|100%| E|CS|TAMS 0x000000070f100000, 0x000000070f100000| Complete 
| 220|0x000000070f200000, 0x000000070f300000, 0x000000070f300000|100%| E|CS|TAMS 0x000000070f200000, 0x000000070f200000| Complete 
| 221|0x000000070f300000, 0x000000070f400000, 0x000000070f400000|100%| E|CS|TAMS 0x000000070f300000, 0x000000070f300000| Complete 
| 222|0x000000070f400000, 0x000000070f500000, 0x000000070f500000|100%| E|CS|TAMS 0x000000070f400000, 0x000000070f400000| Complete 
| 223|0x000000070f500000, 0x000000070f600000, 0x000000070f600000|100%| E|CS|TAMS 0x000000070f500000, 0x000000070f500000| Complete 
| 224|0x000000070f600000, 0x000000070f700000, 0x000000070f700000|100%| E|CS|TAMS 0x000000070f600000, 0x000000070f600000| Complete 
| 225|0x000000070f700000, 0x000000070f800000, 0x000000070f800000|100%| E|CS|TAMS 0x000000070f700000, 0x000000070f700000| Complete 
| 226|0x000000070f800000, 0x000000070f900000, 0x000000070f900000|100%| E|CS|TAMS 0x000000070f800000, 0x000000070f800000| Complete 
| 227|0x000000070f900000, 0x000000070fa00000, 0x000000070fa00000|100%| E|CS|TAMS 0x000000070f900000, 0x000000070f900000| Complete 
| 228|0x000000070fa00000, 0x000000070fb00000, 0x000000070fb00000|100%| E|CS|TAMS 0x000000070fa00000, 0x000000070fa00000| Complete 
| 229|0x000000070fb00000, 0x000000070fc00000, 0x000000070fc00000|100%| E|CS|TAMS 0x000000070fb00000, 0x000000070fb00000| Complete 
| 230|0x000000070fc00000, 0x000000070fd00000, 0x000000070fd00000|100%| E|CS|TAMS 0x000000070fc00000, 0x000000070fc00000| Complete 
| 231|0x000000070fd00000, 0x000000070fe00000, 0x000000070fe00000|100%| E|CS|TAMS 0x000000070fd00000, 0x000000070fd00000| Complete 
| 232|0x000000070fe00000, 0x000000070ff00000, 0x000000070ff00000|100%| E|CS|TAMS 0x000000070fe00000, 0x000000070fe00000| Complete 
| 233|0x000000070ff00000, 0x0000000710000000, 0x0000000710000000|100%| E|CS|TAMS 0x000000070ff00000, 0x000000070ff00000| Complete 
| 234|0x0000000710000000, 0x0000000710100000, 0x0000000710100000|100%| E|CS|TAMS 0x0000000710000000, 0x0000000710000000| Complete 
| 235|0x0000000710100000, 0x0000000710200000, 0x0000000710200000|100%| E|CS|TAMS 0x0000000710100000, 0x0000000710100000| Complete 
| 236|0x0000000710200000, 0x0000000710300000, 0x0000000710300000|100%| E|CS|TAMS 0x0000000710200000, 0x0000000710200000| Complete 
| 237|0x0000000710300000, 0x0000000710400000, 0x0000000710400000|100%| E|CS|TAMS 0x0000000710300000, 0x0000000710300000| Complete 
| 238|0x0000000710400000, 0x0000000710500000, 0x0000000710500000|100%| E|CS|TAMS 0x0000000710400000, 0x0000000710400000| Complete 
| 239|0x0000000710500000, 0x0000000710600000, 0x0000000710600000|100%| E|CS|TAMS 0x0000000710500000, 0x0000000710500000| Complete 
| 240|0x0000000710600000, 0x0000000710700000, 0x0000000710700000|100%| E|CS|TAMS 0x0000000710600000, 0x0000000710600000| Complete 
| 241|0x0000000710700000, 0x0000000710800000, 0x0000000710800000|100%| E|CS|TAMS 0x0000000710700000, 0x0000000710700000| Complete 
| 242|0x0000000710800000, 0x0000000710900000, 0x0000000710900000|100%| E|CS|TAMS 0x0000000710800000, 0x0000000710800000| Complete 
| 243|0x0000000710900000, 0x0000000710a00000, 0x0000000710a00000|100%| E|CS|TAMS 0x0000000710900000, 0x0000000710900000| Complete 
| 244|0x0000000710a00000, 0x0000000710b00000, 0x0000000710b00000|100%| E|CS|TAMS 0x0000000710a00000, 0x0000000710a00000| Complete 
| 245|0x0000000710b00000, 0x0000000710c00000, 0x0000000710c00000|100%| E|CS|TAMS 0x0000000710b00000, 0x0000000710b00000| Complete 
| 246|0x0000000710c00000, 0x0000000710d00000, 0x0000000710d00000|100%| E|CS|TAMS 0x0000000710c00000, 0x0000000710c00000| Complete 
| 247|0x0000000710d00000, 0x0000000710e00000, 0x0000000710e00000|100%| E|CS|TAMS 0x0000000710d00000, 0x0000000710d00000| Complete 
| 248|0x0000000710e00000, 0x0000000710f00000, 0x0000000710f00000|100%| E|CS|TAMS 0x0000000710e00000, 0x0000000710e00000| Complete 
| 249|0x0000000710f00000, 0x0000000711000000, 0x0000000711000000|100%| E|CS|TAMS 0x0000000710f00000, 0x0000000710f00000| Complete 
| 250|0x0000000711000000, 0x0000000711100000, 0x0000000711100000|100%| E|CS|TAMS 0x0000000711000000, 0x0000000711000000| Complete 
| 251|0x0000000711100000, 0x0000000711200000, 0x0000000711200000|100%| E|CS|TAMS 0x0000000711100000, 0x0000000711100000| Complete 
| 252|0x0000000711200000, 0x0000000711300000, 0x0000000711300000|100%| E|CS|TAMS 0x0000000711200000, 0x0000000711200000| Complete 
| 253|0x0000000711300000, 0x0000000711400000, 0x0000000711400000|100%| E|CS|TAMS 0x0000000711300000, 0x0000000711300000| Complete 
| 254|0x0000000711400000, 0x0000000711500000, 0x0000000711500000|100%| E|CS|TAMS 0x0000000711400000, 0x0000000711400000| Complete 
| 255|0x0000000711500000, 0x0000000711600000, 0x0000000711600000|100%| E|CS|TAMS 0x0000000711500000, 0x0000000711500000| Complete 

Card table byte_map: [0x0000024f36dc0000,0x0000024f375c0000] _byte_map_base: 0x0000024f335b5000

Marking Bits (Prev, Next): (CMBitMap*) 0x0000024f23401498, (CMBitMap*) 0x0000024f234014d8
 Prev Bits: [0x0000024f37dc0000, 0x0000024f3bd68000)
 Next Bits: [0x0000024f3bd70000, 0x0000024f3fd18000)

Polling page: 0x0000024f21340000

Metaspace:

Usage:
  Non-class:     16.10 MB capacity,    15.89 MB ( 99%) used,   191.99 KB (  1%) free+waste,    32.44 KB ( <1%) overhead. 
      Class:      1.85 MB capacity,     1.72 MB ( 93%) used,   120.47 KB (  6%) free+waste,    16.75 KB ( <1%) overhead. 
       Both:     17.96 MB capacity,    17.60 MB ( 98%) used,   312.46 KB (  2%) free+waste,    49.19 KB ( <1%) overhead. 

Virtual space:
  Non-class space:       18.00 MB reserved,      16.25 MB ( 90%) committed 
      Class space:        1.00 GB reserved,       1.88 MB ( <1%) committed 
             Both:        1.02 GB reserved,      18.13 MB (  2%) committed 

Chunk freelists:
   Non-Class:  21.00 KB
       Class:  23.00 KB
        Both:  44.00 KB

MaxMetaspaceSize: 17179869184.00 GB
CompressedClassSpaceSize: 1.00 GB

CodeHeap 'non-profiled nmethods': size=120000Kb used=1780Kb max_used=1780Kb free=118219Kb
 bounds [0x0000024f2eb40000, 0x0000024f2edb0000, 0x0000024f36070000]
CodeHeap 'profiled nmethods': size=120000Kb used=6110Kb max_used=6110Kb free=113889Kb
 bounds [0x0000024f27610000, 0x0000024f27c10000, 0x0000024f2eb40000]
CodeHeap 'non-nmethods': size=5760Kb used=1328Kb max_used=1368Kb free=4431Kb
 bounds [0x0000024f27070000, 0x0000024f272e0000, 0x0000024f27610000]
 total_blobs=3593 nmethods=3004 adapters=499
 compilation: enabled
              stopped_count=0, restarted_count=0
 full_count=0

Compilation events (20 events):
Event: 12.401 Thread 0x0000024f43414000 nmethod 2997 0x0000024f27c00410 code [0x0000024f27c005c0, 0x0000024f27c00788]
Event: 12.434 Thread 0x0000024f43414000 2998       3       java.util.concurrent.locks.AbstractQueuedSynchronizer$Node::<init> (5 bytes)
Event: 12.434 Thread 0x0000024f43414000 nmethod 2998 0x0000024f27c00890 code [0x0000024f27c00a20, 0x0000024f27c00b78]
Event: 12.442 Thread 0x0000024f43414000 3000   !   3       java.awt.Window::getInputContext (36 bytes)
Event: 12.442 Thread 0x0000024f43407000 2999       4       sun.awt.AppContext::getAppContext (51 bytes)
Event: 12.442 Thread 0x0000024f43414000 nmethod 3000 0x0000024f27c00c10 code [0x0000024f27c00de0, 0x0000024f27c01408]
Event: 12.442 Thread 0x0000024f43414000 3001       3       sun.awt.im.InputMethodContext::dispatchEvent (62 bytes)
Event: 12.442 Thread 0x0000024f43407000 nmethod 2999 0x0000024f2ecfcb90 code [0x0000024f2ecfcd20, 0x0000024f2ecfcdf8]
Event: 12.442 Thread 0x0000024f43414000 nmethod 3001 0x0000024f27c01610 code [0x0000024f27c01880, 0x0000024f27c02538]
Event: 12.457 Thread 0x0000024f43414000 3002   !   3       java.util.concurrent.locks.AbstractQueuedSynchronizer::acquire (407 bytes)
Event: 12.459 Thread 0x0000024f43414000 nmethod 3002 0x0000024f27c02810 code [0x0000024f27c02c40, 0x0000024f27c05768]
Event: 12.634 Thread 0x0000024f43414000 3003       3       sun.awt.windows.WInputMethod::dispatchEvent (66 bytes)
Event: 12.634 Thread 0x0000024f43414000 nmethod 3003 0x0000024f27c06490 code [0x0000024f27c06680, 0x0000024f27c06f18]
Event: 12.676 Thread 0x0000024f43407000 3004       4       java.util.Scanner::clearCaches (11 bytes)
Event: 12.677 Thread 0x0000024f43407000 nmethod 3004 0x0000024f2ecfce90 code [0x0000024f2ecfd000, 0x0000024f2ecfd118]
Event: 12.694 Thread 0x0000024f43407000 3005       4       java.util.Scanner::findWithinHorizon (83 bytes)
Event: 12.711 Thread 0x0000024f43414000 3006       3       sun.java2d.Disposer::addRecord (17 bytes)
Event: 12.711 Thread 0x0000024f43414000 nmethod 3006 0x0000024f27c07090 code [0x0000024f27c07240, 0x0000024f27c074c8]
Event: 12.711 Thread 0x0000024f43414000 3007       3       sun.java2d.DefaultDisposerRecord::<init> (15 bytes)
Event: 12.712 Thread 0x0000024f43414000 nmethod 3007 0x0000024f27c07610 code [0x0000024f27c077a0, 0x0000024f27c078f8]

GC Heap History (10 events):
Event: 0.750 GC heap before
{Heap before GC invocations=0 (full 0):
 garbage-first heap   total 262144K, used 23552K [0x0000000701600000, 0x0000000800000000)
  region size 1024K, 23 young (23552K), 0 survivors (0K)
 Metaspace       used 15837K, capacity 16125K, committed 16384K, reserved 1064960K
  class space    used 1622K, capacity 1762K, committed 1792K, reserved 1048576K
}
Event: 0.752 GC heap after
{Heap after GC invocations=1 (full 0):
 garbage-first heap   total 262144K, used 3622K [0x0000000701600000, 0x0000000800000000)
  region size 1024K, 3 young (3072K), 3 survivors (3072K)
 Metaspace       used 15837K, capacity 16125K, committed 16384K, reserved 1064960K
  class space    used 1622K, capacity 1762K, committed 1792K, reserved 1048576K
}
Event: 1.473 GC heap before
{Heap before GC invocations=1 (full 0):
 garbage-first heap   total 262144K, used 44582K [0x0000000701600000, 0x0000000800000000)
  region size 1024K, 33 young (33792K), 3 survivors (3072K)
 Metaspace       used 16799K, capacity 17097K, committed 17280K, reserved 1064960K
  class space    used 1719K, capacity 1830K, committed 1920K, reserved 1048576K
}
Event: 1.475 GC heap after
{Heap after GC invocations=2 (full 0):
 garbage-first heap   total 262144K, used 15213K [0x0000000701600000, 0x0000000800000000)
  region size 1024K, 2 young (2048K), 2 survivors (2048K)
 Metaspace       used 16799K, capacity 17097K, committed 17280K, reserved 1064960K
  class space    used 1719K, capacity 1830K, committed 1920K, reserved 1048576K
}
Event: 3.509 GC heap before
{Heap before GC invocations=2 (full 0):
 garbage-first heap   total 262144K, used 172909K [0x0000000701600000, 0x0000000800000000)
  region size 1024K, 152 young (155648K), 2 survivors (2048K)
 Metaspace       used 17345K, capacity 17745K, committed 17792K, reserved 1064960K
  class space    used 1746K, capacity 1896K, committed 1920K, reserved 1048576K
}
Event: 3.511 GC heap after
{Heap after GC invocations=3 (full 0):
 garbage-first heap   total 262144K, used 15606K [0x0000000701600000, 0x0000000800000000)
  region size 1024K, 2 young (2048K), 2 survivors (2048K)
 Metaspace       used 17345K, capacity 17745K, committed 17792K, reserved 1064960K
  class space    used 1746K, capacity 1896K, committed 1920K, reserved 1048576K
}
Event: 9.210 GC heap before
{Heap before GC invocations=3 (full 0):
 garbage-first heap   total 262144K, used 202998K [0x0000000701600000, 0x0000000800000000)
  region size 1024K, 153 young (156672K), 2 survivors (2048K)
 Metaspace       used 17746K, capacity 18068K, committed 18304K, reserved 1064960K
  class space    used 1758K, capacity 1897K, committed 1920K, reserved 1048576K
}
Event: 9.211 GC heap after
{Heap after GC invocations=4 (full 0):
 garbage-first heap   total 262144K, used 44279K [0x0000000701600000, 0x0000000800000000)
  region size 1024K, 2 young (2048K), 2 survivors (2048K)
 Metaspace       used 17746K, capacity 18068K, committed 18304K, reserved 1064960K
  class space    used 1758K, capacity 1897K, committed 1920K, reserved 1048576K
}
Event: 11.414 GC heap before
{Heap before GC invocations=4 (full 0):
 garbage-first heap   total 262144K, used 209143K [0x0000000701600000, 0x0000000800000000)
  region size 1024K, 153 young (156672K), 2 survivors (2048K)
 Metaspace       used 17812K, capacity 18196K, committed 18304K, reserved 1064960K
  class space    used 1758K, capacity 1897K, committed 1920K, reserved 1048576K
}
Event: 11.414 GC heap after
{Heap after GC invocations=5 (full 0):
 garbage-first heap   total 262144K, used 22463K [0x0000000701600000, 0x0000000800000000)
  region size 1024K, 3 young (3072K), 3 survivors (3072K)
 Metaspace       used 17812K, capacity 18196K, committed 18304K, reserved 1064960K
  class space    used 1758K, capacity 1897K, committed 1920K, reserved 1048576K
}

Deoptimization events (20 events):
Event: 11.387 Thread 0x0000024f43432000 DEOPT PACKING pc=0x0000024f27b73b1a sp=0x00000069f1cfd830
Event: 11.387 Thread 0x0000024f43432000 DEOPT UNPACKING pc=0x0000024f270b964e sp=0x00000069f1cfcd48 mode 0
Event: 11.417 Thread 0x0000024f43432000 DEOPT PACKING pc=0x0000024f27b73b1a sp=0x00000069f1cfd830
Event: 11.417 Thread 0x0000024f43432000 DEOPT UNPACKING pc=0x0000024f270b964e sp=0x00000069f1cfcd48 mode 0
Event: 11.421 Thread 0x0000024f43432000 DEOPT PACKING pc=0x0000024f27b73b1a sp=0x00000069f1cfd8a0
Event: 11.421 Thread 0x0000024f43432000 DEOPT UNPACKING pc=0x0000024f270b964e sp=0x00000069f1cfcdb8 mode 0
Event: 11.450 Thread 0x0000024f43432000 DEOPT PACKING pc=0x0000024f2794df7c sp=0x00000069f1cfd0e0
Event: 11.450 Thread 0x0000024f43432000 DEOPT UNPACKING pc=0x0000024f270b964e sp=0x00000069f1cfc630 mode 0
Event: 11.476 Thread 0x0000024f43432000 DEOPT PACKING pc=0x0000024f27b73b1a sp=0x00000069f1cfd8a0
Event: 11.476 Thread 0x0000024f43432000 DEOPT UNPACKING pc=0x0000024f270b964e sp=0x00000069f1cfcdb8 mode 0
Event: 11.480 Thread 0x0000024f43432000 DEOPT PACKING pc=0x0000024f27b73b1a sp=0x00000069f1cfd830
Event: 11.480 Thread 0x0000024f43432000 DEOPT UNPACKING pc=0x0000024f270b964e sp=0x00000069f1cfcd48 mode 0
Event: 11.482 Thread 0x0000024f43432000 DEOPT PACKING pc=0x0000024f27b73b1a sp=0x00000069f1cfd830
Event: 11.482 Thread 0x0000024f43432000 DEOPT UNPACKING pc=0x0000024f270b964e sp=0x00000069f1cfcd48 mode 0
Event: 11.512 Thread 0x0000024f43432000 DEOPT PACKING pc=0x0000024f27b73b1a sp=0x00000069f1cfd830
Event: 11.512 Thread 0x0000024f43432000 DEOPT UNPACKING pc=0x0000024f270b964e sp=0x00000069f1cfcd48 mode 0
Event: 11.632 Thread 0x0000024f43432000 DEOPT PACKING pc=0x0000024f27b73b1a sp=0x00000069f1cfd630
Event: 11.632 Thread 0x0000024f43432000 DEOPT UNPACKING pc=0x0000024f270b964e sp=0x00000069f1cfcb48 mode 0
Event: 11.645 Thread 0x0000024f4342e000 DEOPT PACKING pc=0x0000024f27b7c173 sp=0x00000069f1dfecc0
Event: 11.645 Thread 0x0000024f4342e000 DEOPT UNPACKING pc=0x0000024f270b964e sp=0x00000069f1dfe160 mode 0

Classes unloaded (0 events):
No events

Classes redefined (0 events):
No events

Internal exceptions (20 events):
Event: 11.503 Thread 0x0000024f43432000 Exception <a 'java/io/FileNotFoundException'{0x0000000710d6b248}> (0x0000000710d6b248) 
thrown [./open/src/hotspot/share/prims/jni.cpp, line 599]
Event: 11.505 Thread 0x0000024f43432000 Exception <a 'java/io/FileNotFoundException'{0x0000000710d7eae8}> (0x0000000710d7eae8) 
thrown [./open/src/hotspot/share/prims/jni.cpp, line 599]
Event: 11.507 Thread 0x0000024f43432000 Exception <a 'java/io/FileNotFoundException'{0x0000000710c115c0}> (0x0000000710c115c0) 
thrown [./open/src/hotspot/share/prims/jni.cpp, line 599]
Event: 11.513 Thread 0x0000024f43432000 Exception <a 'java/io/FileNotFoundException'{0x0000000710bd3a60}> (0x0000000710bd3a60) 
thrown [./open/src/hotspot/share/prims/jni.cpp, line 599]
Event: 11.515 Thread 0x0000024f43432000 Exception <a 'java/io/FileNotFoundException'{0x0000000710be73c0}> (0x0000000710be73c0) 
thrown [./open/src/hotspot/share/prims/jni.cpp, line 599]
Event: 11.516 Thread 0x0000024f43432000 Exception <a 'java/io/FileNotFoundException'{0x0000000710bfac60}> (0x0000000710bfac60) 
thrown [./open/src/hotspot/share/prims/jni.cpp, line 599]
Event: 11.518 Thread 0x0000024f43432000 Exception <a 'java/io/FileNotFoundException'{0x0000000710a0f330}> (0x0000000710a0f330) 
thrown [./open/src/hotspot/share/prims/jni.cpp, line 599]
Event: 11.519 Thread 0x0000024f43432000 Exception <a 'java/io/FileNotFoundException'{0x0000000710a22cd8}> (0x0000000710a22cd8) 
thrown [./open/src/hotspot/share/prims/jni.cpp, line 599]
Event: 11.521 Thread 0x0000024f43432000 Exception <a 'java/io/FileNotFoundException'{0x0000000710a36678}> (0x0000000710a36678) 
thrown [./open/src/hotspot/share/prims/jni.cpp, line 599]
Event: 11.522 Thread 0x0000024f43432000 Exception <a 'java/io/FileNotFoundException'{0x0000000710a49f58}> (0x0000000710a49f58) 
thrown [./open/src/hotspot/share/prims/jni.cpp, line 599]
Event: 11.523 Thread 0x0000024f43432000 Exception <a 'java/io/FileNotFoundException'{0x0000000710a5d838}> (0x0000000710a5d838) 
thrown [./open/src/hotspot/share/prims/jni.cpp, line 599]
Event: 11.525 Thread 0x0000024f43432000 Exception <a 'java/io/FileNotFoundException'{0x0000000710a71130}> (0x0000000710a71130) 
thrown [./open/src/hotspot/share/prims/jni.cpp, line 599]
Event: 11.526 Thread 0x0000024f43432000 Exception <a 'java/io/FileNotFoundException'{0x0000000710a84c88}> (0x0000000710a84c88) 
thrown [./open/src/hotspot/share/prims/jni.cpp, line 599]
Event: 11.528 Thread 0x0000024f43432000 Exception <a 'java/io/FileNotFoundException'{0x0000000710a984d8}> (0x0000000710a984d8) 
thrown [./open/src/hotspot/share/prims/jni.cpp, line 599]
Event: 11.529 Thread 0x0000024f43432000 Exception <a 'java/io/FileNotFoundException'{0x0000000710aabd28}> (0x0000000710aabd28) 
thrown [./open/src/hotspot/share/prims/jni.cpp, line 599]
Event: 11.531 Thread 0x0000024f43432000 Exception <a 'java/io/FileNotFoundException'{0x0000000710abf5d8}> (0x0000000710abf5d8) 
thrown [./open/src/hotspot/share/prims/jni.cpp, line 599]
Event: 11.532 Thread 0x0000024f43432000 Exception <a 'java/io/FileNotFoundException'{0x0000000710ad2e78}> (0x0000000710ad2e78) 
thrown [./open/src/hotspot/share/prims/jni.cpp, line 599]
Event: 11.533 Thread 0x0000024f43432000 Exception <a 'java/io/FileNotFoundException'{0x0000000710ae6718}> (0x0000000710ae6718) 
thrown [./open/src/hotspot/share/prims/jni.cpp, line 599]
Event: 11.535 Thread 0x0000024f43432000 Exception <a 'java/io/FileNotFoundException'{0x0000000710af9fb8}> (0x0000000710af9fb8) 
thrown [./open/src/hotspot/share/prims/jni.cpp, line 599]
Event: 11.536 Thread 0x0000024f43432000 Exception <a 'java/io/FileNotFoundException'{0x000000071080f2f0}> (0x000000071080f2f0) 
thrown [./open/src/hotspot/share/prims/jni.cpp, line 599]

Events (20 events):
Event: 11.445 Loaded shared library C:\Users\casqu\.p2\pool\plugins\org.eclipse.justj.openjdk.hotspot.jre.full.win32.x86_64_14.0.2.v20200815-0932\jre\bin\zip.dll
Event: 11.446 Loaded shared library C:\Users\casqu\.p2\pool\plugins\org.eclipse.justj.openjdk.hotspot.jre.full.win32.x86_64_14.0.2.v20200815-0932\jre\bin\zip.dll
Event: 11.544 Executing VM operation: HandshakeOneThread
Event: 11.544 Executing VM operation: HandshakeOneThread done
Event: 11.634 Thread 0x0000024f43c8a800 Thread added: 0x0000024f43c8a800
Event: 11.762 Thread 0x0000024f43c8a800 Thread exited: 0x0000024f43c8a800
Event: 12.698 Executing VM operation: HandshakeOneThread
Event: 12.698 Executing VM operation: HandshakeOneThread done
Event: 12.698 Thread 0x0000024f43bdb000 Thread added: 0x0000024f43bdb000
Event: 12.698 Thread 0x0000024f43bd6800 Thread added: 0x0000024f43bd6800
Event: 12.698 Thread 0x0000024f43bd7000 Thread added: 0x0000024f43bd7000
Event: 12.698 loading class java/util/WeakHashMap$KeyIterator
Event: 12.698 loading class java/util/WeakHashMap$HashIterator
Event: 12.698 Thread 0x0000024f43bd7000 Thread exited: 0x0000024f43bd7000
Event: 12.698 Executing VM operation: HandshakeOneThread
Event: 12.698 Executing VM operation: HandshakeOneThread done
Event: 12.698 loading class java/util/WeakHashMap$HashIterator done
Event: 12.698 loading class java/util/WeakHashMap$KeyIterator done
Event: 12.698 Thread 0x0000024f43bd8800 Thread exited: 0x0000024f43bd8800
Event: 12.698 Thread 0x0000024f43bd6800 Thread exited: 0x0000024f43bd6800


Dynamic libraries:
0x00007ff7314a0000 - 0x00007ff7314ad000 	C:\Users\casqu\.p2\pool\plugins\org.eclipse.justj.openjdk.hotspot.jre.full.win32.x86_64_14.0.2.v20200815-0932\jre\bin\javaw.exe
0x00007ffb68370000 - 0x00007ffb68565000 	C:\WINDOWS\SYSTEM32\ntdll.dll
0x00007ffb66d80000 - 0x00007ffb66e3e000 	C:\WINDOWS\System32\KERNEL32.DLL
0x00007ffb660d0000 - 0x00007ffb66398000 	C:\WINDOWS\System32\KERNELBASE.dll
0x00007ffb65fd0000 - 0x00007ffb660d0000 	C:\WINDOWS\System32\ucrtbase.dll
0x00007ffb5e250000 - 0x00007ffb5e268000 	C:\Users\casqu\.p2\pool\plugins\org.eclipse.justj.openjdk.hotspot.jre.full.win32.x86_64_14.0.2.v20200815-0932\jre\bin\jli.dll
0x00007ffb5e0c0000 - 0x00007ffb5e0d5000 	C:\Users\casqu\.p2\pool\plugins\org.eclipse.justj.openjdk.hotspot.jre.full.win32.x86_64_14.0.2.v20200815-0932\jre\bin\VCRUNTIME140.dll
0x00007ffb663d0000 - 0x00007ffb66570000 	C:\WINDOWS\System32\USER32.dll
0x00007ffb663a0000 - 0x00007ffb663c2000 	C:\WINDOWS\System32\win32u.dll
0x00007ffb56280000 - 0x00007ffb5651a000 	C:\WINDOWS\WinSxS\amd64_microsoft.windows.common-controls_6595b64144ccf1df_6.0.19041.1110_none_60b5254171f9507e\COMCTL32.dll
0x00007ffb681b0000 - 0x00007ffb681db000 	C:\WINDOWS\System32\GDI32.dll
0x00007ffb666a0000 - 0x00007ffb6673e000 	C:\WINDOWS\System32\msvcrt.dll
0x00007ffb65e70000 - 0x00007ffb65f7b000 	C:\WINDOWS\System32\gdi32full.dll
0x00007ffb65d40000 - 0x00007ffb65ddd000 	C:\WINDOWS\System32\msvcp_win.dll
0x00007ffb66e40000 - 0x00007ffb66e70000 	C:\WINDOWS\System32\IMM32.DLL
0x00007ffb21d00000 - 0x00007ffb21d9b000 	C:\Users\casqu\.p2\pool\plugins\org.eclipse.justj.openjdk.hotspot.jre.full.win32.x86_64_14.0.2.v20200815-0932\jre\bin\msvcp140.dll
0x00007ffad6d40000 - 0x00007ffad785e000 	C:\Users\casqu\.p2\pool\plugins\org.eclipse.justj.openjdk.hotspot.jre.full.win32.x86_64_14.0.2.v20200815-0932\jre\bin\server\jvm.dll
0x00007ffb677f0000 - 0x00007ffb6789e000 	C:\WINDOWS\System32\ADVAPI32.dll
0x00007ffb66740000 - 0x00007ffb667dc000 	C:\WINDOWS\System32\sechost.dll
0x00007ffb67d70000 - 0x00007ffb67e95000 	C:\WINDOWS\System32\RPCRT4.dll
0x00007ffb681a0000 - 0x00007ffb681a8000 	C:\WINDOWS\System32\PSAPI.DLL
0x00007ffb5f6e0000 - 0x00007ffb5f6e9000 	C:\WINDOWS\SYSTEM32\WSOCK32.dll
0x00007ffb58d20000 - 0x00007ffb58d47000 	C:\WINDOWS\SYSTEM32\WINMM.dll
0x00007ffb5e8f0000 - 0x00007ffb5e8fa000 	C:\WINDOWS\SYSTEM32\VERSION.dll
0x00007ffb680a0000 - 0x00007ffb6810b000 	C:\WINDOWS\System32\WS2_32.dll
0x00007ffb64350000 - 0x00007ffb64362000 	C:\WINDOWS\SYSTEM32\kernel.appcore.dll
0x00007ffb59340000 - 0x00007ffb5934a000 	C:\Users\casqu\.p2\pool\plugins\org.eclipse.justj.openjdk.hotspot.jre.full.win32.x86_64_14.0.2.v20200815-0932\jre\bin\jimage.dll
0x00007ffb638c0000 - 0x00007ffb63aa4000 	C:\WINDOWS\SYSTEM32\DBGHELP.DLL
0x00007ffb48a40000 - 0x00007ffb48a6c000 	C:\WINDOWS\SYSTEM32\dbgcore.DLL
0x00007ffb65de0000 - 0x00007ffb65e62000 	C:\WINDOWS\System32\bcryptPrimitives.dll
0x00007ffb0c540000 - 0x00007ffb0c565000 	C:\Users\casqu\.p2\pool\plugins\org.eclipse.justj.openjdk.hotspot.jre.full.win32.x86_64_14.0.2.v20200815-0932\jre\bin\java.dll
0x00007ffb4e5a0000 - 0x00007ffb4e5b6000 	C:\Users\casqu\.p2\pool\plugins\org.eclipse.justj.openjdk.hotspot.jre.full.win32.x86_64_14.0.2.v20200815-0932\jre\bin\zip.dll
0x00007ffb66ef0000 - 0x00007ffb67634000 	C:\WINDOWS\System32\SHELL32.dll
0x00007ffb63ab0000 - 0x00007ffb64244000 	C:\WINDOWS\SYSTEM32\windows.storage.dll
0x00007ffb678b0000 - 0x00007ffb67c04000 	C:\WINDOWS\System32\combase.dll
0x00007ffb654f0000 - 0x00007ffb6551c000 	C:\WINDOWS\SYSTEM32\Wldp.dll
0x00007ffb67cc0000 - 0x00007ffb67d6d000 	C:\WINDOWS\System32\SHCORE.dll
0x00007ffb67fe0000 - 0x00007ffb68035000 	C:\WINDOWS\System32\shlwapi.dll
0x00007ffb659d0000 - 0x00007ffb659ef000 	C:\WINDOWS\SYSTEM32\profapi.dll
0x00007ffb10cd0000 - 0x00007ffb10e68000 	C:\Users\casqu\.p2\pool\plugins\org.eclipse.justj.openjdk.hotspot.jre.full.win32.x86_64_14.0.2.v20200815-0932\jre\bin\awt.dll
0x00007ffb66840000 - 0x00007ffb6690d000 	C:\WINDOWS\System32\OLEAUT32.dll
0x00007ffb62f50000 - 0x00007ffb62fe0000 	C:\WINDOWS\SYSTEM32\apphelp.dll
0x00007ffb113e0000 - 0x00007ffb11462000 	C:\Users\casqu\.p2\pool\plugins\org.eclipse.justj.openjdk.hotspot.jre.full.win32.x86_64_14.0.2.v20200815-0932\jre\bin\freetype.dll
0x00007ffb110d0000 - 0x00007ffb11176000 	C:\Users\casqu\.p2\pool\plugins\org.eclipse.justj.openjdk.hotspot.jre.full.win32.x86_64_14.0.2.v20200815-0932\jre\bin\fontmanager.dll
0x00007ffb0c520000 - 0x00007ffb0c539000 	C:\Users\casqu\.p2\pool\plugins\org.eclipse.justj.openjdk.hotspot.jre.full.win32.x86_64_14.0.2.v20200815-0932\jre\bin\net.dll
0x00007ffb58d50000 - 0x00007ffb58e59000 	C:\WINDOWS\SYSTEM32\WINHTTP.dll
0x00007ffb65250000 - 0x00007ffb652ba000 	C:\WINDOWS\system32\mswsock.dll
0x00007ffafd490000 - 0x00007ffafd4a2000 	C:\Users\casqu\.p2\pool\plugins\org.eclipse.justj.openjdk.hotspot.jre.full.win32.x86_64_14.0.2.v20200815-0932\jre\bin\nio.dll
0x00007ffb63330000 - 0x00007ffb6335f000 	C:\WINDOWS\system32\DWMAPI.DLL
0x00007ffb63090000 - 0x00007ffb6312e000 	C:\WINDOWS\system32\uxtheme.dll
0x00007ffb681e0000 - 0x00007ffb682f6000 	C:\WINDOWS\System32\MSCTF.dll
0x00007ffb66570000 - 0x00007ffb6669a000 	C:\WINDOWS\System32\ole32.dll
0x00007ffb65450000 - 0x00007ffb65468000 	C:\WINDOWS\SYSTEM32\CRYPTSP.dll
0x00007ffb64b60000 - 0x00007ffb64b94000 	C:\WINDOWS\system32\rsaenh.dll
0x00007ffb65d10000 - 0x00007ffb65d37000 	C:\WINDOWS\System32\bcrypt.dll
0x00007ffb65950000 - 0x00007ffb6597e000 	C:\WINDOWS\SYSTEM32\USERENV.dll
0x00007ffb65440000 - 0x00007ffb6544c000 	C:\WINDOWS\SYSTEM32\CRYPTBASE.dll
0x00007ffb64ef0000 - 0x00007ffb64f2b000 	C:\WINDOWS\SYSTEM32\IPHLPAPI.DLL
0x00007ffb68300000 - 0x00007ffb68308000 	C:\WINDOWS\System32\NSI.dll
0x00007ffb5dc70000 - 0x00007ffb5dc87000 	C:\WINDOWS\SYSTEM32\dhcpcsvc6.DLL
0x00007ffb5dea0000 - 0x00007ffb5debd000 	C:\WINDOWS\SYSTEM32\dhcpcsvc.DLL
0x00007ffb64f30000 - 0x00007ffb64ffa000 	C:\WINDOWS\SYSTEM32\DNSAPI.dll
0x00007ffb57650000 - 0x00007ffb57776000 	C:\WINDOWS\system32\opengl32.dll
0x00007ffb5b0b0000 - 0x00007ffb5b0dc000 	C:\WINDOWS\SYSTEM32\GLU32.dll
0x00007ffb65670000 - 0x00007ffb65682000 	C:\WINDOWS\SYSTEM32\msasn1.dll
0x00007ffb5dbf0000 - 0x00007ffb5dc21000 	C:\WINDOWS\SYSTEM32\cryptnet.dll
0x00007ffb65b40000 - 0x00007ffb65c96000 	C:\WINDOWS\System32\CRYPT32.dll
0x00007ffb5af60000 - 0x00007ffb5b0a8000 	C:\WINDOWS\SYSTEM32\drvstore.dll
0x00007ffb65830000 - 0x00007ffb65863000 	C:\WINDOWS\SYSTEM32\devobj.dll
0x00007ffb65f80000 - 0x00007ffb65fce000 	C:\WINDOWS\System32\cfgmgr32.dll
0x00007ffb65ca0000 - 0x00007ffb65d08000 	C:\WINDOWS\System32\WINTRUST.DLL
0x00007ffb68310000 - 0x00007ffb6832d000 	C:\WINDOWS\System32\imagehlp.dll
0x00007ffb239b0000 - 0x00007ffb23c74000 	C:\WINDOWS\system32\nvspcap64.dll
0x00007ffb64790000 - 0x00007ffb647c3000 	C:\WINDOWS\SYSTEM32\ntmarta.dll
0x00007ffb64370000 - 0x00007ffb64393000 	C:\WINDOWS\SYSTEM32\gpapi.dll
0x00007ffb5b730000 - 0x00007ffb5b76b000 	C:\WINDOWS\SYSTEM32\dxcore.dll
0x00007ffb58a80000 - 0x00007ffb58b79000 	C:\WINDOWS\SYSTEM32\textinputframework.dll
0x00007ffb629b0000 - 0x00007ffb62d0e000 	C:\WINDOWS\System32\CoreUIComponents.dll
0x00007ffb62d10000 - 0x00007ffb62e02000 	C:\WINDOWS\System32\CoreMessaging.dll
0x00007ffb622e0000 - 0x00007ffb62434000 	C:\WINDOWS\SYSTEM32\wintypes.dll

dbghelp: loaded successfully - version: 4.0.5 - missing functions: none
symbol engine: initialized successfully - sym options: 0x614 - pdb path: .;C:\Users\casqu\.p2\pool\plugins\org.eclipse.justj.openjdk.hotspot.jre.full.win32.x86_64_14.0.2.v20200815-0932\jre\bin;C:\WINDOWS\SYSTEM32;C:\WINDOWS\WinSxS\amd64_microsoft.windows.common-controls_6595b64144ccf1df_6.0.19041.1110_none_60b5254171f9507e;C:\Users\casqu\.p2\pool\plugins\org.eclipse.justj.openjdk.hotspot.jre.full.win32.x86_64_14.0.2.v20200815-0932\jre\bin\server;C:\WINDOWS\System32\DriverStore\FileRepository\nvae.inf_amd64_fdabed922efb6704

VM Arguments:
jvm_args: -Dfile.encoding=Cp1252 -XX:+ShowCodeDetailsInExceptionMessages 
java_command: com.sunsigne.reversedrebecca.system.mainloop.Game
java_class_path (initial): C:\Users\casqu\git\ReversedRebecca\ReversedRebecca\bin;C:\Users\casqu\git\ReversedRebecca\ReversedRebecca\ressources
Launcher Type: SUN_STANDARD

[Global flags]
     intx CICompilerCount                          = 4                                         {product} {ergonomic}
     uint ConcGCThreads                            = 3                                         {product} {ergonomic}
     uint G1ConcRefinementThreads                  = 10                                        {product} {ergonomic}
   size_t G1HeapRegionSize                         = 1048576                                   {product} {ergonomic}
    uintx GCDrainStackTargetSize                   = 64                                        {product} {ergonomic}
   size_t InitialHeapSize                          = 268435456                                 {product} {ergonomic}
   size_t MarkStackSize                            = 4194304                                   {product} {ergonomic}
   size_t MaxHeapSize                              = 4271898624                                {product} {ergonomic}
   size_t MaxNewSize                               = 2562719744                                {product} {ergonomic}
   size_t MinHeapDeltaBytes                        = 1048576                                   {product} {ergonomic}
   size_t MinHeapSize                              = 8388608                                   {product} {ergonomic}
    uintx NonNMethodCodeHeapSize                   = 5839372                                {pd product} {ergonomic}
    uintx NonProfiledCodeHeapSize                  = 122909434                              {pd product} {ergonomic}
    uintx ProfiledCodeHeapSize                     = 122909434                              {pd product} {ergonomic}
    uintx ReservedCodeCacheSize                    = 251658240                              {pd product} {ergonomic}
     bool SegmentedCodeCache                       = true                                      {product} {ergonomic}
     bool ShowCodeDetailsInExceptionMessages       = true                                   {manageable} {command line}
   size_t SoftMaxHeapSize                          = 4271898624                             {manageable} {ergonomic}
     bool UseCompressedClassPointers               = true                                 {lp64_product} {ergonomic}
     bool UseCompressedOops                        = true                                 {lp64_product} {ergonomic}
     bool UseG1GC                                  = true                                      {product} {ergonomic}
     bool UseLargePagesIndividualAllocation        = false                                  {pd product} {ergonomic}

Logging:
Log output configuration:
 #0: stdout all=warning uptime,level,tags
 #1: stderr all=off uptime,level,tags

Environment Variables:
PATH=C:/Users/casqu/.p2/pool/plugins/org.eclipse.justj.openjdk.hotspot.jre.full.win32.x86_64_14.0.2.v20200815-0932/jre/bin/server;C:/Users/casqu/.p2/pool/plugins/org.eclipse.justj.openjdk.hotspot.jre.full.win32.x86_64_14.0.2.v20200815-0932/jre/bin;C:\Program Files\AdoptOpenJDK\jdk-8.0.275.1-hotspot\bin;C:\Program Files (x86)\Common Files\Intel\Shared Libraries\redist\intel64\compiler;C:\Windows\system32;C:\Windows;C:\Windows\System32\Wbem;C:\Windows\System32\WindowsPowerShell\v1.0\;C:\Windows\System32\OpenSSH\;C:\Program Files (x86)\NVIDIA Corporation\PhysX\Common;C:\Program Files\NVIDIA Corporation\NVIDIA NvDLISR;C:\Program Files (x86)\QuickTime\QTSystem\;C:\Program Files\MySQL\MySQL Server 8.0\bin;;C:\WINDOWS\system32;C:\WINDOWS;C:\WINDOWS\System32\Wbem;C:\WINDOWS\System32\WindowsPowerShell\v1.0\;C:\WINDOWS\System32\OpenSSH\;C:\Users\casqu\AppData\Local\Microsoft\WindowsApps;;C:\Users\casqu\AppData\Local\Programs\Microsoft VS Code\bin;C:\Users\casqu\OneDrive\Bureau\codage;
USERNAME=casqu
OS=Windows_NT
PROCESSOR_IDENTIFIER=Intel64 Family 6 Model 165 Stepping 3, GenuineIntel



---------------  S Y S T E M  ---------------

OS: Windows 10 , 64 bit Build 19041 (10.0.19041.1566)
OS uptime: 2 days 6:39 hours

CPU:total 12 (initial active 12) (6 cores per cpu, 2 threads per core) family 6 model 165 stepping 3, cmov, cx8, fxsr, mmx, sse, sse2, sse3, ssse3, sse4.1, sse4.2, popcnt, avx, avx2, clmul, erms, 3dnowpref, lzcnt, ht, tsc, tscinvbit, bmi1, bmi2, adx, fma

Memory: 4k page, system-wide physical 16291M (8365M free)
TotalPageFile size 18723M (AvailPageFile size 7021M)
current process WorkingSet (physical memory assigned to process): 324M, peak: 349M
current process commit charge ("private bytes"): 484M, peak: 519M

vm_info: OpenJDK 64-Bit Server VM (14.0.2+12-46) for windows-amd64 JRE (14.0.2+12-46), built on Jul  9 2020 00:31:16 by "mach5one" with MS VC++ 15.9 (VS2017)

END.
